{"/home/marcus/UNI/Year 3/COS 301/Capstone/Feature-Improvments/3D-model-Binary-Vision/Application/server.js":{"path":"/home/marcus/UNI/Year 3/COS 301/Capstone/Feature-Improvments/3D-model-Binary-Vision/Application/server.js","statementMap":{"0":{"start":{"line":3,"column":14},"end":{"line":3,"column":32}},"1":{"start":{"line":4,"column":10},"end":{"line":4,"column":19}},"2":{"start":{"line":5,"column":10},"end":{"line":5,"column":34}},"3":{"start":{"line":6,"column":14},"end":{"line":6,"column":33}},"4":{"start":{"line":7,"column":17},"end":{"line":7,"column":39}},"5":{"start":{"line":8,"column":17},"end":{"line":8,"column":40}},"6":{"start":{"line":10,"column":20},"end":{"line":13,"column":1}},"7":{"start":{"line":19,"column":0},"end":{"line":19,"column":63}},"8":{"start":{"line":20,"column":0},"end":{"line":20,"column":39}},"9":{"start":{"line":22,"column":0},"end":{"line":22,"column":48}},"10":{"start":{"line":23,"column":0},"end":{"line":23,"column":27}},"11":{"start":{"line":25,"column":21},"end":{"line":25,"column":45}},"12":{"start":{"line":26,"column":0},"end":{"line":26,"column":24}},"13":{"start":{"line":28,"column":0},"end":{"line":35,"column":2}},"14":{"start":{"line":30,"column":2},"end":{"line":32,"column":3}},"15":{"start":{"line":31,"column":4},"end":{"line":31,"column":36}},"16":{"start":{"line":34,"column":2},"end":{"line":34,"column":9}},"17":{"start":{"line":37,"column":0},"end":{"line":37,"column":33}},"18":{"start":{"line":38,"column":0},"end":{"line":38,"column":37}},"19":{"start":{"line":39,"column":0},"end":{"line":39,"column":36}},"20":{"start":{"line":40,"column":13},"end":{"line":40,"column":48}},"21":{"start":{"line":41,"column":0},"end":{"line":41,"column":12}},"22":{"start":{"line":43,"column":0},"end":{"line":43,"column":17}},"23":{"start":{"line":45,"column":0},"end":{"line":45,"column":73}},"24":{"start":{"line":47,"column":0},"end":{"line":47,"column":21}}},"fnMap":{"0":{"name":"(anonymous_0)","decl":{"start":{"line":28,"column":8},"end":{"line":28,"column":9}},"loc":{"start":{"line":28,"column":28},"end":{"line":35,"column":1}},"line":28}},"branchMap":{"0":{"loc":{"start":{"line":5,"column":10},"end":{"line":5,"column":34}},"type":"binary-expr","locations":[{"start":{"line":5,"column":10},"end":{"line":5,"column":26}},{"start":{"line":5,"column":30},"end":{"line":5,"column":34}}],"line":5},"1":{"loc":{"start":{"line":30,"column":2},"end":{"line":32,"column":3}},"type":"if","locations":[{"start":{"line":30,"column":2},"end":{"line":32,"column":3}},{"start":{"line":30,"column":2},"end":{"line":32,"column":3}}],"line":30}},"s":{"0":1,"1":1,"2":1,"3":1,"4":1,"5":1,"6":1,"7":1,"8":1,"9":1,"10":1,"11":1,"12":1,"13":1,"14":104,"15":52,"16":104,"17":1,"18":1,"19":1,"20":1,"21":1,"22":1,"23":1,"24":1},"f":{"0":104},"b":{"0":[1,1],"1":[52,52]},"_coverageSchema":"1a1c01bbd47fc00a2c39e90264f33305004495a9","hash":"169c5eae947a280289b5a0632ed200b4668b30ad","contentHash":"30ac377c7e5fb9da5c795ebd7e13b9866ead9b5ee697dc0730f51c49f3fa67ad"},"/home/marcus/UNI/Year 3/COS 301/Capstone/Feature-Improvments/3D-model-Binary-Vision/Application/api/route/3DModelRoute.js":{"path":"/home/marcus/UNI/Year 3/COS 301/Capstone/Feature-Improvments/3D-model-Binary-Vision/Application/api/route/3DModelRoute.js","statementMap":{"0":{"start":{"line":8,"column":11},"end":{"line":8,"column":24}},"1":{"start":{"line":11,"column":12},"end":{"line":11,"column":54}},"2":{"start":{"line":12,"column":14},"end":{"line":12,"column":54}},"3":{"start":{"line":13,"column":19},"end":{"line":13,"column":66}},"4":{"start":{"line":14,"column":23},"end":{"line":14,"column":64}},"5":{"start":{"line":16,"column":0},"end":{"line":171,"column":1}},"6":{"start":{"line":21,"column":4},"end":{"line":26,"column":11}},"7":{"start":{"line":23,"column":25},"end":{"line":23,"column":78}},"8":{"start":{"line":24,"column":12},"end":{"line":24,"column":55}},"9":{"start":{"line":25,"column":12},"end":{"line":25,"column":27}},"10":{"start":{"line":28,"column":4},"end":{"line":29,"column":27}},"11":{"start":{"line":31,"column":4},"end":{"line":32,"column":28}},"12":{"start":{"line":34,"column":4},"end":{"line":34,"column":68}},"13":{"start":{"line":36,"column":4},"end":{"line":36,"column":56}},"14":{"start":{"line":38,"column":4},"end":{"line":38,"column":62}},"15":{"start":{"line":40,"column":4},"end":{"line":40,"column":56}},"16":{"start":{"line":42,"column":4},"end":{"line":43,"column":38}},"17":{"start":{"line":45,"column":4},"end":{"line":45,"column":68}},"18":{"start":{"line":47,"column":4},"end":{"line":47,"column":51}},"19":{"start":{"line":50,"column":4},"end":{"line":51,"column":32}},"20":{"start":{"line":53,"column":4},"end":{"line":54,"column":38}},"21":{"start":{"line":56,"column":4},"end":{"line":58,"column":44}},"22":{"start":{"line":60,"column":4},"end":{"line":61,"column":35}},"23":{"start":{"line":63,"column":4},"end":{"line":69,"column":28}},"24":{"start":{"line":65,"column":25},"end":{"line":65,"column":77}},"25":{"start":{"line":66,"column":12},"end":{"line":66,"column":55}},"26":{"start":{"line":67,"column":12},"end":{"line":67,"column":27}},"27":{"start":{"line":71,"column":4},"end":{"line":73,"column":40}},"28":{"start":{"line":75,"column":4},"end":{"line":77,"column":46}},"29":{"start":{"line":79,"column":4},"end":{"line":80,"column":28}},"30":{"start":{"line":82,"column":4},"end":{"line":88,"column":11}},"31":{"start":{"line":85,"column":25},"end":{"line":85,"column":82}},"32":{"start":{"line":86,"column":12},"end":{"line":86,"column":55}},"33":{"start":{"line":87,"column":12},"end":{"line":87,"column":27}},"34":{"start":{"line":91,"column":4},"end":{"line":92,"column":48}},"35":{"start":{"line":94,"column":4},"end":{"line":95,"column":37}},"36":{"start":{"line":97,"column":4},"end":{"line":98,"column":38}},"37":{"start":{"line":100,"column":4},"end":{"line":101,"column":40}},"38":{"start":{"line":103,"column":4},"end":{"line":104,"column":35}},"39":{"start":{"line":106,"column":4},"end":{"line":107,"column":35}},"40":{"start":{"line":109,"column":4},"end":{"line":110,"column":40}},"41":{"start":{"line":112,"column":4},"end":{"line":113,"column":47}},"42":{"start":{"line":115,"column":4},"end":{"line":116,"column":50}},"43":{"start":{"line":118,"column":4},"end":{"line":119,"column":39}},"44":{"start":{"line":121,"column":4},"end":{"line":122,"column":39}},"45":{"start":{"line":124,"column":4},"end":{"line":125,"column":35}},"46":{"start":{"line":127,"column":4},"end":{"line":128,"column":35}},"47":{"start":{"line":130,"column":4},"end":{"line":131,"column":38}},"48":{"start":{"line":133,"column":4},"end":{"line":134,"column":37}},"49":{"start":{"line":136,"column":4},"end":{"line":137,"column":34}},"50":{"start":{"line":139,"column":4},"end":{"line":140,"column":46}},"51":{"start":{"line":142,"column":4},"end":{"line":143,"column":48}},"52":{"start":{"line":145,"column":4},"end":{"line":146,"column":31}},"53":{"start":{"line":148,"column":4},"end":{"line":149,"column":31}},"54":{"start":{"line":151,"column":4},"end":{"line":152,"column":46}},"55":{"start":{"line":154,"column":4},"end":{"line":155,"column":38}},"56":{"start":{"line":157,"column":4},"end":{"line":158,"column":45}},"57":{"start":{"line":160,"column":4},"end":{"line":161,"column":37}},"58":{"start":{"line":163,"column":4},"end":{"line":164,"column":37}},"59":{"start":{"line":166,"column":4},"end":{"line":167,"column":37}},"60":{"start":{"line":169,"column":4},"end":{"line":170,"column":42}}},"fnMap":{"0":{"name":"(anonymous_0)","decl":{"start":{"line":16,"column":17},"end":{"line":16,"column":18}},"loc":{"start":{"line":17,"column":0},"end":{"line":171,"column":1}},"line":17},"1":{"name":"(anonymous_1)","decl":{"start":{"line":22,"column":13},"end":{"line":22,"column":14}},"loc":{"start":{"line":22,"column":28},"end":{"line":26,"column":9}},"line":22},"2":{"name":"(anonymous_2)","decl":{"start":{"line":64,"column":13},"end":{"line":64,"column":14}},"loc":{"start":{"line":64,"column":28},"end":{"line":68,"column":9}},"line":64},"3":{"name":"(anonymous_3)","decl":{"start":{"line":84,"column":13},"end":{"line":84,"column":14}},"loc":{"start":{"line":84,"column":28},"end":{"line":88,"column":9}},"line":84}},"branchMap":{},"s":{"0":1,"1":1,"2":1,"3":1,"4":1,"5":1,"6":1,"7":0,"8":0,"9":0,"10":1,"11":1,"12":1,"13":1,"14":1,"15":1,"16":1,"17":1,"18":1,"19":1,"20":1,"21":1,"22":1,"23":1,"24":0,"25":0,"26":0,"27":1,"28":1,"29":1,"30":1,"31":0,"32":0,"33":0,"34":1,"35":1,"36":1,"37":1,"38":1,"39":1,"40":1,"41":1,"42":1,"43":1,"44":1,"45":1,"46":1,"47":1,"48":1,"49":1,"50":1,"51":1,"52":1,"53":1,"54":1,"55":1,"56":1,"57":1,"58":1,"59":1,"60":1},"f":{"0":1,"1":0,"2":0,"3":0},"b":{},"_coverageSchema":"1a1c01bbd47fc00a2c39e90264f33305004495a9","hash":"ed7d76aeb4191f1b7c9b2ab4dddd6aba63f3c783","contentHash":"db2d2ea0687e5fe8fd38ca07e99ecbe9ed9ea77d49a6b728c5aebdce03f81150"},"/home/marcus/UNI/Year 3/COS 301/Capstone/Feature-Improvments/3D-model-Binary-Vision/Application/api/controller/3DModelController.js":{"path":"/home/marcus/UNI/Year 3/COS 301/Capstone/Feature-Improvments/3D-model-Binary-Vision/Application/api/controller/3DModelController.js","statementMap":{"0":{"start":{"line":11,"column":9},"end":{"line":11,"column":22}},"1":{"start":{"line":12,"column":15},"end":{"line":12,"column":32}},"2":{"start":{"line":13,"column":24},"end":{"line":13,"column":50}},"3":{"start":{"line":14,"column":17},"end":{"line":14,"column":38}},"4":{"start":{"line":15,"column":15},"end":{"line":15,"column":34}},"5":{"start":{"line":16,"column":13},"end":{"line":16,"column":30}},"6":{"start":{"line":18,"column":13},"end":{"line":18,"column":55}},"7":{"start":{"line":19,"column":14},"end":{"line":19,"column":57}},"8":{"start":{"line":20,"column":19},"end":{"line":20,"column":67}},"9":{"start":{"line":21,"column":19},"end":{"line":21,"column":67}},"10":{"start":{"line":22,"column":14},"end":{"line":22,"column":57}},"11":{"start":{"line":23,"column":22},"end":{"line":23,"column":73}},"12":{"start":{"line":24,"column":15},"end":{"line":24,"column":59}},"13":{"start":{"line":27,"column":17},"end":{"line":27,"column":38}},"14":{"start":{"line":29,"column":20},"end":{"line":36,"column":3}},"15":{"start":{"line":48,"column":17},"end":{"line":48,"column":23}},"16":{"start":{"line":49,"column":18},"end":{"line":49,"column":23}},"17":{"start":{"line":51,"column":0},"end":{"line":1512,"column":2}},"18":{"start":{"line":57,"column":37},"end":{"line":57,"column":45}},"19":{"start":{"line":59,"column":8},"end":{"line":59,"column":47}},"20":{"start":{"line":61,"column":8},"end":{"line":86,"column":11}},"21":{"start":{"line":63,"column":12},"end":{"line":67,"column":13}},"22":{"start":{"line":65,"column":16},"end":{"line":65,"column":37}},"23":{"start":{"line":66,"column":16},"end":{"line":66,"column":23}},"24":{"start":{"line":68,"column":12},"end":{"line":84,"column":13}},"25":{"start":{"line":71,"column":16},"end":{"line":83,"column":18}},"26":{"start":{"line":72,"column":20},"end":{"line":82,"column":21}},"27":{"start":{"line":74,"column":24},"end":{"line":74,"column":89}},"28":{"start":{"line":75,"column":24},"end":{"line":75,"column":61}},"29":{"start":{"line":76,"column":24},"end":{"line":76,"column":79}},"30":{"start":{"line":77,"column":24},"end":{"line":77,"column":31}},"31":{"start":{"line":80,"column":24},"end":{"line":80,"column":39}},"32":{"start":{"line":81,"column":24},"end":{"line":81,"column":31}},"33":{"start":{"line":88,"column":8},"end":{"line":113,"column":11}},"34":{"start":{"line":90,"column":12},"end":{"line":94,"column":13}},"35":{"start":{"line":92,"column":14},"end":{"line":92,"column":28}},"36":{"start":{"line":93,"column":14},"end":{"line":93,"column":21}},"37":{"start":{"line":96,"column":12},"end":{"line":112,"column":13}},"38":{"start":{"line":98,"column":16},"end":{"line":110,"column":18}},"39":{"start":{"line":99,"column":19},"end":{"line":108,"column":20}},"40":{"start":{"line":100,"column":24},"end":{"line":100,"column":95}},"41":{"start":{"line":101,"column":24},"end":{"line":101,"column":54}},"42":{"start":{"line":102,"column":24},"end":{"line":102,"column":85}},"43":{"start":{"line":103,"column":24},"end":{"line":103,"column":31}},"44":{"start":{"line":106,"column":23},"end":{"line":106,"column":39}},"45":{"start":{"line":107,"column":23},"end":{"line":107,"column":30}},"46":{"start":{"line":114,"column":8},"end":{"line":114,"column":24}},"47":{"start":{"line":115,"column":8},"end":{"line":115,"column":15}},"48":{"start":{"line":124,"column":8},"end":{"line":134,"column":11}},"49":{"start":{"line":126,"column":12},"end":{"line":129,"column":13}},"50":{"start":{"line":130,"column":12},"end":{"line":133,"column":13}},"51":{"start":{"line":132,"column":16},"end":{"line":132,"column":77}},"52":{"start":{"line":135,"column":8},"end":{"line":145,"column":11}},"53":{"start":{"line":137,"column":12},"end":{"line":140,"column":13}},"54":{"start":{"line":141,"column":12},"end":{"line":144,"column":13}},"55":{"start":{"line":143,"column":16},"end":{"line":143,"column":71}},"56":{"start":{"line":146,"column":8},"end":{"line":146,"column":59}},"57":{"start":{"line":147,"column":8},"end":{"line":147,"column":64}},"58":{"start":{"line":148,"column":8},"end":{"line":148,"column":49}},"59":{"start":{"line":149,"column":8},"end":{"line":149,"column":37}},"60":{"start":{"line":158,"column":60},"end":{"line":158,"column":68}},"61":{"start":{"line":160,"column":8},"end":{"line":205,"column":11}},"62":{"start":{"line":162,"column":12},"end":{"line":204,"column":13}},"63":{"start":{"line":165,"column":16},"end":{"line":165,"column":64}},"64":{"start":{"line":166,"column":16},"end":{"line":166,"column":23}},"65":{"start":{"line":170,"column":34},"end":{"line":170,"column":89}},"66":{"start":{"line":171,"column":16},"end":{"line":203,"column":19}},"67":{"start":{"line":174,"column":20},"end":{"line":202,"column":21}},"68":{"start":{"line":176,"column":24},"end":{"line":176,"column":38}},"69":{"start":{"line":177,"column":24},"end":{"line":177,"column":31}},"70":{"start":{"line":182,"column":36},"end":{"line":182,"column":46}},"71":{"start":{"line":183,"column":35},"end":{"line":183,"column":105}},"72":{"start":{"line":184,"column":36},"end":{"line":184,"column":52}},"73":{"start":{"line":185,"column":38},"end":{"line":185,"column":56}},"74":{"start":{"line":186,"column":38},"end":{"line":186,"column":56}},"75":{"start":{"line":187,"column":35},"end":{"line":187,"column":72}},"76":{"start":{"line":188,"column":35},"end":{"line":188,"column":98}},"77":{"start":{"line":189,"column":36},"end":{"line":189,"column":69}},"78":{"start":{"line":190,"column":24},"end":{"line":199,"column":27}},"79":{"start":{"line":191,"column":28},"end":{"line":198,"column":29}},"80":{"start":{"line":193,"column":32},"end":{"line":193,"column":49}},"81":{"start":{"line":200,"column":24},"end":{"line":200,"column":53}},"82":{"start":{"line":201,"column":24},"end":{"line":201,"column":31}},"83":{"start":{"line":214,"column":92},"end":{"line":214,"column":100}},"84":{"start":{"line":217,"column":8},"end":{"line":324,"column":11}},"85":{"start":{"line":219,"column":12},"end":{"line":223,"column":13}},"86":{"start":{"line":221,"column":16},"end":{"line":221,"column":32}},"87":{"start":{"line":222,"column":16},"end":{"line":222,"column":23}},"88":{"start":{"line":224,"column":12},"end":{"line":323,"column":13}},"89":{"start":{"line":226,"column":16},"end":{"line":316,"column":17}},"90":{"start":{"line":229,"column":20},"end":{"line":229,"column":59}},"91":{"start":{"line":230,"column":20},"end":{"line":308,"column":23}},"92":{"start":{"line":231,"column":24},"end":{"line":231,"column":45}},"93":{"start":{"line":234,"column":35},"end":{"line":234,"column":40}},"94":{"start":{"line":235,"column":24},"end":{"line":242,"column":27}},"95":{"start":{"line":236,"column":28},"end":{"line":241,"column":29}},"96":{"start":{"line":238,"column":32},"end":{"line":238,"column":44}},"97":{"start":{"line":239,"column":32},"end":{"line":239,"column":48}},"98":{"start":{"line":240,"column":32},"end":{"line":240,"column":39}},"99":{"start":{"line":243,"column":24},"end":{"line":250,"column":27}},"100":{"start":{"line":244,"column":28},"end":{"line":249,"column":29}},"101":{"start":{"line":246,"column":32},"end":{"line":246,"column":44}},"102":{"start":{"line":247,"column":32},"end":{"line":247,"column":48}},"103":{"start":{"line":248,"column":32},"end":{"line":248,"column":39}},"104":{"start":{"line":251,"column":24},"end":{"line":258,"column":27}},"105":{"start":{"line":252,"column":28},"end":{"line":257,"column":29}},"106":{"start":{"line":254,"column":32},"end":{"line":254,"column":44}},"107":{"start":{"line":255,"column":32},"end":{"line":255,"column":48}},"108":{"start":{"line":256,"column":32},"end":{"line":256,"column":39}},"109":{"start":{"line":259,"column":24},"end":{"line":266,"column":27}},"110":{"start":{"line":260,"column":28},"end":{"line":265,"column":29}},"111":{"start":{"line":262,"column":32},"end":{"line":262,"column":44}},"112":{"start":{"line":263,"column":32},"end":{"line":263,"column":48}},"113":{"start":{"line":264,"column":32},"end":{"line":264,"column":39}},"114":{"start":{"line":267,"column":24},"end":{"line":307,"column":25}},"115":{"start":{"line":270,"column":43},"end":{"line":270,"column":105}},"116":{"start":{"line":271,"column":28},"end":{"line":286,"column":31}},"117":{"start":{"line":273,"column":32},"end":{"line":285,"column":33}},"118":{"start":{"line":275,"column":36},"end":{"line":275,"column":52}},"119":{"start":{"line":276,"column":36},"end":{"line":276,"column":50}},"120":{"start":{"line":277,"column":36},"end":{"line":277,"column":43}},"121":{"start":{"line":282,"column":36},"end":{"line":282,"column":83}},"122":{"start":{"line":283,"column":36},"end":{"line":283,"column":64}},"123":{"start":{"line":284,"column":36},"end":{"line":284,"column":43}},"124":{"start":{"line":288,"column":29},"end":{"line":307,"column":25}},"125":{"start":{"line":290,"column":49},"end":{"line":290,"column":123}},"126":{"start":{"line":291,"column":28},"end":{"line":306,"column":31}},"127":{"start":{"line":293,"column":32},"end":{"line":305,"column":33}},"128":{"start":{"line":295,"column":36},"end":{"line":295,"column":52}},"129":{"start":{"line":296,"column":36},"end":{"line":296,"column":50}},"130":{"start":{"line":297,"column":36},"end":{"line":297,"column":43}},"131":{"start":{"line":302,"column":36},"end":{"line":302,"column":89}},"132":{"start":{"line":303,"column":36},"end":{"line":303,"column":64}},"133":{"start":{"line":304,"column":36},"end":{"line":304,"column":43}},"134":{"start":{"line":314,"column":20},"end":{"line":314,"column":40}},"135":{"start":{"line":315,"column":20},"end":{"line":315,"column":27}},"136":{"start":{"line":320,"column":16},"end":{"line":320,"column":36}},"137":{"start":{"line":321,"column":16},"end":{"line":321,"column":23}},"138":{"start":{"line":326,"column":8},"end":{"line":326,"column":15}},"139":{"start":{"line":334,"column":23},"end":{"line":334,"column":40}},"140":{"start":{"line":335,"column":8},"end":{"line":342,"column":11}},"141":{"start":{"line":336,"column":12},"end":{"line":341,"column":13}},"142":{"start":{"line":339,"column":16},"end":{"line":339,"column":45}},"143":{"start":{"line":340,"column":16},"end":{"line":340,"column":23}},"144":{"start":{"line":344,"column":8},"end":{"line":350,"column":10}},"145":{"start":{"line":345,"column":12},"end":{"line":349,"column":13}},"146":{"start":{"line":347,"column":16},"end":{"line":347,"column":51}},"147":{"start":{"line":348,"column":16},"end":{"line":348,"column":23}},"148":{"start":{"line":359,"column":20},"end":{"line":359,"column":34}},"149":{"start":{"line":361,"column":8},"end":{"line":368,"column":11}},"150":{"start":{"line":362,"column":12},"end":{"line":367,"column":13}},"151":{"start":{"line":365,"column":16},"end":{"line":365,"column":45}},"152":{"start":{"line":366,"column":16},"end":{"line":366,"column":23}},"153":{"start":{"line":370,"column":8},"end":{"line":376,"column":11}},"154":{"start":{"line":371,"column":12},"end":{"line":375,"column":13}},"155":{"start":{"line":373,"column":16},"end":{"line":373,"column":51}},"156":{"start":{"line":374,"column":16},"end":{"line":374,"column":23}},"157":{"start":{"line":385,"column":8},"end":{"line":388,"column":9}},"158":{"start":{"line":387,"column":12},"end":{"line":387,"column":39}},"159":{"start":{"line":389,"column":8},"end":{"line":390,"column":41}},"160":{"start":{"line":391,"column":8},"end":{"line":391,"column":15}},"161":{"start":{"line":399,"column":81},"end":{"line":399,"column":89}},"162":{"start":{"line":400,"column":8},"end":{"line":467,"column":11}},"163":{"start":{"line":402,"column":12},"end":{"line":466,"column":13}},"164":{"start":{"line":404,"column":16},"end":{"line":404,"column":97}},"165":{"start":{"line":405,"column":16},"end":{"line":405,"column":23}},"166":{"start":{"line":409,"column":16},"end":{"line":465,"column":17}},"167":{"start":{"line":412,"column":38},"end":{"line":412,"column":115}},"168":{"start":{"line":414,"column":20},"end":{"line":426,"column":23}},"169":{"start":{"line":416,"column":24},"end":{"line":425,"column":25}},"170":{"start":{"line":418,"column":28},"end":{"line":418,"column":54}},"171":{"start":{"line":419,"column":28},"end":{"line":419,"column":35}},"172":{"start":{"line":423,"column":28},"end":{"line":423,"column":44}},"173":{"start":{"line":424,"column":28},"end":{"line":424,"column":57}},"174":{"start":{"line":428,"column":20},"end":{"line":428,"column":84}},"175":{"start":{"line":429,"column":20},"end":{"line":429,"column":27}},"176":{"start":{"line":434,"column":84},"end":{"line":434,"column":92}},"177":{"start":{"line":436,"column":20},"end":{"line":463,"column":23}},"178":{"start":{"line":438,"column":24},"end":{"line":441,"column":25}},"179":{"start":{"line":442,"column":24},"end":{"line":462,"column":25}},"180":{"start":{"line":444,"column":46},"end":{"line":444,"column":114}},"181":{"start":{"line":446,"column":28},"end":{"line":446,"column":66}},"182":{"start":{"line":448,"column":28},"end":{"line":460,"column":31}},"183":{"start":{"line":450,"column":32},"end":{"line":459,"column":33}},"184":{"start":{"line":452,"column":36},"end":{"line":452,"column":62}},"185":{"start":{"line":453,"column":36},"end":{"line":453,"column":43}},"186":{"start":{"line":457,"column":36},"end":{"line":457,"column":52}},"187":{"start":{"line":458,"column":36},"end":{"line":458,"column":65}},"188":{"start":{"line":461,"column":28},"end":{"line":461,"column":114}},"189":{"start":{"line":464,"column":20},"end":{"line":464,"column":27}},"190":{"start":{"line":475,"column":8},"end":{"line":484,"column":11}},"191":{"start":{"line":477,"column":12},"end":{"line":481,"column":13}},"192":{"start":{"line":479,"column":16},"end":{"line":479,"column":42}},"193":{"start":{"line":480,"column":16},"end":{"line":480,"column":23}},"194":{"start":{"line":482,"column":12},"end":{"line":482,"column":42}},"195":{"start":{"line":483,"column":12},"end":{"line":483,"column":19}},"196":{"start":{"line":492,"column":8},"end":{"line":496,"column":9}},"197":{"start":{"line":494,"column":12},"end":{"line":494,"column":49}},"198":{"start":{"line":495,"column":12},"end":{"line":495,"column":19}},"199":{"start":{"line":497,"column":8},"end":{"line":509,"column":11}},"200":{"start":{"line":499,"column":12},"end":{"line":508,"column":13}},"201":{"start":{"line":501,"column":16},"end":{"line":501,"column":66}},"202":{"start":{"line":502,"column":16},"end":{"line":502,"column":23}},"203":{"start":{"line":506,"column":16},"end":{"line":506,"column":47}},"204":{"start":{"line":507,"column":16},"end":{"line":507,"column":23}},"205":{"start":{"line":519,"column":8},"end":{"line":523,"column":9}},"206":{"start":{"line":521,"column":12},"end":{"line":521,"column":49}},"207":{"start":{"line":522,"column":12},"end":{"line":522,"column":19}},"208":{"start":{"line":525,"column":8},"end":{"line":527,"column":58}},"209":{"start":{"line":528,"column":8},"end":{"line":528,"column":15}},"210":{"start":{"line":536,"column":8},"end":{"line":540,"column":9}},"211":{"start":{"line":538,"column":12},"end":{"line":538,"column":49}},"212":{"start":{"line":539,"column":12},"end":{"line":539,"column":19}},"213":{"start":{"line":542,"column":8},"end":{"line":565,"column":11}},"214":{"start":{"line":544,"column":12},"end":{"line":549,"column":13}},"215":{"start":{"line":546,"column":16},"end":{"line":547,"column":50}},"216":{"start":{"line":548,"column":16},"end":{"line":548,"column":23}},"217":{"start":{"line":551,"column":27},"end":{"line":551,"column":43}},"218":{"start":{"line":552,"column":12},"end":{"line":557,"column":13}},"219":{"start":{"line":554,"column":16},"end":{"line":555,"column":48}},"220":{"start":{"line":556,"column":16},"end":{"line":556,"column":23}},"221":{"start":{"line":561,"column":31},"end":{"line":561,"column":87}},"222":{"start":{"line":563,"column":12},"end":{"line":563,"column":41}},"223":{"start":{"line":573,"column":8},"end":{"line":578,"column":9}},"224":{"start":{"line":575,"column":10},"end":{"line":576,"column":34}},"225":{"start":{"line":577,"column":10},"end":{"line":577,"column":17}},"226":{"start":{"line":580,"column":8},"end":{"line":591,"column":11}},"227":{"start":{"line":582,"column":12},"end":{"line":590,"column":13}},"228":{"start":{"line":584,"column":16},"end":{"line":585,"column":31}},"229":{"start":{"line":589,"column":16},"end":{"line":589,"column":72}},"230":{"start":{"line":596,"column":8},"end":{"line":599,"column":9}},"231":{"start":{"line":598,"column":12},"end":{"line":598,"column":39}},"232":{"start":{"line":601,"column":8},"end":{"line":611,"column":10}},"233":{"start":{"line":602,"column":12},"end":{"line":610,"column":13}},"234":{"start":{"line":604,"column":16},"end":{"line":604,"column":78}},"235":{"start":{"line":605,"column":16},"end":{"line":605,"column":23}},"236":{"start":{"line":608,"column":16},"end":{"line":608,"column":32}},"237":{"start":{"line":609,"column":16},"end":{"line":609,"column":23}},"238":{"start":{"line":620,"column":22},"end":{"line":620,"column":35}},"239":{"start":{"line":621,"column":21},"end":{"line":621,"column":33}},"240":{"start":{"line":623,"column":8},"end":{"line":671,"column":11}},"241":{"start":{"line":625,"column":12},"end":{"line":628,"column":13}},"242":{"start":{"line":627,"column":16},"end":{"line":627,"column":37}},"243":{"start":{"line":630,"column":26},"end":{"line":630,"column":37}},"244":{"start":{"line":632,"column":31},"end":{"line":632,"column":62}},"245":{"start":{"line":634,"column":28},"end":{"line":637,"column":13}},"246":{"start":{"line":639,"column":12},"end":{"line":670,"column":15}},"247":{"start":{"line":640,"column":14},"end":{"line":669,"column":15}},"248":{"start":{"line":642,"column":18},"end":{"line":642,"column":32}},"249":{"start":{"line":646,"column":18},"end":{"line":668,"column":21}},"250":{"start":{"line":650,"column":43},"end":{"line":656,"column":24}},"251":{"start":{"line":658,"column":22},"end":{"line":667,"column":25}},"252":{"start":{"line":660,"column":26},"end":{"line":663,"column":27}},"253":{"start":{"line":662,"column":28},"end":{"line":662,"column":42}},"254":{"start":{"line":664,"column":26},"end":{"line":665,"column":45}},"255":{"start":{"line":666,"column":26},"end":{"line":666,"column":33}},"256":{"start":{"line":679,"column":22},"end":{"line":679,"column":35}},"257":{"start":{"line":680,"column":21},"end":{"line":680,"column":33}},"258":{"start":{"line":681,"column":8},"end":{"line":725,"column":11}},"259":{"start":{"line":683,"column":12},"end":{"line":686,"column":13}},"260":{"start":{"line":685,"column":16},"end":{"line":685,"column":37}},"261":{"start":{"line":688,"column":28},"end":{"line":688,"column":41}},"262":{"start":{"line":690,"column":31},"end":{"line":690,"column":64}},"263":{"start":{"line":692,"column":28},"end":{"line":695,"column":13}},"264":{"start":{"line":697,"column":12},"end":{"line":724,"column":15}},"265":{"start":{"line":699,"column":16},"end":{"line":703,"column":17}},"266":{"start":{"line":701,"column":20},"end":{"line":701,"column":34}},"267":{"start":{"line":702,"column":20},"end":{"line":702,"column":27}},"268":{"start":{"line":704,"column":16},"end":{"line":723,"column":19}},"269":{"start":{"line":706,"column":20},"end":{"line":710,"column":21}},"270":{"start":{"line":708,"column":24},"end":{"line":708,"column":71}},"271":{"start":{"line":709,"column":24},"end":{"line":709,"column":31}},"272":{"start":{"line":711,"column":41},"end":{"line":716,"column":22}},"273":{"start":{"line":718,"column":20},"end":{"line":722,"column":23}},"274":{"start":{"line":720,"column":24},"end":{"line":721,"column":54}},"275":{"start":{"line":731,"column":8},"end":{"line":757,"column":9}},"276":{"start":{"line":732,"column":12},"end":{"line":732,"column":49}},"277":{"start":{"line":733,"column":12},"end":{"line":733,"column":19}},"278":{"start":{"line":737,"column":31},"end":{"line":737,"column":44}},"279":{"start":{"line":739,"column":12},"end":{"line":755,"column":14}},"280":{"start":{"line":740,"column":16},"end":{"line":753,"column":17}},"281":{"start":{"line":743,"column":21},"end":{"line":753,"column":17}},"282":{"start":{"line":744,"column":37},"end":{"line":744,"column":50}},"283":{"start":{"line":745,"column":39},"end":{"line":745,"column":72}},"284":{"start":{"line":747,"column":20},"end":{"line":747,"column":49}},"285":{"start":{"line":748,"column":20},"end":{"line":748,"column":40}},"286":{"start":{"line":749,"column":20},"end":{"line":749,"column":27}},"287":{"start":{"line":752,"column":20},"end":{"line":752,"column":47}},"288":{"start":{"line":765,"column":6},"end":{"line":770,"column":7}},"289":{"start":{"line":767,"column":10},"end":{"line":768,"column":34}},"290":{"start":{"line":769,"column":10},"end":{"line":769,"column":17}},"291":{"start":{"line":771,"column":6},"end":{"line":784,"column":9}},"292":{"start":{"line":773,"column":10},"end":{"line":783,"column":11}},"293":{"start":{"line":775,"column":14},"end":{"line":775,"column":62}},"294":{"start":{"line":776,"column":14},"end":{"line":776,"column":21}},"295":{"start":{"line":780,"column":14},"end":{"line":781,"column":30}},"296":{"start":{"line":782,"column":14},"end":{"line":782,"column":21}},"297":{"start":{"line":792,"column":8},"end":{"line":797,"column":9}},"298":{"start":{"line":794,"column":12},"end":{"line":795,"column":36}},"299":{"start":{"line":796,"column":12},"end":{"line":796,"column":19}},"300":{"start":{"line":799,"column":8},"end":{"line":813,"column":11}},"301":{"start":{"line":801,"column":12},"end":{"line":812,"column":13}},"302":{"start":{"line":803,"column":16},"end":{"line":804,"column":53}},"303":{"start":{"line":805,"column":16},"end":{"line":805,"column":23}},"304":{"start":{"line":809,"column":16},"end":{"line":810,"column":34}},"305":{"start":{"line":811,"column":16},"end":{"line":811,"column":23}},"306":{"start":{"line":821,"column":8},"end":{"line":825,"column":9}},"307":{"start":{"line":823,"column":12},"end":{"line":823,"column":49}},"308":{"start":{"line":824,"column":12},"end":{"line":824,"column":19}},"309":{"start":{"line":827,"column":44},"end":{"line":827,"column":52}},"310":{"start":{"line":829,"column":8},"end":{"line":928,"column":11}},"311":{"start":{"line":831,"column":12},"end":{"line":834,"column":13}},"312":{"start":{"line":835,"column":12},"end":{"line":927,"column":13}},"313":{"start":{"line":837,"column":16},"end":{"line":926,"column":17}},"314":{"start":{"line":839,"column":20},"end":{"line":855,"column":23}},"315":{"start":{"line":841,"column":24},"end":{"line":844,"column":25}},"316":{"start":{"line":842,"column":28},"end":{"line":842,"column":44}},"317":{"start":{"line":843,"column":28},"end":{"line":843,"column":35}},"318":{"start":{"line":845,"column":24},"end":{"line":854,"column":25}},"319":{"start":{"line":847,"column":28},"end":{"line":847,"column":58}},"320":{"start":{"line":848,"column":28},"end":{"line":848,"column":35}},"321":{"start":{"line":852,"column":28},"end":{"line":852,"column":69}},"322":{"start":{"line":853,"column":28},"end":{"line":853,"column":35}},"323":{"start":{"line":857,"column":21},"end":{"line":926,"column":17}},"324":{"start":{"line":859,"column":20},"end":{"line":878,"column":23}},"325":{"start":{"line":861,"column":24},"end":{"line":865,"column":25}},"326":{"start":{"line":863,"column":28},"end":{"line":863,"column":44}},"327":{"start":{"line":864,"column":28},"end":{"line":864,"column":35}},"328":{"start":{"line":866,"column":24},"end":{"line":876,"column":25}},"329":{"start":{"line":868,"column":28},"end":{"line":869,"column":43}},"330":{"start":{"line":870,"column":28},"end":{"line":870,"column":35}},"331":{"start":{"line":874,"column":28},"end":{"line":874,"column":69}},"332":{"start":{"line":875,"column":28},"end":{"line":875,"column":35}},"333":{"start":{"line":880,"column":21},"end":{"line":926,"column":17}},"334":{"start":{"line":882,"column":20},"end":{"line":899,"column":23}},"335":{"start":{"line":884,"column":24},"end":{"line":888,"column":25}},"336":{"start":{"line":886,"column":28},"end":{"line":886,"column":44}},"337":{"start":{"line":887,"column":28},"end":{"line":887,"column":35}},"338":{"start":{"line":889,"column":24},"end":{"line":898,"column":25}},"339":{"start":{"line":891,"column":28},"end":{"line":891,"column":46}},"340":{"start":{"line":892,"column":28},"end":{"line":892,"column":35}},"341":{"start":{"line":896,"column":28},"end":{"line":896,"column":69}},"342":{"start":{"line":897,"column":28},"end":{"line":897,"column":35}},"343":{"start":{"line":901,"column":21},"end":{"line":926,"column":17}},"344":{"start":{"line":903,"column":20},"end":{"line":920,"column":23}},"345":{"start":{"line":905,"column":24},"end":{"line":909,"column":25}},"346":{"start":{"line":907,"column":28},"end":{"line":907,"column":44}},"347":{"start":{"line":908,"column":28},"end":{"line":908,"column":35}},"348":{"start":{"line":910,"column":24},"end":{"line":919,"column":25}},"349":{"start":{"line":912,"column":28},"end":{"line":912,"column":58}},"350":{"start":{"line":913,"column":28},"end":{"line":913,"column":35}},"351":{"start":{"line":917,"column":28},"end":{"line":917,"column":69}},"352":{"start":{"line":918,"column":28},"end":{"line":918,"column":35}},"353":{"start":{"line":924,"column":20},"end":{"line":924,"column":36}},"354":{"start":{"line":925,"column":20},"end":{"line":925,"column":27}},"355":{"start":{"line":936,"column":8},"end":{"line":940,"column":9}},"356":{"start":{"line":938,"column":12},"end":{"line":938,"column":49}},"357":{"start":{"line":939,"column":12},"end":{"line":939,"column":19}},"358":{"start":{"line":941,"column":19},"end":{"line":941,"column":29}},"359":{"start":{"line":942,"column":16},"end":{"line":942,"column":85}},"360":{"start":{"line":944,"column":8},"end":{"line":955,"column":11}},"361":{"start":{"line":946,"column":12},"end":{"line":950,"column":13}},"362":{"start":{"line":948,"column":16},"end":{"line":948,"column":66}},"363":{"start":{"line":949,"column":16},"end":{"line":949,"column":23}},"364":{"start":{"line":952,"column":12},"end":{"line":953,"column":27}},"365":{"start":{"line":954,"column":12},"end":{"line":954,"column":19}},"366":{"start":{"line":963,"column":8},"end":{"line":968,"column":9}},"367":{"start":{"line":965,"column":12},"end":{"line":966,"column":36}},"368":{"start":{"line":967,"column":12},"end":{"line":967,"column":19}},"369":{"start":{"line":970,"column":17},"end":{"line":970,"column":54}},"370":{"start":{"line":972,"column":8},"end":{"line":983,"column":11}},"371":{"start":{"line":974,"column":12},"end":{"line":979,"column":13}},"372":{"start":{"line":976,"column":16},"end":{"line":977,"column":50}},"373":{"start":{"line":978,"column":16},"end":{"line":978,"column":23}},"374":{"start":{"line":980,"column":12},"end":{"line":981,"column":53}},"375":{"start":{"line":982,"column":12},"end":{"line":982,"column":19}},"376":{"start":{"line":991,"column":6},"end":{"line":996,"column":7}},"377":{"start":{"line":993,"column":8},"end":{"line":994,"column":32}},"378":{"start":{"line":995,"column":8},"end":{"line":995,"column":15}},"379":{"start":{"line":998,"column":15},"end":{"line":998,"column":52}},"380":{"start":{"line":999,"column":19},"end":{"line":999,"column":34}},"381":{"start":{"line":1001,"column":6},"end":{"line":1018,"column":9}},"382":{"start":{"line":1003,"column":10},"end":{"line":1006,"column":11}},"383":{"start":{"line":1007,"column":10},"end":{"line":1017,"column":11}},"384":{"start":{"line":1009,"column":14},"end":{"line":1016,"column":15}},"385":{"start":{"line":1011,"column":16},"end":{"line":1011,"column":92}},"386":{"start":{"line":1013,"column":19},"end":{"line":1016,"column":15}},"387":{"start":{"line":1015,"column":16},"end":{"line":1015,"column":92}},"388":{"start":{"line":1020,"column":6},"end":{"line":1033,"column":9}},"389":{"start":{"line":1022,"column":10},"end":{"line":1025,"column":11}},"390":{"start":{"line":1026,"column":10},"end":{"line":1032,"column":11}},"391":{"start":{"line":1028,"column":14},"end":{"line":1031,"column":15}},"392":{"start":{"line":1030,"column":16},"end":{"line":1030,"column":92}},"393":{"start":{"line":1035,"column":6},"end":{"line":1046,"column":9}},"394":{"start":{"line":1037,"column":10},"end":{"line":1042,"column":11}},"395":{"start":{"line":1039,"column":12},"end":{"line":1040,"column":45}},"396":{"start":{"line":1041,"column":12},"end":{"line":1041,"column":19}},"397":{"start":{"line":1043,"column":10},"end":{"line":1044,"column":51}},"398":{"start":{"line":1045,"column":10},"end":{"line":1045,"column":17}},"399":{"start":{"line":1053,"column":8},"end":{"line":1057,"column":9}},"400":{"start":{"line":1055,"column":12},"end":{"line":1055,"column":49}},"401":{"start":{"line":1056,"column":12},"end":{"line":1056,"column":19}},"402":{"start":{"line":1059,"column":8},"end":{"line":1069,"column":11}},"403":{"start":{"line":1060,"column":12},"end":{"line":1064,"column":13}},"404":{"start":{"line":1062,"column":16},"end":{"line":1062,"column":32}},"405":{"start":{"line":1063,"column":16},"end":{"line":1063,"column":23}},"406":{"start":{"line":1066,"column":12},"end":{"line":1066,"column":42}},"407":{"start":{"line":1067,"column":12},"end":{"line":1067,"column":19}},"408":{"start":{"line":1078,"column":8},"end":{"line":1083,"column":9}},"409":{"start":{"line":1080,"column":10},"end":{"line":1081,"column":34}},"410":{"start":{"line":1082,"column":10},"end":{"line":1082,"column":17}},"411":{"start":{"line":1085,"column":8},"end":{"line":1096,"column":11}},"412":{"start":{"line":1087,"column":12},"end":{"line":1095,"column":13}},"413":{"start":{"line":1089,"column":16},"end":{"line":1090,"column":31}},"414":{"start":{"line":1094,"column":16},"end":{"line":1094,"column":72}},"415":{"start":{"line":1104,"column":40},"end":{"line":1104,"column":48}},"416":{"start":{"line":1106,"column":8},"end":{"line":1106,"column":28}},"417":{"start":{"line":1108,"column":8},"end":{"line":1108,"column":47}},"418":{"start":{"line":1109,"column":22},"end":{"line":1109,"column":27}},"419":{"start":{"line":1110,"column":8},"end":{"line":1162,"column":11}},"420":{"start":{"line":1111,"column":12},"end":{"line":1160,"column":13}},"421":{"start":{"line":1113,"column":16},"end":{"line":1154,"column":17}},"422":{"start":{"line":1115,"column":20},"end":{"line":1153,"column":22}},"423":{"start":{"line":1116,"column":24},"end":{"line":1152,"column":26}},"424":{"start":{"line":1117,"column":28},"end":{"line":1142,"column":29}},"425":{"start":{"line":1119,"column":32},"end":{"line":1138,"column":34}},"426":{"start":{"line":1120,"column":34},"end":{"line":1128,"column":35}},"427":{"start":{"line":1122,"column":38},"end":{"line":1122,"column":69}},"428":{"start":{"line":1123,"column":38},"end":{"line":1123,"column":45}},"429":{"start":{"line":1127,"column":38},"end":{"line":1127,"column":53}},"430":{"start":{"line":1130,"column":34},"end":{"line":1136,"column":35}},"431":{"start":{"line":1132,"column":38},"end":{"line":1135,"column":40}},"432":{"start":{"line":1133,"column":42},"end":{"line":1133,"column":69}},"433":{"start":{"line":1134,"column":42},"end":{"line":1134,"column":49}},"434":{"start":{"line":1141,"column":32},"end":{"line":1141,"column":47}},"435":{"start":{"line":1144,"column":28},"end":{"line":1151,"column":29}},"436":{"start":{"line":1147,"column":32},"end":{"line":1150,"column":34}},"437":{"start":{"line":1148,"column":36},"end":{"line":1148,"column":63}},"438":{"start":{"line":1149,"column":36},"end":{"line":1149,"column":43}},"439":{"start":{"line":1158,"column":16},"end":{"line":1158,"column":47}},"440":{"start":{"line":1159,"column":16},"end":{"line":1159,"column":23}},"441":{"start":{"line":1164,"column":8},"end":{"line":1164,"column":15}},"442":{"start":{"line":1172,"column":33},"end":{"line":1172,"column":41}},"443":{"start":{"line":1173,"column":8},"end":{"line":1227,"column":9}},"444":{"start":{"line":1176,"column":13},"end":{"line":1192,"column":15}},"445":{"start":{"line":1178,"column":13},"end":{"line":1191,"column":13}},"446":{"start":{"line":1181,"column":17},"end":{"line":1186,"column":19}},"447":{"start":{"line":1182,"column":20},"end":{"line":1185,"column":21}},"448":{"start":{"line":1184,"column":24},"end":{"line":1184,"column":115}},"449":{"start":{"line":1190,"column":16},"end":{"line":1190,"column":101}},"450":{"start":{"line":1196,"column":12},"end":{"line":1210,"column":15}},"451":{"start":{"line":1198,"column":16},"end":{"line":1209,"column":17}},"452":{"start":{"line":1200,"column":19},"end":{"line":1200,"column":108}},"453":{"start":{"line":1201,"column":19},"end":{"line":1207,"column":22}},"454":{"start":{"line":1203,"column":24},"end":{"line":1206,"column":25}},"455":{"start":{"line":1205,"column":28},"end":{"line":1205,"column":119}},"456":{"start":{"line":1208,"column":19},"end":{"line":1208,"column":26}},"457":{"start":{"line":1212,"column":12},"end":{"line":1226,"column":15}},"458":{"start":{"line":1214,"column":17},"end":{"line":1225,"column":18}},"459":{"start":{"line":1216,"column":20},"end":{"line":1216,"column":109}},"460":{"start":{"line":1217,"column":20},"end":{"line":1223,"column":23}},"461":{"start":{"line":1219,"column":25},"end":{"line":1222,"column":26}},"462":{"start":{"line":1221,"column":29},"end":{"line":1221,"column":120}},"463":{"start":{"line":1224,"column":20},"end":{"line":1224,"column":27}},"464":{"start":{"line":1228,"column":8},"end":{"line":1228,"column":35}},"465":{"start":{"line":1229,"column":8},"end":{"line":1229,"column":15}},"466":{"start":{"line":1237,"column":8},"end":{"line":1271,"column":9}},"467":{"start":{"line":1239,"column":12},"end":{"line":1239,"column":49}},"468":{"start":{"line":1240,"column":12},"end":{"line":1240,"column":19}},"469":{"start":{"line":1244,"column":12},"end":{"line":1269,"column":14}},"470":{"start":{"line":1245,"column":16},"end":{"line":1268,"column":17}},"471":{"start":{"line":1248,"column":21},"end":{"line":1268,"column":17}},"472":{"start":{"line":1249,"column":30},"end":{"line":1249,"column":107}},"473":{"start":{"line":1250,"column":20},"end":{"line":1250,"column":43}},"474":{"start":{"line":1251,"column":20},"end":{"line":1251,"column":51}},"475":{"start":{"line":1254,"column":20},"end":{"line":1267,"column":22}},"476":{"start":{"line":1255,"column":24},"end":{"line":1266,"column":25}},"477":{"start":{"line":1258,"column":29},"end":{"line":1266,"column":25}},"478":{"start":{"line":1259,"column":38},"end":{"line":1259,"column":114}},"479":{"start":{"line":1260,"column":28},"end":{"line":1260,"column":51}},"480":{"start":{"line":1261,"column":28},"end":{"line":1261,"column":59}},"481":{"start":{"line":1265,"column":28},"end":{"line":1265,"column":48}},"482":{"start":{"line":1280,"column":23},"end":{"line":1280,"column":40}},"483":{"start":{"line":1281,"column":19},"end":{"line":1281,"column":39}},"484":{"start":{"line":1282,"column":20},"end":{"line":1282,"column":53}},"485":{"start":{"line":1283,"column":8},"end":{"line":1295,"column":11}},"486":{"start":{"line":1285,"column":12},"end":{"line":1294,"column":13}},"487":{"start":{"line":1287,"column":16},"end":{"line":1287,"column":33}},"488":{"start":{"line":1288,"column":16},"end":{"line":1288,"column":42}},"489":{"start":{"line":1292,"column":16},"end":{"line":1292,"column":57}},"490":{"start":{"line":1293,"column":16},"end":{"line":1293,"column":66}},"491":{"start":{"line":1304,"column":8},"end":{"line":1308,"column":9}},"492":{"start":{"line":1306,"column":12},"end":{"line":1306,"column":49}},"493":{"start":{"line":1307,"column":12},"end":{"line":1307,"column":19}},"494":{"start":{"line":1310,"column":8},"end":{"line":1346,"column":11}},"495":{"start":{"line":1312,"column":24},"end":{"line":1312,"column":34}},"496":{"start":{"line":1313,"column":23},"end":{"line":1313,"column":93}},"497":{"start":{"line":1314,"column":33},"end":{"line":1321,"column":14}},"498":{"start":{"line":1323,"column":12},"end":{"line":1333,"column":15}},"499":{"start":{"line":1325,"column":16},"end":{"line":1328,"column":17}},"500":{"start":{"line":1329,"column":16},"end":{"line":1332,"column":17}},"501":{"start":{"line":1331,"column":20},"end":{"line":1331,"column":117}},"502":{"start":{"line":1335,"column":12},"end":{"line":1345,"column":15}},"503":{"start":{"line":1337,"column":16},"end":{"line":1341,"column":17}},"504":{"start":{"line":1339,"column":18},"end":{"line":1339,"column":54}},"505":{"start":{"line":1340,"column":18},"end":{"line":1340,"column":25}},"506":{"start":{"line":1342,"column":16},"end":{"line":1343,"column":35}},"507":{"start":{"line":1344,"column":16},"end":{"line":1344,"column":23}},"508":{"start":{"line":1355,"column":8},"end":{"line":1359,"column":9}},"509":{"start":{"line":1357,"column":12},"end":{"line":1357,"column":49}},"510":{"start":{"line":1358,"column":12},"end":{"line":1358,"column":19}},"511":{"start":{"line":1361,"column":8},"end":{"line":1376,"column":11}},"512":{"start":{"line":1363,"column":12},"end":{"line":1374,"column":13}},"513":{"start":{"line":1365,"column":16},"end":{"line":1366,"column":66}},"514":{"start":{"line":1367,"column":16},"end":{"line":1367,"column":23}},"515":{"start":{"line":1371,"column":16},"end":{"line":1372,"column":39}},"516":{"start":{"line":1373,"column":16},"end":{"line":1373,"column":23}},"517":{"start":{"line":1384,"column":8},"end":{"line":1399,"column":11}},"518":{"start":{"line":1386,"column":12},"end":{"line":1397,"column":13}},"519":{"start":{"line":1388,"column":16},"end":{"line":1389,"column":49}},"520":{"start":{"line":1390,"column":16},"end":{"line":1390,"column":23}},"521":{"start":{"line":1394,"column":16},"end":{"line":1395,"column":52}},"522":{"start":{"line":1396,"column":16},"end":{"line":1396,"column":23}},"523":{"start":{"line":1407,"column":8},"end":{"line":1421,"column":11}},"524":{"start":{"line":1409,"column":12},"end":{"line":1414,"column":13}},"525":{"start":{"line":1411,"column":16},"end":{"line":1412,"column":48}},"526":{"start":{"line":1413,"column":16},"end":{"line":1413,"column":23}},"527":{"start":{"line":1415,"column":12},"end":{"line":1420,"column":13}},"528":{"start":{"line":1417,"column":16},"end":{"line":1418,"column":47}},"529":{"start":{"line":1419,"column":16},"end":{"line":1419,"column":23}},"530":{"start":{"line":1423,"column":8},"end":{"line":1437,"column":11}},"531":{"start":{"line":1425,"column":12},"end":{"line":1430,"column":13}},"532":{"start":{"line":1427,"column":16},"end":{"line":1428,"column":48}},"533":{"start":{"line":1429,"column":16},"end":{"line":1429,"column":23}},"534":{"start":{"line":1431,"column":12},"end":{"line":1436,"column":13}},"535":{"start":{"line":1433,"column":16},"end":{"line":1434,"column":47}},"536":{"start":{"line":1435,"column":16},"end":{"line":1435,"column":23}},"537":{"start":{"line":1445,"column":8},"end":{"line":1459,"column":11}},"538":{"start":{"line":1447,"column":12},"end":{"line":1452,"column":13}},"539":{"start":{"line":1449,"column":14},"end":{"line":1450,"column":46}},"540":{"start":{"line":1451,"column":14},"end":{"line":1451,"column":21}},"541":{"start":{"line":1453,"column":12},"end":{"line":1458,"column":13}},"542":{"start":{"line":1455,"column":16},"end":{"line":1456,"column":42}},"543":{"start":{"line":1457,"column":14},"end":{"line":1457,"column":21}},"544":{"start":{"line":1461,"column":8},"end":{"line":1475,"column":11}},"545":{"start":{"line":1463,"column":12},"end":{"line":1468,"column":13}},"546":{"start":{"line":1465,"column":14},"end":{"line":1466,"column":52}},"547":{"start":{"line":1467,"column":14},"end":{"line":1467,"column":21}},"548":{"start":{"line":1469,"column":12},"end":{"line":1474,"column":13}},"549":{"start":{"line":1471,"column":16},"end":{"line":1472,"column":51}},"550":{"start":{"line":1473,"column":16},"end":{"line":1473,"column":23}},"551":{"start":{"line":1483,"column":8},"end":{"line":1488,"column":9}},"552":{"start":{"line":1485,"column":12},"end":{"line":1486,"column":72}},"553":{"start":{"line":1487,"column":12},"end":{"line":1487,"column":19}},"554":{"start":{"line":1490,"column":8},"end":{"line":1509,"column":11}},"555":{"start":{"line":1492,"column":12},"end":{"line":1497,"column":13}},"556":{"start":{"line":1494,"column":16},"end":{"line":1495,"column":60}},"557":{"start":{"line":1496,"column":16},"end":{"line":1496,"column":23}},"558":{"start":{"line":1498,"column":12},"end":{"line":1507,"column":15}},"559":{"start":{"line":1500,"column":16},"end":{"line":1504,"column":17}},"560":{"start":{"line":1502,"column":20},"end":{"line":1502,"column":34}},"561":{"start":{"line":1503,"column":20},"end":{"line":1503,"column":27}},"562":{"start":{"line":1505,"column":16},"end":{"line":1505,"column":196}},"563":{"start":{"line":1506,"column":16},"end":{"line":1506,"column":23}},"564":{"start":{"line":1519,"column":4},"end":{"line":1519,"column":70}},"565":{"start":{"line":1520,"column":21},"end":{"line":1525,"column":5}},"566":{"start":{"line":1528,"column":4},"end":{"line":1528,"column":204}},"567":{"start":{"line":1529,"column":4},"end":{"line":1529,"column":112}},"568":{"start":{"line":1530,"column":4},"end":{"line":1530,"column":359}},"569":{"start":{"line":1531,"column":4},"end":{"line":1531,"column":165}},"570":{"start":{"line":1532,"column":4},"end":{"line":1532,"column":175}},"571":{"start":{"line":1536,"column":4},"end":{"line":1536,"column":81}},"572":{"start":{"line":1537,"column":4},"end":{"line":1537,"column":78}},"573":{"start":{"line":1538,"column":4},"end":{"line":1538,"column":84}},"574":{"start":{"line":1539,"column":4},"end":{"line":1539,"column":74}},"575":{"start":{"line":1544,"column":14},"end":{"line":1544,"column":65}},"576":{"start":{"line":1546,"column":17},"end":{"line":1546,"column":53}},"577":{"start":{"line":1547,"column":17},"end":{"line":1547,"column":53}},"578":{"start":{"line":1549,"column":4},"end":{"line":1549,"column":72}},"579":{"start":{"line":1550,"column":4},"end":{"line":1550,"column":72}},"580":{"start":{"line":1553,"column":4},"end":{"line":1561,"column":7}},"581":{"start":{"line":1554,"column":8},"end":{"line":1560,"column":9}},"582":{"start":{"line":1556,"column":12},"end":{"line":1556,"column":31}},"583":{"start":{"line":1559,"column":12},"end":{"line":1559,"column":30}},"584":{"start":{"line":1566,"column":16},"end":{"line":1566,"column":26}},"585":{"start":{"line":1567,"column":15},"end":{"line":1567,"column":85}},"586":{"start":{"line":1568,"column":16},"end":{"line":1568,"column":32}},"587":{"start":{"line":1569,"column":18},"end":{"line":1569,"column":36}},"588":{"start":{"line":1570,"column":18},"end":{"line":1570,"column":36}},"589":{"start":{"line":1571,"column":15},"end":{"line":1571,"column":52}},"590":{"start":{"line":1572,"column":15},"end":{"line":1572,"column":56}},"591":{"start":{"line":1573,"column":16},"end":{"line":1573,"column":49}},"592":{"start":{"line":1574,"column":4},"end":{"line":1584,"column":7}},"593":{"start":{"line":1576,"column":8},"end":{"line":1583,"column":9}},"594":{"start":{"line":1578,"column":12},"end":{"line":1578,"column":29}}},"fnMap":{"0":{"name":"(anonymous_0)","decl":{"start":{"line":55,"column":11},"end":{"line":55,"column":12}},"loc":{"start":{"line":56,"column":4},"end":{"line":116,"column":5}},"line":56},"1":{"name":"(anonymous_1)","decl":{"start":{"line":61,"column":52},"end":{"line":61,"column":53}},"loc":{"start":{"line":62,"column":8},"end":{"line":86,"column":9}},"line":62},"2":{"name":"(anonymous_2)","decl":{"start":{"line":71,"column":59},"end":{"line":71,"column":60}},"loc":{"start":{"line":71,"column":82},"end":{"line":83,"column":17}},"line":71},"3":{"name":"(anonymous_3)","decl":{"start":{"line":88,"column":55},"end":{"line":88,"column":56}},"loc":{"start":{"line":88,"column":82},"end":{"line":113,"column":9}},"line":88},"4":{"name":"(anonymous_4)","decl":{"start":{"line":98,"column":65},"end":{"line":98,"column":66}},"loc":{"start":{"line":98,"column":89},"end":{"line":110,"column":17}},"line":98},"5":{"name":"(anonymous_5)","decl":{"start":{"line":122,"column":11},"end":{"line":122,"column":12}},"loc":{"start":{"line":123,"column":4},"end":{"line":150,"column":5}},"line":123},"6":{"name":"(anonymous_6)","decl":{"start":{"line":124,"column":67},"end":{"line":124,"column":68}},"loc":{"start":{"line":125,"column":8},"end":{"line":134,"column":9}},"line":125},"7":{"name":"(anonymous_7)","decl":{"start":{"line":135,"column":73},"end":{"line":135,"column":74}},"loc":{"start":{"line":136,"column":8},"end":{"line":145,"column":9}},"line":136},"8":{"name":"(anonymous_8)","decl":{"start":{"line":157,"column":26},"end":{"line":157,"column":27}},"loc":{"start":{"line":157,"column":44},"end":{"line":207,"column":5}},"line":157},"9":{"name":"(anonymous_9)","decl":{"start":{"line":160,"column":48},"end":{"line":160,"column":49}},"loc":{"start":{"line":160,"column":67},"end":{"line":205,"column":9}},"line":160},"10":{"name":"(anonymous_10)","decl":{"start":{"line":171,"column":33},"end":{"line":171,"column":34}},"loc":{"start":{"line":172,"column":16},"end":{"line":203,"column":17}},"line":172},"11":{"name":"(anonymous_11)","decl":{"start":{"line":190,"column":48},"end":{"line":190,"column":49}},"loc":{"start":{"line":190,"column":61},"end":{"line":199,"column":25}},"line":190},"12":{"name":"(anonymous_12)","decl":{"start":{"line":212,"column":12},"end":{"line":212,"column":13}},"loc":{"start":{"line":213,"column":4},"end":{"line":327,"column":5}},"line":213},"13":{"name":"(anonymous_13)","decl":{"start":{"line":217,"column":50},"end":{"line":217,"column":51}},"loc":{"start":{"line":218,"column":8},"end":{"line":324,"column":9}},"line":218},"14":{"name":"(anonymous_14)","decl":{"start":{"line":230,"column":44},"end":{"line":230,"column":45}},"loc":{"start":{"line":230,"column":68},"end":{"line":308,"column":21}},"line":230},"15":{"name":"(anonymous_15)","decl":{"start":{"line":235,"column":55},"end":{"line":235,"column":56}},"loc":{"start":{"line":235,"column":72},"end":{"line":242,"column":25}},"line":235},"16":{"name":"(anonymous_16)","decl":{"start":{"line":243,"column":61},"end":{"line":243,"column":62}},"loc":{"start":{"line":243,"column":78},"end":{"line":250,"column":25}},"line":243},"17":{"name":"(anonymous_17)","decl":{"start":{"line":251,"column":61},"end":{"line":251,"column":62}},"loc":{"start":{"line":251,"column":78},"end":{"line":258,"column":25}},"line":251},"18":{"name":"(anonymous_18)","decl":{"start":{"line":259,"column":67},"end":{"line":259,"column":68}},"loc":{"start":{"line":259,"column":84},"end":{"line":266,"column":25}},"line":259},"19":{"name":"(anonymous_19)","decl":{"start":{"line":271,"column":40},"end":{"line":271,"column":41}},"loc":{"start":{"line":272,"column":28},"end":{"line":286,"column":29}},"line":272},"20":{"name":"(anonymous_20)","decl":{"start":{"line":291,"column":46},"end":{"line":291,"column":47}},"loc":{"start":{"line":292,"column":28},"end":{"line":306,"column":29}},"line":292},"21":{"name":"(anonymous_21)","decl":{"start":{"line":332,"column":20},"end":{"line":332,"column":21}},"loc":{"start":{"line":332,"column":39},"end":{"line":352,"column":5}},"line":332},"22":{"name":"(anonymous_22)","decl":{"start":{"line":335,"column":46},"end":{"line":335,"column":47}},"loc":{"start":{"line":335,"column":67},"end":{"line":342,"column":9}},"line":335},"23":{"name":"(anonymous_23)","decl":{"start":{"line":344,"column":51},"end":{"line":344,"column":52}},"loc":{"start":{"line":344,"column":77},"end":{"line":350,"column":9}},"line":344},"24":{"name":"(anonymous_24)","decl":{"start":{"line":357,"column":17},"end":{"line":357,"column":18}},"loc":{"start":{"line":357,"column":36},"end":{"line":378,"column":5}},"line":357},"25":{"name":"(anonymous_25)","decl":{"start":{"line":361,"column":40},"end":{"line":361,"column":41}},"loc":{"start":{"line":361,"column":61},"end":{"line":368,"column":9}},"line":361},"26":{"name":"(anonymous_26)","decl":{"start":{"line":370,"column":45},"end":{"line":370,"column":46}},"loc":{"start":{"line":370,"column":71},"end":{"line":376,"column":9}},"line":370},"27":{"name":"(anonymous_27)","decl":{"start":{"line":383,"column":19},"end":{"line":383,"column":20}},"loc":{"start":{"line":384,"column":4},"end":{"line":392,"column":5}},"line":384},"28":{"name":"(anonymous_28)","decl":{"start":{"line":397,"column":16},"end":{"line":397,"column":17}},"loc":{"start":{"line":398,"column":4},"end":{"line":468,"column":5}},"line":398},"29":{"name":"(anonymous_29)","decl":{"start":{"line":400,"column":46},"end":{"line":400,"column":47}},"loc":{"start":{"line":401,"column":8},"end":{"line":467,"column":9}},"line":401},"30":{"name":"(anonymous_30)","decl":{"start":{"line":414,"column":37},"end":{"line":414,"column":38}},"loc":{"start":{"line":415,"column":20},"end":{"line":426,"column":21}},"line":415},"31":{"name":"(anonymous_31)","decl":{"start":{"line":436,"column":85},"end":{"line":436,"column":86}},"loc":{"start":{"line":437,"column":20},"end":{"line":463,"column":21}},"line":437},"32":{"name":"(anonymous_32)","decl":{"start":{"line":448,"column":45},"end":{"line":448,"column":46}},"loc":{"start":{"line":449,"column":28},"end":{"line":460,"column":29}},"line":449},"33":{"name":"(anonymous_33)","decl":{"start":{"line":473,"column":22},"end":{"line":473,"column":23}},"loc":{"start":{"line":474,"column":4},"end":{"line":485,"column":5}},"line":474},"34":{"name":"(anonymous_34)","decl":{"start":{"line":475,"column":79},"end":{"line":475,"column":80}},"loc":{"start":{"line":476,"column":8},"end":{"line":484,"column":9}},"line":476},"35":{"name":"(anonymous_35)","decl":{"start":{"line":490,"column":17},"end":{"line":490,"column":18}},"loc":{"start":{"line":491,"column":4},"end":{"line":510,"column":5}},"line":491},"36":{"name":"(anonymous_36)","decl":{"start":{"line":497,"column":68},"end":{"line":497,"column":69}},"loc":{"start":{"line":498,"column":8},"end":{"line":509,"column":9}},"line":498},"37":{"name":"(anonymous_37)","decl":{"start":{"line":516,"column":24},"end":{"line":516,"column":25}},"loc":{"start":{"line":517,"column":4},"end":{"line":529,"column":5}},"line":517},"38":{"name":"(anonymous_38)","decl":{"start":{"line":534,"column":31},"end":{"line":534,"column":32}},"loc":{"start":{"line":535,"column":4},"end":{"line":566,"column":5}},"line":535},"39":{"name":"(anonymous_39)","decl":{"start":{"line":542,"column":62},"end":{"line":542,"column":63}},"loc":{"start":{"line":543,"column":8},"end":{"line":565,"column":9}},"line":543},"40":{"name":"(anonymous_40)","decl":{"start":{"line":571,"column":22},"end":{"line":571,"column":23}},"loc":{"start":{"line":572,"column":4},"end":{"line":592,"column":5}},"line":572},"41":{"name":"(anonymous_41)","decl":{"start":{"line":580,"column":67},"end":{"line":580,"column":68}},"loc":{"start":{"line":581,"column":8},"end":{"line":591,"column":9}},"line":581},"42":{"name":"(anonymous_42)","decl":{"start":{"line":594,"column":24},"end":{"line":594,"column":25}},"loc":{"start":{"line":594,"column":43},"end":{"line":612,"column":5}},"line":594},"43":{"name":"(anonymous_43)","decl":{"start":{"line":601,"column":68},"end":{"line":601,"column":69}},"loc":{"start":{"line":601,"column":86},"end":{"line":611,"column":9}},"line":601},"44":{"name":"(anonymous_44)","decl":{"start":{"line":617,"column":12},"end":{"line":617,"column":13}},"loc":{"start":{"line":618,"column":4},"end":{"line":672,"column":5}},"line":618},"45":{"name":"(anonymous_45)","decl":{"start":{"line":623,"column":24},"end":{"line":623,"column":25}},"loc":{"start":{"line":624,"column":8},"end":{"line":671,"column":9}},"line":624},"46":{"name":"(anonymous_46)","decl":{"start":{"line":639,"column":45},"end":{"line":639,"column":46}},"loc":{"start":{"line":639,"column":60},"end":{"line":670,"column":13}},"line":639},"47":{"name":"(anonymous_47)","decl":{"start":{"line":646,"column":72},"end":{"line":646,"column":73}},"loc":{"start":{"line":647,"column":18},"end":{"line":668,"column":19}},"line":647},"48":{"name":"(anonymous_48)","decl":{"start":{"line":658,"column":40},"end":{"line":658,"column":41}},"loc":{"start":{"line":659,"column":22},"end":{"line":667,"column":23}},"line":659},"49":{"name":"(anonymous_49)","decl":{"start":{"line":677,"column":27},"end":{"line":677,"column":28}},"loc":{"start":{"line":678,"column":4},"end":{"line":726,"column":5}},"line":678},"50":{"name":"(anonymous_50)","decl":{"start":{"line":681,"column":24},"end":{"line":681,"column":25}},"loc":{"start":{"line":682,"column":8},"end":{"line":725,"column":9}},"line":682},"51":{"name":"(anonymous_51)","decl":{"start":{"line":697,"column":47},"end":{"line":697,"column":48}},"loc":{"start":{"line":698,"column":12},"end":{"line":724,"column":13}},"line":698},"52":{"name":"(anonymous_52)","decl":{"start":{"line":704,"column":69},"end":{"line":704,"column":70}},"loc":{"start":{"line":705,"column":16},"end":{"line":723,"column":17}},"line":705},"53":{"name":"(anonymous_53)","decl":{"start":{"line":718,"column":38},"end":{"line":718,"column":39}},"loc":{"start":{"line":719,"column":20},"end":{"line":722,"column":21}},"line":719},"54":{"name":"(anonymous_54)","decl":{"start":{"line":730,"column":16},"end":{"line":730,"column":17}},"loc":{"start":{"line":730,"column":34},"end":{"line":758,"column":5}},"line":730},"55":{"name":"(anonymous_55)","decl":{"start":{"line":739,"column":55},"end":{"line":739,"column":56}},"loc":{"start":{"line":739,"column":75},"end":{"line":755,"column":13}},"line":739},"56":{"name":"(anonymous_56)","decl":{"start":{"line":763,"column":19},"end":{"line":763,"column":20}},"loc":{"start":{"line":764,"column":4},"end":{"line":785,"column":5}},"line":764},"57":{"name":"(anonymous_57)","decl":{"start":{"line":771,"column":22},"end":{"line":771,"column":23}},"loc":{"start":{"line":772,"column":6},"end":{"line":784,"column":7}},"line":772},"58":{"name":"(anonymous_58)","decl":{"start":{"line":790,"column":24},"end":{"line":790,"column":25}},"loc":{"start":{"line":791,"column":4},"end":{"line":814,"column":5}},"line":791},"59":{"name":"(anonymous_59)","decl":{"start":{"line":799,"column":69},"end":{"line":799,"column":70}},"loc":{"start":{"line":800,"column":8},"end":{"line":813,"column":9}},"line":800},"60":{"name":"(anonymous_60)","decl":{"start":{"line":819,"column":19},"end":{"line":819,"column":20}},"loc":{"start":{"line":820,"column":4},"end":{"line":929,"column":5}},"line":820},"61":{"name":"(anonymous_61)","decl":{"start":{"line":829,"column":73},"end":{"line":829,"column":74}},"loc":{"start":{"line":830,"column":8},"end":{"line":928,"column":9}},"line":830},"62":{"name":"(anonymous_62)","decl":{"start":{"line":839,"column":82},"end":{"line":839,"column":83}},"loc":{"start":{"line":840,"column":20},"end":{"line":855,"column":21}},"line":840},"63":{"name":"(anonymous_63)","decl":{"start":{"line":859,"column":92},"end":{"line":859,"column":93}},"loc":{"start":{"line":860,"column":20},"end":{"line":878,"column":21}},"line":860},"64":{"name":"(anonymous_64)","decl":{"start":{"line":882,"column":74},"end":{"line":882,"column":75}},"loc":{"start":{"line":883,"column":20},"end":{"line":899,"column":21}},"line":883},"65":{"name":"(anonymous_65)","decl":{"start":{"line":903,"column":80},"end":{"line":903,"column":81}},"loc":{"start":{"line":904,"column":20},"end":{"line":920,"column":21}},"line":904},"66":{"name":"(anonymous_66)","decl":{"start":{"line":934,"column":23},"end":{"line":934,"column":24}},"loc":{"start":{"line":935,"column":4},"end":{"line":956,"column":5}},"line":935},"67":{"name":"(anonymous_67)","decl":{"start":{"line":944,"column":77},"end":{"line":944,"column":78}},"loc":{"start":{"line":945,"column":8},"end":{"line":955,"column":9}},"line":945},"68":{"name":"(anonymous_68)","decl":{"start":{"line":961,"column":19},"end":{"line":961,"column":20}},"loc":{"start":{"line":962,"column":4},"end":{"line":984,"column":5}},"line":962},"69":{"name":"(anonymous_69)","decl":{"start":{"line":972,"column":38},"end":{"line":972,"column":39}},"loc":{"start":{"line":973,"column":8},"end":{"line":983,"column":9}},"line":973},"70":{"name":"(anonymous_70)","decl":{"start":{"line":989,"column":19},"end":{"line":989,"column":20}},"loc":{"start":{"line":990,"column":4},"end":{"line":1047,"column":5}},"line":990},"71":{"name":"(anonymous_71)","decl":{"start":{"line":1001,"column":71},"end":{"line":1001,"column":72}},"loc":{"start":{"line":1002,"column":6},"end":{"line":1018,"column":7}},"line":1002},"72":{"name":"(anonymous_72)","decl":{"start":{"line":1020,"column":65},"end":{"line":1020,"column":66}},"loc":{"start":{"line":1021,"column":6},"end":{"line":1033,"column":7}},"line":1021},"73":{"name":"(anonymous_73)","decl":{"start":{"line":1035,"column":70},"end":{"line":1035,"column":71}},"loc":{"start":{"line":1036,"column":6},"end":{"line":1046,"column":7}},"line":1036},"74":{"name":"(anonymous_74)","decl":{"start":{"line":1052,"column":23},"end":{"line":1052,"column":24}},"loc":{"start":{"line":1052,"column":41},"end":{"line":1071,"column":5}},"line":1052},"75":{"name":"(anonymous_75)","decl":{"start":{"line":1059,"column":75},"end":{"line":1059,"column":76}},"loc":{"start":{"line":1059,"column":98},"end":{"line":1069,"column":9}},"line":1059},"76":{"name":"(anonymous_76)","decl":{"start":{"line":1076,"column":21},"end":{"line":1076,"column":22}},"loc":{"start":{"line":1077,"column":4},"end":{"line":1097,"column":5}},"line":1077},"77":{"name":"(anonymous_77)","decl":{"start":{"line":1085,"column":70},"end":{"line":1085,"column":71}},"loc":{"start":{"line":1086,"column":8},"end":{"line":1096,"column":9}},"line":1086},"78":{"name":"(anonymous_78)","decl":{"start":{"line":1102,"column":18},"end":{"line":1102,"column":19}},"loc":{"start":{"line":1103,"column":4},"end":{"line":1165,"column":5}},"line":1103},"79":{"name":"(anonymous_79)","decl":{"start":{"line":1110,"column":71},"end":{"line":1110,"column":72}},"loc":{"start":{"line":1110,"column":94},"end":{"line":1162,"column":9}},"line":1110},"80":{"name":"(anonymous_80)","decl":{"start":{"line":1115,"column":44},"end":{"line":1115,"column":45}},"loc":{"start":{"line":1115,"column":61},"end":{"line":1153,"column":21}},"line":1115},"81":{"name":"(anonymous_81)","decl":{"start":{"line":1116,"column":89},"end":{"line":1116,"column":90}},"loc":{"start":{"line":1116,"column":107},"end":{"line":1152,"column":25}},"line":1116},"82":{"name":"(anonymous_82)","decl":{"start":{"line":1119,"column":102},"end":{"line":1119,"column":103}},"loc":{"start":{"line":1119,"column":120},"end":{"line":1138,"column":33}},"line":1119},"83":{"name":"(anonymous_83)","decl":{"start":{"line":1132,"column":110},"end":{"line":1132,"column":111}},"loc":{"start":{"line":1132,"column":123},"end":{"line":1135,"column":39}},"line":1132},"84":{"name":"(anonymous_84)","decl":{"start":{"line":1147,"column":104},"end":{"line":1147,"column":105}},"loc":{"start":{"line":1147,"column":117},"end":{"line":1150,"column":33}},"line":1147},"85":{"name":"(anonymous_85)","decl":{"start":{"line":1170,"column":17},"end":{"line":1170,"column":18}},"loc":{"start":{"line":1171,"column":4},"end":{"line":1230,"column":5}},"line":1171},"86":{"name":"(anonymous_86)","decl":{"start":{"line":1176,"column":100},"end":{"line":1176,"column":101}},"loc":{"start":{"line":1176,"column":119},"end":{"line":1192,"column":13}},"line":1176},"87":{"name":"(anonymous_87)","decl":{"start":{"line":1181,"column":109},"end":{"line":1181,"column":110}},"loc":{"start":{"line":1181,"column":127},"end":{"line":1186,"column":17}},"line":1181},"88":{"name":"(anonymous_88)","decl":{"start":{"line":1196,"column":63},"end":{"line":1196,"column":64}},"loc":{"start":{"line":1197,"column":12},"end":{"line":1210,"column":13}},"line":1197},"89":{"name":"(anonymous_89)","decl":{"start":{"line":1201,"column":75},"end":{"line":1201,"column":76}},"loc":{"start":{"line":1202,"column":19},"end":{"line":1207,"column":20}},"line":1202},"90":{"name":"(anonymous_90)","decl":{"start":{"line":1212,"column":69},"end":{"line":1212,"column":70}},"loc":{"start":{"line":1213,"column":12},"end":{"line":1226,"column":13}},"line":1213},"91":{"name":"(anonymous_91)","decl":{"start":{"line":1217,"column":82},"end":{"line":1217,"column":83}},"loc":{"start":{"line":1218,"column":20},"end":{"line":1223,"column":21}},"line":1218},"92":{"name":"(anonymous_92)","decl":{"start":{"line":1235,"column":33},"end":{"line":1235,"column":34}},"loc":{"start":{"line":1235,"column":52},"end":{"line":1273,"column":5}},"line":1235},"93":{"name":"(anonymous_93)","decl":{"start":{"line":1244,"column":69},"end":{"line":1244,"column":70}},"loc":{"start":{"line":1244,"column":90},"end":{"line":1269,"column":13}},"line":1244},"94":{"name":"(anonymous_94)","decl":{"start":{"line":1254,"column":83},"end":{"line":1254,"column":84}},"loc":{"start":{"line":1254,"column":103},"end":{"line":1267,"column":21}},"line":1254},"95":{"name":"(anonymous_95)","decl":{"start":{"line":1278,"column":15},"end":{"line":1278,"column":16}},"loc":{"start":{"line":1279,"column":4},"end":{"line":1297,"column":5}},"line":1279},"96":{"name":"(anonymous_96)","decl":{"start":{"line":1283,"column":33},"end":{"line":1283,"column":34}},"loc":{"start":{"line":1284,"column":8},"end":{"line":1295,"column":9}},"line":1284},"97":{"name":"(anonymous_97)","decl":{"start":{"line":1302,"column":22},"end":{"line":1302,"column":23}},"loc":{"start":{"line":1303,"column":4},"end":{"line":1347,"column":5}},"line":1303},"98":{"name":"(anonymous_98)","decl":{"start":{"line":1310,"column":47},"end":{"line":1310,"column":48}},"loc":{"start":{"line":1311,"column":8},"end":{"line":1346,"column":9}},"line":1311},"99":{"name":"(anonymous_99)","decl":{"start":{"line":1323,"column":71},"end":{"line":1323,"column":72}},"loc":{"start":{"line":1324,"column":12},"end":{"line":1333,"column":13}},"line":1324},"100":{"name":"(anonymous_100)","decl":{"start":{"line":1335,"column":30},"end":{"line":1335,"column":31}},"loc":{"start":{"line":1336,"column":12},"end":{"line":1345,"column":13}},"line":1336},"101":{"name":"(anonymous_101)","decl":{"start":{"line":1352,"column":30},"end":{"line":1352,"column":31}},"loc":{"start":{"line":1353,"column":4},"end":{"line":1377,"column":5}},"line":1353},"102":{"name":"(anonymous_102)","decl":{"start":{"line":1361,"column":76},"end":{"line":1361,"column":77}},"loc":{"start":{"line":1362,"column":8},"end":{"line":1376,"column":9}},"line":1362},"103":{"name":"(anonymous_103)","decl":{"start":{"line":1382,"column":22},"end":{"line":1382,"column":23}},"loc":{"start":{"line":1383,"column":4},"end":{"line":1400,"column":5}},"line":1383},"104":{"name":"(anonymous_104)","decl":{"start":{"line":1384,"column":44},"end":{"line":1384,"column":45}},"loc":{"start":{"line":1385,"column":8},"end":{"line":1399,"column":9}},"line":1385},"105":{"name":"(anonymous_105)","decl":{"start":{"line":1405,"column":22},"end":{"line":1405,"column":23}},"loc":{"start":{"line":1406,"column":4},"end":{"line":1438,"column":5}},"line":1406},"106":{"name":"(anonymous_106)","decl":{"start":{"line":1407,"column":67},"end":{"line":1407,"column":68}},"loc":{"start":{"line":1408,"column":8},"end":{"line":1421,"column":9}},"line":1408},"107":{"name":"(anonymous_107)","decl":{"start":{"line":1423,"column":73},"end":{"line":1423,"column":74}},"loc":{"start":{"line":1424,"column":8},"end":{"line":1437,"column":9}},"line":1424},"108":{"name":"(anonymous_108)","decl":{"start":{"line":1443,"column":22},"end":{"line":1443,"column":23}},"loc":{"start":{"line":1444,"column":4},"end":{"line":1476,"column":5}},"line":1444},"109":{"name":"(anonymous_109)","decl":{"start":{"line":1445,"column":111},"end":{"line":1445,"column":112}},"loc":{"start":{"line":1446,"column":8},"end":{"line":1459,"column":9}},"line":1446},"110":{"name":"(anonymous_110)","decl":{"start":{"line":1461,"column":117},"end":{"line":1461,"column":118}},"loc":{"start":{"line":1462,"column":8},"end":{"line":1475,"column":9}},"line":1462},"111":{"name":"(anonymous_111)","decl":{"start":{"line":1481,"column":26},"end":{"line":1481,"column":27}},"loc":{"start":{"line":1482,"column":4},"end":{"line":1510,"column":5}},"line":1482},"112":{"name":"(anonymous_112)","decl":{"start":{"line":1490,"column":70},"end":{"line":1490,"column":71}},"loc":{"start":{"line":1491,"column":8},"end":{"line":1509,"column":9}},"line":1491},"113":{"name":"(anonymous_113)","decl":{"start":{"line":1498,"column":83},"end":{"line":1498,"column":84}},"loc":{"start":{"line":1499,"column":12},"end":{"line":1507,"column":13}},"line":1499},"114":{"name":"sendsignupConfirmationEmail","decl":{"start":{"line":1517,"column":9},"end":{"line":1517,"column":36}},"loc":{"start":{"line":1517,"column":53},"end":{"line":1562,"column":1}},"line":1517},"115":{"name":"(anonymous_115)","decl":{"start":{"line":1553,"column":39},"end":{"line":1553,"column":40}},"loc":{"start":{"line":1553,"column":60},"end":{"line":1561,"column":5}},"line":1553},"116":{"name":"updateLogFile","decl":{"start":{"line":1564,"column":9},"end":{"line":1564,"column":22}},"loc":{"start":{"line":1565,"column":0},"end":{"line":1585,"column":1}},"line":1565},"117":{"name":"(anonymous_117)","decl":{"start":{"line":1574,"column":29},"end":{"line":1574,"column":30}},"loc":{"start":{"line":1575,"column":4},"end":{"line":1584,"column":5}},"line":1575}},"branchMap":{"0":{"loc":{"start":{"line":63,"column":12},"end":{"line":67,"column":13}},"type":"if","locations":[{"start":{"line":63,"column":12},"end":{"line":67,"column":13}},{"start":{"line":63,"column":12},"end":{"line":67,"column":13}}],"line":63},"1":{"loc":{"start":{"line":68,"column":12},"end":{"line":84,"column":13}},"type":"if","locations":[{"start":{"line":68,"column":12},"end":{"line":84,"column":13}},{"start":{"line":68,"column":12},"end":{"line":84,"column":13}}],"line":68},"2":{"loc":{"start":{"line":72,"column":20},"end":{"line":82,"column":21}},"type":"if","locations":[{"start":{"line":72,"column":20},"end":{"line":82,"column":21}},{"start":{"line":72,"column":20},"end":{"line":82,"column":21}}],"line":72},"3":{"loc":{"start":{"line":90,"column":12},"end":{"line":94,"column":13}},"type":"if","locations":[{"start":{"line":90,"column":12},"end":{"line":94,"column":13}},{"start":{"line":90,"column":12},"end":{"line":94,"column":13}}],"line":90},"4":{"loc":{"start":{"line":96,"column":12},"end":{"line":112,"column":13}},"type":"if","locations":[{"start":{"line":96,"column":12},"end":{"line":112,"column":13}},{"start":{"line":96,"column":12},"end":{"line":112,"column":13}}],"line":96},"5":{"loc":{"start":{"line":99,"column":19},"end":{"line":108,"column":20}},"type":"if","locations":[{"start":{"line":99,"column":19},"end":{"line":108,"column":20}},{"start":{"line":99,"column":19},"end":{"line":108,"column":20}}],"line":99},"6":{"loc":{"start":{"line":126,"column":12},"end":{"line":129,"column":13}},"type":"if","locations":[{"start":{"line":126,"column":12},"end":{"line":129,"column":13}},{"start":{"line":126,"column":12},"end":{"line":129,"column":13}}],"line":126},"7":{"loc":{"start":{"line":130,"column":12},"end":{"line":133,"column":13}},"type":"if","locations":[{"start":{"line":130,"column":12},"end":{"line":133,"column":13}},{"start":{"line":130,"column":12},"end":{"line":133,"column":13}}],"line":130},"8":{"loc":{"start":{"line":137,"column":12},"end":{"line":140,"column":13}},"type":"if","locations":[{"start":{"line":137,"column":12},"end":{"line":140,"column":13}},{"start":{"line":137,"column":12},"end":{"line":140,"column":13}}],"line":137},"9":{"loc":{"start":{"line":141,"column":12},"end":{"line":144,"column":13}},"type":"if","locations":[{"start":{"line":141,"column":12},"end":{"line":144,"column":13}},{"start":{"line":141,"column":12},"end":{"line":144,"column":13}}],"line":141},"10":{"loc":{"start":{"line":162,"column":12},"end":{"line":204,"column":13}},"type":"if","locations":[{"start":{"line":162,"column":12},"end":{"line":204,"column":13}},{"start":{"line":162,"column":12},"end":{"line":204,"column":13}}],"line":162},"11":{"loc":{"start":{"line":174,"column":20},"end":{"line":202,"column":21}},"type":"if","locations":[{"start":{"line":174,"column":20},"end":{"line":202,"column":21}},{"start":{"line":174,"column":20},"end":{"line":202,"column":21}}],"line":174},"12":{"loc":{"start":{"line":191,"column":28},"end":{"line":198,"column":29}},"type":"if","locations":[{"start":{"line":191,"column":28},"end":{"line":198,"column":29}},{"start":{"line":191,"column":28},"end":{"line":198,"column":29}}],"line":191},"13":{"loc":{"start":{"line":219,"column":12},"end":{"line":223,"column":13}},"type":"if","locations":[{"start":{"line":219,"column":12},"end":{"line":223,"column":13}},{"start":{"line":219,"column":12},"end":{"line":223,"column":13}}],"line":219},"14":{"loc":{"start":{"line":224,"column":12},"end":{"line":323,"column":13}},"type":"if","locations":[{"start":{"line":224,"column":12},"end":{"line":323,"column":13}},{"start":{"line":224,"column":12},"end":{"line":323,"column":13}}],"line":224},"15":{"loc":{"start":{"line":226,"column":16},"end":{"line":316,"column":17}},"type":"if","locations":[{"start":{"line":226,"column":16},"end":{"line":316,"column":17}},{"start":{"line":226,"column":16},"end":{"line":316,"column":17}}],"line":226},"16":{"loc":{"start":{"line":236,"column":28},"end":{"line":241,"column":29}},"type":"if","locations":[{"start":{"line":236,"column":28},"end":{"line":241,"column":29}},{"start":{"line":236,"column":28},"end":{"line":241,"column":29}}],"line":236},"17":{"loc":{"start":{"line":244,"column":28},"end":{"line":249,"column":29}},"type":"if","locations":[{"start":{"line":244,"column":28},"end":{"line":249,"column":29}},{"start":{"line":244,"column":28},"end":{"line":249,"column":29}}],"line":244},"18":{"loc":{"start":{"line":252,"column":28},"end":{"line":257,"column":29}},"type":"if","locations":[{"start":{"line":252,"column":28},"end":{"line":257,"column":29}},{"start":{"line":252,"column":28},"end":{"line":257,"column":29}}],"line":252},"19":{"loc":{"start":{"line":260,"column":28},"end":{"line":265,"column":29}},"type":"if","locations":[{"start":{"line":260,"column":28},"end":{"line":265,"column":29}},{"start":{"line":260,"column":28},"end":{"line":265,"column":29}}],"line":260},"20":{"loc":{"start":{"line":267,"column":24},"end":{"line":307,"column":25}},"type":"if","locations":[{"start":{"line":267,"column":24},"end":{"line":307,"column":25}},{"start":{"line":267,"column":24},"end":{"line":307,"column":25}}],"line":267},"21":{"loc":{"start":{"line":267,"column":27},"end":{"line":267,"column":60}},"type":"binary-expr","locations":[{"start":{"line":267,"column":27},"end":{"line":267,"column":43}},{"start":{"line":267,"column":47},"end":{"line":267,"column":60}}],"line":267},"22":{"loc":{"start":{"line":273,"column":32},"end":{"line":285,"column":33}},"type":"if","locations":[{"start":{"line":273,"column":32},"end":{"line":285,"column":33}},{"start":{"line":273,"column":32},"end":{"line":2
[...]
{"line":221,"column":12},"end":{"line":226,"column":13}},{"start":{"line":221,"column":12},"end":{"line":226,"column":13}}],"line":221},"17":{"loc":{"start":{"line":238,"column":8},"end":{"line":241,"column":9}},"type":"if","locations":[{"start":{"line":238,"column":8},"end":{"line":241,"column":9}},{"start":{"line":238,"column":8},"end":{"line":241,"column":9}}],"line":238},"18":{"loc":{"start":{"line":265,"column":12},"end":{"line":398,"column":13}},"type":"if","locations":[{"start":{"line":265,"column":12},"end":{"line":398,"column":13}},{"start":{"line":265,"column":12},"end":{"line":398,"column":13}}],"line":265},"19":{"loc":{"start":{"line":286,"column":28},"end":{"line":296,"column":29}},"type":"if","locations":[{"start":{"line":286,"column":28},"end":{"line":296,"column":29}},{"start":{"line":286,"column":28},"end":{"line":296,"column":29}}],"line":286},"20":{"loc":{"start":{"line":291,"column":33},"end":{"line":296,"column":29}},"type":"if","locations":[{"start":{"line":291,"column":33},"end":{"line":296,"column":29}},{"start":{"line":291,"column":33},"end":{"line":296,"column":29}}],"line":291},"21":{"loc":{"start":{"line":303,"column":28},"end":{"line":320,"column":29}},"type":"if","locations":[{"start":{"line":303,"column":28},"end":{"line":320,"column":29}},{"start":{"line":303,"column":28},"end":{"line":320,"column":29}}],"line":303},"22":{"loc":{"start":{"line":307,"column":36},"end":{"line":317,"column":37}},"type":"if","locations":[{"start":{"line":307,"column":36},"end":{"line":317,"column":37}},{"start":{"line":307,"column":36},"end":{"line":317,"column":37}}],"line":307},"23":{"loc":{"start":{"line":328,"column":24},"end":{"line":344,"column":25}},"type":"if","locations":[{"start":{"line":328,"column":24},"end":{"line":344,"column":25}},{"start":{"line":328,"column":24},"end":{"line":344,"column":25}}],"line":328},"24":{"loc":{"start":{"line":333,"column":28},"end":{"line":340,"column":29}},"type":"if","locations":[{"start":{"line":333,"column":28},"end":{"line":340,"column":29}},{"start":{"line":333,"column":28},"end":{"line":340,"column":29}}],"line":333},"25":{"loc":{"start":{"line":350,"column":16},"end":{"line":356,"column":17}},"type":"if","locations":[{"start":{"line":350,"column":16},"end":{"line":356,"column":17}},{"start":{"line":350,"column":16},"end":{"line":356,"column":17}}],"line":350},"26":{"loc":{"start":{"line":366,"column":16},"end":{"line":397,"column":17}},"type":"if","locations":[{"start":{"line":366,"column":16},"end":{"line":397,"column":17}},{"start":{"line":366,"column":16},"end":{"line":397,"column":17}}],"line":366},"27":{"loc":{"start":{"line":379,"column":28},"end":{"line":394,"column":29}},"type":"if","locations":[{"start":{"line":379,"column":28},"end":{"line":394,"column":29}},{"start":{"line":379,"column":28},"end":{"line":394,"column":29}}],"line":379},"28":{"loc":{"start":{"line":383,"column":32},"end":{"line":390,"column":33}},"type":"if","locations":[{"start":{"line":383,"column":32},"end":{"line":390,"column":33}},{"start":{"line":383,"column":32},"end":{"line":390,"column":33}}],"line":383},"29":{"loc":{"start":{"line":401,"column":12},"end":{"line":413,"column":13}},"type":"if","locations":[{"start":{"line":401,"column":12},"end":{"line":413,"column":13}},{"start":{"line":401,"column":12},"end":{"line":413,"column":13}}],"line":401},"30":{"loc":{"start":{"line":404,"column":16},"end":{"line":412,"column":17}},"type":"if","locations":[{"start":{"line":404,"column":16},"end":{"line":412,"column":17}},{"start":{"line":404,"column":16},"end":{"line":412,"column":17}}],"line":404},"31":{"loc":{"start":{"line":433,"column":4},"end":{"line":447,"column":5}},"type":"switch","locations":[{"start":{"line":435,"column":8},"end":{"line":437,"column":18}},{"start":{"line":438,"column":8},"end":{"line":440,"column":18}},{"start":{"line":441,"column":8},"end":{"line":443,"column":18}},{"start":{"line":444,"column":8},"end":{"line":446,"column":18}}],"line":433},"32":{"loc":{"start":{"line":457,"column":4},"end":{"line":460,"column":5}},"type":"if","locations":[{"start":{"line":457,"column":4},"end":{"line":460,"column":5}},{"start":{"line":457,"column":4},"end":{"line":460,"column":5}}],"line":457},"33":{"loc":{"start":{"line":466,"column":8},"end":{"line":485,"column":9}},"type":"if","locations":[{"start":{"line":466,"column":8},"end":{"line":485,"column":9}},{"start":{"line":466,"column":8},"end":{"line":485,"column":9}}],"line":466},"34":{"loc":{"start":{"line":475,"column":16},"end":{"line":479,"column":17}},"type":"if","locations":[{"start":{"line":475,"column":16},"end":{"line":479,"column":17}},{"start":{"line":475,"column":16},"end":{"line":479,"column":17}}],"line":475},"35":{"loc":{"start":{"line":481,"column":12},"end":{"line":484,"column":13}},"type":"if","locations":[{"start":{"line":481,"column":12},"end":{"line":484,"column":13}},{"start":{"line":481,"column":12},"end":{"line":484,"column":13}}],"line":481},"36":{"loc":{"start":{"line":504,"column":12},"end":{"line":513,"column":13}},"type":"if","locations":[{"start":{"line":504,"column":12},"end":{"line":513,"column":13}},{"start":{"line":504,"column":12},"end":{"line":513,"column":13}}],"line":504},"37":{"loc":{"start":{"line":509,"column":17},"end":{"line":513,"column":13}},"type":"if","locations":[{"start":{"line":509,"column":17},"end":{"line":513,"column":13}},{"start":{"line":509,"column":17},"end":{"line":513,"column":13}}],"line":509},"38":{"loc":{"start":{"line":534,"column":8},"end":{"line":537,"column":9}},"type":"if","locations":[{"start":{"line":534,"column":8},"end":{"line":537,"column":9}},{"start":{"line":534,"column":8},"end":{"line":537,"column":9}}],"line":534},"39":{"loc":{"start":{"line":538,"column":8},"end":{"line":541,"column":9}},"type":"if","locations":[{"start":{"line":538,"column":8},"end":{"line":541,"column":9}},{"start":{"line":538,"column":8},"end":{"line":541,"column":9}}],"line":538},"40":{"loc":{"start":{"line":542,"column":8},"end":{"line":545,"column":9}},"type":"if","locations":[{"start":{"line":542,"column":8},"end":{"line":545,"column":9}},{"start":{"line":542,"column":8},"end":{"line":545,"column":9}}],"line":542},"41":{"loc":{"start":{"line":552,"column":4},"end":{"line":555,"column":5}},"type":"if","locations":[{"start":{"line":552,"column":4},"end":{"line":555,"column":5}},{"start":{"line":552,"column":4},"end":{"line":555,"column":5}}],"line":552},"42":{"loc":{"start":{"line":558,"column":4},"end":{"line":562,"column":5}},"type":"if","locations":[{"start":{"line":558,"column":4},"end":{"line":562,"column":5}},{"start":{"line":558,"column":4},"end":{"line":562,"column":5}}],"line":558},"43":{"loc":{"start":{"line":558,"column":9},"end":{"line":558,"column":164}},"type":"binary-expr","locations":[{"start":{"line":558,"column":10},"end":{"line":558,"column":27}},{"start":{"line":558,"column":31},"end":{"line":558,"column":46}},{"start":{"line":558,"column":52},"end":{"line":558,"column":65}},{"start":{"line":558,"column":69},"end":{"line":558,"column":84}},{"start":{"line":558,"column":90},"end":{"line":558,"column":107}},{"start":{"line":558,"column":111},"end":{"line":558,"column":126}},{"start":{"line":558,"column":132},"end":{"line":558,"column":145}},{"start":{"line":558,"column":149},"end":{"line":558,"column":163}}],"line":558},"44":{"loc":{"start":{"line":573,"column":4},"end":{"line":576,"column":5}},"type":"if","locations":[{"start":{"line":573,"column":4},"end":{"line":576,"column":5}},{"start":{"line":573,"column":4},"end":{"line":576,"column":5}}],"line":573},"45":{"loc":{"start":{"line":595,"column":8},"end":{"line":602,"column":9}},"type":"if","locations":[{"start":{"line":595,"column":8},"end":{"line":602,"column":9}},{"start":{"line":595,"column":8},"end":{"line":602,"column":9}}],"line":595}},"s":{"0":1,"1":1,"2":1,"3":1,"4":1,"5":1,"6":1,"7":1,"8":1,"9":1,"10":1,"11":1,"12":2,"13":1,"14":1,"15":1,"16":1,"17":0,"18":0,"19":1,"20":1,"21":2,"22":1,"23":1,"24":1,"25":1,"26":0,"27":0,"28":1,"29":1,"30":1,"31":2,"32":1,"33":1,"34":1,"35":1,"36":1,"37":0,"38":0,"39":1,"40":1,"41":3,"42":1,"43":1,"44":2,"45":2,"46":2,"47":2,"48":2,"49":2,"50":0,"51":2,"52":2,"53":2,"54":2,"55":2,"56":1,"57":1,"58":1,"59":1,"60":0,"61":0,"62":1,"63":1,"64":1,"65":0,"66":0,"67":1,"68":1,"69":2,"70":1,"71":1,"72":1,"73":1,"74":0,"75":0,"76":1,"77":1,"78":2,"79":1,"80":1,"81":1,"82":1,"83":1,"84":1,"85":0,"86":0,"87":1,"88":1,"89":2,"90":1,"91":1,"92":1,"93":1,"94":1,"95":1,"96":1,"97":1,"98":1,"99":1,"100":1,"101":1,"102":7,"103":7,"104":0,"105":0,"106":0,"107":0,"108":0,"109":0,"110":0,"111":0,"112":0,"113":0,"114":0,"115":0,"116":0,"117":0,"118":0,"119":0,"120":0,"121":0,"122":0,"123":0,"124":0,"125":0,"126":0,"127":0,"128":0,"129":0,"130":0,"131":0,"132":0,"133":0,"134":0,"135":0,"136":0,"137":0,"138":0,"139":0,"140":0,"141":0,"142":0,"143":0,"144":0,"145":0,"146":0,"147":0,"148":0,"149":0,"150":0,"151":0,"152":0,"153":7,"154":7,"155":7,"156":0,"157":0,"158":7,"159":7,"160":7,"161":224,"162":0,"163":0,"164":0,"165":0,"166":0,"167":0,"168":7,"169":7,"170":0,"171":0,"172":0,"173":0,"174":0,"175":7,"176":7,"177":1,"178":1,"179":0,"180":0,"181":0,"182":0,"183":0,"184":0,"185":1,"186":1,"187":1,"188":0,"189":0,"190":0,"191":0,"192":0,"193":0,"194":0,"195":0,"196":0,"197":0,"198":0,"199":0,"200":0,"201":0,"202":0,"203":0,"204":0,"205":0,"206":0,"207":0,"208":0,"209":0,"210":0,"211":0,"212":0,"213":0,"214":0,"215":0,"216":0,"217":0,"218":0,"219":0,"220":0,"221":0,"222":0,"223":0,"224":0,"225":0,"226":0,"227":0,"228":7,"229":0,"230":7,"231":2,"232":2,"233":2,"234":2,"235":2,"236":2,"237":2,"238":2,"239":2,"240":2,"241":0,"242":2},"f":{"0":2,"1":1,"2":2,"3":1,"4":2,"5":1,"6":3,"7":2,"8":2,"9":2,"10":1,"11":1,"12":2,"13":1,"14":2,"15":1,"16":2,"17":1,"18":0,"19":0,"20":0,"21":7,"22":2,"23":2},"b":{"0":[1,1],"1":[0,1],"2":[1,1],"3":[0,1],"4":[1,1],"5":[0,1],"6":[1,2],"7":[2,0],"8":[0,2],"9":[2,0],"10":[1,1],"11":[0,1],"12":[0,1],"13":[1,1],"14":[0,1],"15":[1,1],"16":[0,1],"17":[1,1],"18":[0,7],"19":[0,0],"20":[0,0],"21":[0,0],"22":[0,0],"23":[0,0],"24":[0,0],"25":[0,0],"26":[0,7],"27":[0,224],"28":[0,0],"29":[0,7],"30":[0,0],"31":[0,0,0,1],"32":[0,0],"33":[0,0],"34":[0,0],"35":[0,0],"36":[0,0],"37":[0,0],"38":[0,0],"39":[0,0],"40":[0,0],"41":[0,0],"42":[0,0],"43":[0,0,0,0,0,0,0,0],"44":[0,7],"45":[0,2]},"_coverageSchema":"1a1c01bbd47fc00a2c39e90264f33305004495a9","hash":"69e4786051e85571b3095d6db22f4a6fbed98486","contentHash":"1c052d6d11f17b0cd6ebcb89a5953971475ab147c4e710bfebfc1d9cb123d6a9"},"/home/marcus/UNI/Year 3/COS 301/Capstone/Feature-Improvments/3D-model-Binary-Vision/Application/api/controller/UploadController.js":{"path":"/home/marcus/UNI/Year 3/COS 301/Capstone/Feature-Improvments/3D-model-Binary-Vision/Application/api/controller/UploadController.js","statementMap":{"0":{"start":{"line":4,"column":21},"end":{"line":4,"column":69}},"1":{"start":{"line":5,"column":19},"end":{"line":5,"column":40}},"2":{"start":{"line":6,"column":24},"end":{"line":6,"column":50}},"3":{"start":{"line":7,"column":17},"end":{"line":7,"column":36}},"4":{"start":{"line":8,"column":15},"end":{"line":8,"column":32}},"5":{"start":{"line":9,"column":11},"end":{"line":9,"column":24}},"6":{"start":{"line":10,"column":13},"end":{"line":10,"column":28}},"7":{"start":{"line":11,"column":17},"end":{"line":11,"column":41}},"8":{"start":{"line":12,"column":20},"end":{"line":12,"column":38}},"9":{"start":{"line":14,"column":0},"end":{"line":129,"column":1}},"10":{"start":{"line":21,"column":21},"end":{"line":21,"column":52}},"11":{"start":{"line":23,"column":8},"end":{"line":123,"column":11}},"12":{"start":{"line":25,"column":12},"end":{"line":25,"column":32}},"13":{"start":{"line":27,"column":12},"end":{"line":31,"column":13}},"14":{"start":{"line":29,"column":16},"end":{"line":29,"column":33}},"15":{"start":{"line":30,"column":16},"end":{"line":30,"column":23}},"16":{"start":{"line":33,"column":27},"end":{"line":33,"column":32}},"17":{"start":{"line":35,"column":12},"end":{"line":122,"column":13}},"18":{"start":{"line":38,"column":16},"end":{"line":38,"column":47}},"19":{"start":{"line":39,"column":16},"end":{"line":39,"column":45}},"20":{"start":{"line":40,"column":16},"end":{"line":40,"column":23}},"21":{"start":{"line":48,"column":24},"end":{"line":48,"column":34}},"22":{"start":{"line":49,"column":24},"end":{"line":49,"column":85}},"23":{"start":{"line":51,"column":16},"end":{"line":51,"column":34}},"24":{"start":{"line":52,"column":28},"end":{"line":52,"column":29}},"25":{"start":{"line":53,"column":16},"end":{"line":58,"column":17}},"26":{"start":{"line":56,"column":20},"end":{"line":56,"column":93}},"27":{"start":{"line":57,"column":20},"end":{"line":57,"column":28}},"28":{"start":{"line":60,"column":16},"end":{"line":60,"column":38}},"29":{"start":{"line":64,"column":41},"end":{"line":64,"column":73}},"30":{"start":{"line":65,"column":16},"end":{"line":65,"column":46}},"31":{"start":{"line":66,"column":24},"end":{"line":66,"column":38}},"32":{"start":{"line":68,"column":16},"end":{"line":119,"column":19}},"33":{"start":{"line":69,"column":20},"end":{"line":69,"column":40}},"34":{"start":{"line":70,"column":20},"end":{"line":70,"column":40}},"35":{"start":{"line":71,"column":20},"end":{"line":118,"column":21}},"36":{"start":{"line":72,"column":24},"end":{"line":72,"column":80}},"37":{"start":{"line":75,"column":24},"end":{"line":75,"column":64}},"38":{"start":{"line":76,"column":24},"end":{"line":76,"column":36}},"39":{"start":{"line":79,"column":24},"end":{"line":79,"column":51}},"40":{"start":{"line":82,"column":43},"end":{"line":82,"column":92}},"41":{"start":{"line":83,"column":42},"end":{"line":83,"column":97}},"42":{"start":{"line":84,"column":38},"end":{"line":84,"column":51}},"43":{"start":{"line":85,"column":40},"end":{"line":88,"column":27}},"44":{"start":{"line":89,"column":24},"end":{"line":112,"column":27}},"45":{"start":{"line":90,"column":28},"end":{"line":111,"column":29}},"46":{"start":{"line":92,"column":32},"end":{"line":92,"column":46}},"47":{"start":{"line":93,"column":32},"end":{"line":93,"column":39}},"48":{"start":{"line":96,"column":53},"end":{"line":102,"column":34}},"49":{"start":{"line":103,"column":32},"end":{"line":110,"column":35}},"50":{"start":{"line":105,"column":36},"end":{"line":108,"column":37}},"51":{"start":{"line":107,"column":38},"end":{"line":107,"column":54}},"52":{"start":{"line":109,"column":36},"end":{"line":109,"column":52}},"53":{"start":{"line":115,"column":24},"end":{"line":115,"column":64}},"54":{"start":{"line":116,"column":24},"end":{"line":116,"column":36}},"55":{"start":{"line":117,"column":24},"end":{"line":117,"column":56}},"56":{"start":{"line":126,"column":8},"end":{"line":126,"column":15}},"57":{"start":{"line":139,"column":4},"end":{"line":149,"column":5}},"58":{"start":{"line":140,"column":8},"end":{"line":147,"column":11}},"59":{"start":{"line":141,"column":29},"end":{"line":141,"column":55}},"60":{"start":{"line":142,"column":12},"end":{"line":146,"column":13}},"61":{"start":{"line":143,"column":16},"end":{"line":143,"column":35}},"62":{"start":{"line":145,"column":16},"end":{"line":145,"column":42}},"63":{"start":{"line":148,"column":8},"end":{"line":148,"column":31}},"64":{"start":{"line":156,"column":4},"end":{"line":160,"column":5}},"65":{"start":{"line":157,"column":8},"end":{"line":159,"column":9}},"66":{"start":{"line":158,"column":12},"end":{"line":158,"column":25}},"67":{"start":{"line":161,"column":2},"end":{"line":161,"column":52}}},"fnMap":{"0":{"name":"(anonymous_0)","decl":{"start":{"line":19,"column":18},"end":{"line":19,"column":19}},"loc":{"start":{"line":20,"column":4},"end":{"line":128,"column":5}},"line":20},"1":{"name":"(anonymous_1)","decl":{"start":{"line":23,"column":24},"end":{"line":23,"column":25}},"loc":{"start":{"line":24,"column":8},"end":{"line":123,"column":9}},"line":24},"2":{"name":"(anonymous_2)","decl":{"start":{"line":68,"column":75},"end":{"line":68,"column":76}},"loc":{"start":{"line":68,"column":102},"end":{"line":119,"column":17}},"line":68},"3":{"name":"(anonymous_3)","decl":{"start":{"line":89,"column":56},"end":{"line":89,"column":57}},"loc":{"start":{"line":89,"column":71},"end":{"line":112,"column":25}},"line":89},"4":{"name":"(anonymous_4)","decl":{"start":{"line":103,"column":50},"end":{"line":103,"column":51}},"loc":{"start":{"line":104,"column":32},"end":{"line":110,"column":33}},"line":104},"5":{"name":"rimraf","decl":{"start":{"line":138,"column":9},"end":{"line":138,"column":15}},"loc":{"start":{"line":138,"column":26},"end":{"line":150,"column":1}},"line":138},"6":{"name":"(anonymous_6)","decl":{"start":{"line":140,"column":41},"end":{"line":140,"column":42}},"loc":{"start":{"line":140,"column":57},"end":{"line":147,"column":9}},"line":140},"7":{"name":"isEmpty","decl":{"start":{"line":155,"column":9},"end":{"line":155,"column":16}},"loc":{"start":{"line":155,"column":22},"end":{"line":162,"column":1}},"line":155}},"branchMap":{"0":{"loc":{"start":{"line":27,"column":12},"end":{"line":31,"column":13}},"type":"if","locations":[{"start":{"line":27,"column":12},"end":{"line":31,"column":13}},{"start":{"line":27,"column":12},"end":{"line":31,"column":13}}],"line":27},"1":{"loc":{"start":{"line":35,"column":12},"end":{"line":122,"column":13}},"type":"if","locations":[{"start":{"line":35,"column":12},"end":{"line":122,"column":13}},{"start":{"line":35,"column":12},"end":{"line":122,"column":13}}],"line":35},"2":{"loc":{"start":{"line":35,"column":16},"end":{"line":35,"column":42}},"type":"binary-expr","locations":[{"start":{"line":35,"column":16},"end":{"line":35,"column":23}},{"start":{"line":35,"column":27},"end":{"line":35,"column":42}}],"line":35},"3":{"loc":{"start":{"line":71,"column":20},"end":{"line":118,"column":21}},"type":"if","locations":[{"start":{"line":71,"column":20},"end":{"line":118,"column":21}},{"start":{"line":71,"column":20},"end":{"line":118,"column":21}}],"line":71},"4":{"loc":{"start":{"line":90,"column":28},"end":{"line":111,"column":29}},"type":"if","locations":[{"start":{"line":90,"column":28},"end":{"line":111,"column":29}},{"start":{"line":90,"column":28},"end":{"line":111,"column":29}}],"line":90},"5":{"loc":{"start":{"line":105,"column":36},"end":{"line":108,"column":37}},"type":"if","locations":[{"start":{"line":105,"column":36},"end":{"line":108,"column":37}},{"start":{"line":105,"column":36},"end":{"line":108,"column":37}}],"line":105},"6":{"loc":{"start":{"line":139,"column":4},"end":{"line":149,"column":5}},"type":"if","locations":[{"start":{"line":139,"column":4},"end":{"line":149,"column":5}},{"start":{"line":139,"column":4},"end":{"line":149,"column":5}}],"line":139},"7":{"loc":{"start":{"line":142,"column":12},"end":{"line":146,"column":13}},"type":"if","locations":[{"start":{"line":142,"column":12},"end":{"line":146,"column":13}},{"start":{"line":142,"column":12},"end":{"line":146,"column":13}}],"line":142},"8":{"loc":{"start":{"line":157,"column":8},"end":{"line":159,"column":9}},"type":"if","locations":[{"start":{"line":157,"column":8},"end":{"line":159,"column":9}},{"start":{"line":157,"column":8},"end":{"line":159,"column":9}}],"line":157}},"s":{"0":1,"1":1,"2":1,"3":1,"4":1,"5":1,"6":1,"7":1,"8":1,"9":1,"10":1,"11":1,"12":1,"13":1,"14":0,"15":0,"16":1,"17":1,"18":1,"19":1,"20":1,"21":0,"22":0,"23":0,"24":0,"25":0,"26":0,"27":0,"28":0,"29":0,"30":0,"31":0,"32":0,"33":0,"34":0,"35":0,"36":0,"37":0,"38":0,"39":0,"40":0,"41":0,"42":0,"43":0,"44":0,"45":0,"46":0,"47":0,"48":0,"49":0,"50":0,"51":0,"52":0,"53":0,"54":0,"55":0,"56":1,"57":0,"58":0,"59":0,"60":0,"61":0,"62":0,"63":0,"64":1,"65":0,"66":0,"67":1},"f":{"0":1,"1":1,"2":0,"3":0,"4":0,"5":0,"6":0,"7":1},"b":{"0":[0,1],"1":[1,0],"2":[1,1],"3":[0,0],"4":[0,0],"5":[0,0],"6":[0,0],"7":[0,0],"8":[0,0]},"_coverageSchema":"1a1c01bbd47fc00a2c39e90264f33305004495a9","hash":"cbb2347ff7c4e73b2cf0c3dd5b21a090eafefd5c","contentHash":"6b142a22e413a4639ae6579fedafeeb659db158a87bd5f0273ad4b2770611c9c"}}