{"/home/marcus/UNI/Year 3/COS 301/Capstone/Feature-Improvments/3D-model-Binary-Vision/Application/server.js":{"path":"/home/marcus/UNI/Year 3/COS 301/Capstone/Feature-Improvments/3D-model-Binary-Vision/Application/server.js","statementMap":{"0":{"start":{"line":3,"column":14},"end":{"line":3,"column":32}},"1":{"start":{"line":4,"column":10},"end":{"line":4,"column":19}},"2":{"start":{"line":5,"column":10},"end":{"line":5,"column":34}},"3":{"start":{"line":6,"column":14},"end":{"line":6,"column":33}},"4":{"start":{"line":7,"column":17},"end":{"line":7,"column":39}},"5":{"start":{"line":8,"column":17},"end":{"line":8,"column":40}},"6":{"start":{"line":10,"column":20},"end":{"line":13,"column":1}},"7":{"start":{"line":19,"column":0},"end":{"line":19,"column":63}},"8":{"start":{"line":20,"column":0},"end":{"line":20,"column":39}},"9":{"start":{"line":22,"column":0},"end":{"line":22,"column":48}},"10":{"start":{"line":23,"column":0},"end":{"line":23,"column":27}},"11":{"start":{"line":25,"column":21},"end":{"line":25,"column":45}},"12":{"start":{"line":26,"column":0},"end":{"line":26,"column":24}},"13":{"start":{"line":28,"column":0},"end":{"line":35,"column":2}},"14":{"start":{"line":30,"column":2},"end":{"line":32,"column":3}},"15":{"start":{"line":31,"column":4},"end":{"line":31,"column":36}},"16":{"start":{"line":34,"column":2},"end":{"line":34,"column":9}},"17":{"start":{"line":37,"column":0},"end":{"line":37,"column":33}},"18":{"start":{"line":38,"column":0},"end":{"line":38,"column":37}},"19":{"start":{"line":39,"column":0},"end":{"line":39,"column":36}},"20":{"start":{"line":40,"column":13},"end":{"line":40,"column":48}},"21":{"start":{"line":41,"column":0},"end":{"line":41,"column":12}},"22":{"start":{"line":43,"column":0},"end":{"line":43,"column":17}},"23":{"start":{"line":45,"column":0},"end":{"line":45,"column":73}},"24":{"start":{"line":47,"column":0},"end":{"line":47,"column":21}}},"fnMap":{"0":{"name":"(anonymous_0)","decl":{"start":{"line":28,"column":8},"end":{"line":28,"column":9}},"loc":{"start":{"line":28,"column":28},"end":{"line":35,"column":1}},"line":28}},"branchMap":{"0":{"loc":{"start":{"line":5,"column":10},"end":{"line":5,"column":34}},"type":"binary-expr","locations":[{"start":{"line":5,"column":10},"end":{"line":5,"column":26}},{"start":{"line":5,"column":30},"end":{"line":5,"column":34}}],"line":5},"1":{"loc":{"start":{"line":30,"column":2},"end":{"line":32,"column":3}},"type":"if","locations":[{"start":{"line":30,"column":2},"end":{"line":32,"column":3}},{"start":{"line":30,"column":2},"end":{"line":32,"column":3}}],"line":30}},"s":{"0":1,"1":1,"2":1,"3":1,"4":1,"5":1,"6":1,"7":1,"8":1,"9":1,"10":1,"11":1,"12":1,"13":1,"14":102,"15":52,"16":102,"17":1,"18":1,"19":1,"20":1,"21":1,"22":1,"23":1,"24":1},"f":{"0":102},"b":{"0":[1,1],"1":[52,50]},"_coverageSchema":"1a1c01bbd47fc00a2c39e90264f33305004495a9","hash":"169c5eae947a280289b5a0632ed200b4668b30ad","contentHash":"30ac377c7e5fb9da5c795ebd7e13b9866ead9b5ee697dc0730f51c49f3fa67ad"},"/home/marcus/UNI/Year 3/COS 301/Capstone/Feature-Improvments/3D-model-Binary-Vision/Application/api/route/3DModelRoute.js":{"path":"/home/marcus/UNI/Year 3/COS 301/Capstone/Feature-Improvments/3D-model-Binary-Vision/Application/api/route/3DModelRoute.js","statementMap":{"0":{"start":{"line":8,"column":11},"end":{"line":8,"column":24}},"1":{"start":{"line":11,"column":12},"end":{"line":11,"column":54}},"2":{"start":{"line":12,"column":14},"end":{"line":12,"column":54}},"3":{"start":{"line":13,"column":19},"end":{"line":13,"column":66}},"4":{"start":{"line":14,"column":23},"end":{"line":14,"column":64}},"5":{"start":{"line":16,"column":0},"end":{"line":170,"column":1}},"6":{"start":{"line":21,"column":4},"end":{"line":26,"column":11}},"7":{"start":{"line":23,"column":25},"end":{"line":23,"column":78}},"8":{"start":{"line":24,"column":12},"end":{"line":24,"column":55}},"9":{"start":{"line":25,"column":12},"end":{"line":25,"column":27}},"10":{"start":{"line":28,"column":4},"end":{"line":29,"column":27}},"11":{"start":{"line":31,"column":4},"end":{"line":32,"column":28}},"12":{"start":{"line":34,"column":4},"end":{"line":34,"column":68}},"13":{"start":{"line":36,"column":4},"end":{"line":36,"column":56}},"14":{"start":{"line":38,"column":4},"end":{"line":38,"column":62}},"15":{"start":{"line":40,"column":4},"end":{"line":40,"column":56}},"16":{"start":{"line":42,"column":4},"end":{"line":43,"column":38}},"17":{"start":{"line":46,"column":4},"end":{"line":46,"column":51}},"18":{"start":{"line":49,"column":4},"end":{"line":50,"column":32}},"19":{"start":{"line":52,"column":4},"end":{"line":53,"column":38}},"20":{"start":{"line":55,"column":4},"end":{"line":57,"column":44}},"21":{"start":{"line":59,"column":4},"end":{"line":60,"column":35}},"22":{"start":{"line":62,"column":4},"end":{"line":68,"column":28}},"23":{"start":{"line":64,"column":25},"end":{"line":64,"column":77}},"24":{"start":{"line":65,"column":12},"end":{"line":65,"column":55}},"25":{"start":{"line":66,"column":12},"end":{"line":66,"column":27}},"26":{"start":{"line":70,"column":4},"end":{"line":72,"column":40}},"27":{"start":{"line":74,"column":4},"end":{"line":76,"column":46}},"28":{"start":{"line":78,"column":4},"end":{"line":79,"column":28}},"29":{"start":{"line":81,"column":4},"end":{"line":87,"column":11}},"30":{"start":{"line":84,"column":25},"end":{"line":84,"column":82}},"31":{"start":{"line":85,"column":12},"end":{"line":85,"column":55}},"32":{"start":{"line":86,"column":12},"end":{"line":86,"column":27}},"33":{"start":{"line":90,"column":4},"end":{"line":91,"column":48}},"34":{"start":{"line":93,"column":4},"end":{"line":94,"column":37}},"35":{"start":{"line":96,"column":4},"end":{"line":97,"column":38}},"36":{"start":{"line":99,"column":4},"end":{"line":100,"column":40}},"37":{"start":{"line":102,"column":4},"end":{"line":103,"column":35}},"38":{"start":{"line":105,"column":4},"end":{"line":106,"column":35}},"39":{"start":{"line":108,"column":4},"end":{"line":109,"column":40}},"40":{"start":{"line":111,"column":4},"end":{"line":112,"column":47}},"41":{"start":{"line":114,"column":4},"end":{"line":115,"column":50}},"42":{"start":{"line":117,"column":4},"end":{"line":118,"column":39}},"43":{"start":{"line":120,"column":4},"end":{"line":121,"column":39}},"44":{"start":{"line":123,"column":4},"end":{"line":124,"column":35}},"45":{"start":{"line":126,"column":4},"end":{"line":127,"column":35}},"46":{"start":{"line":129,"column":4},"end":{"line":130,"column":38}},"47":{"start":{"line":132,"column":4},"end":{"line":133,"column":37}},"48":{"start":{"line":135,"column":4},"end":{"line":136,"column":34}},"49":{"start":{"line":138,"column":4},"end":{"line":139,"column":46}},"50":{"start":{"line":141,"column":4},"end":{"line":142,"column":48}},"51":{"start":{"line":144,"column":4},"end":{"line":145,"column":31}},"52":{"start":{"line":147,"column":4},"end":{"line":148,"column":31}},"53":{"start":{"line":150,"column":4},"end":{"line":151,"column":46}},"54":{"start":{"line":153,"column":4},"end":{"line":154,"column":38}},"55":{"start":{"line":156,"column":4},"end":{"line":157,"column":45}},"56":{"start":{"line":159,"column":4},"end":{"line":160,"column":37}},"57":{"start":{"line":162,"column":4},"end":{"line":163,"column":37}},"58":{"start":{"line":165,"column":4},"end":{"line":166,"column":37}},"59":{"start":{"line":168,"column":4},"end":{"line":169,"column":42}}},"fnMap":{"0":{"name":"(anonymous_0)","decl":{"start":{"line":16,"column":17},"end":{"line":16,"column":18}},"loc":{"start":{"line":17,"column":0},"end":{"line":170,"column":1}},"line":17},"1":{"name":"(anonymous_1)","decl":{"start":{"line":22,"column":13},"end":{"line":22,"column":14}},"loc":{"start":{"line":22,"column":28},"end":{"line":26,"column":9}},"line":22},"2":{"name":"(anonymous_2)","decl":{"start":{"line":63,"column":13},"end":{"line":63,"column":14}},"loc":{"start":{"line":63,"column":28},"end":{"line":67,"column":9}},"line":63},"3":{"name":"(anonymous_3)","decl":{"start":{"line":83,"column":13},"end":{"line":83,"column":14}},"loc":{"start":{"line":83,"column":28},"end":{"line":87,"column":9}},"line":83}},"branchMap":{},"s":{"0":1,"1":1,"2":1,"3":1,"4":1,"5":1,"6":1,"7":0,"8":0,"9":0,"10":1,"11":1,"12":1,"13":1,"14":1,"15":1,"16":1,"17":1,"18":1,"19":1,"20":1,"21":1,"22":1,"23":0,"24":0,"25":0,"26":1,"27":1,"28":1,"29":1,"30":0,"31":0,"32":0,"33":1,"34":1,"35":1,"36":1,"37":1,"38":1,"39":1,"40":1,"41":1,"42":1,"43":1,"44":1,"45":1,"46":1,"47":1,"48":1,"49":1,"50":1,"51":1,"52":1,"53":1,"54":1,"55":1,"56":1,"57":1,"58":1,"59":1},"f":{"0":1,"1":0,"2":0,"3":0},"b":{},"_coverageSchema":"1a1c01bbd47fc00a2c39e90264f33305004495a9","hash":"5d714c4552a88cff12cfcc509650be1e71a9d007","contentHash":"b78eef4a159d20900a484baff225bd5e1b44153303b24d6124f969f2569802d0"},"/home/marcus/UNI/Year 3/COS 301/Capstone/Feature-Improvments/3D-model-Binary-Vision/Application/api/controller/3DModelController.js":{"path":"/home/marcus/UNI/Year 3/COS 301/Capstone/Feature-Improvments/3D-model-Binary-Vision/Application/api/controller/3DModelController.js","statementMap":{"0":{"start":{"line":11,"column":9},"end":{"line":11,"column":22}},"1":{"start":{"line":12,"column":15},"end":{"line":12,"column":32}},"2":{"start":{"line":13,"column":24},"end":{"line":13,"column":50}},"3":{"start":{"line":14,"column":17},"end":{"line":14,"column":38}},"4":{"start":{"line":15,"column":15},"end":{"line":15,"column":34}},"5":{"start":{"line":16,"column":13},"end":{"line":16,"column":30}},"6":{"start":{"line":18,"column":13},"end":{"line":18,"column":55}},"7":{"start":{"line":19,"column":14},"end":{"line":19,"column":57}},"8":{"start":{"line":20,"column":19},"end":{"line":20,"column":67}},"9":{"start":{"line":21,"column":19},"end":{"line":21,"column":67}},"10":{"start":{"line":22,"column":14},"end":{"line":22,"column":57}},"11":{"start":{"line":23,"column":22},"end":{"line":23,"column":73}},"12":{"start":{"line":24,"column":15},"end":{"line":24,"column":59}},"13":{"start":{"line":27,"column":17},"end":{"line":27,"column":38}},"14":{"start":{"line":28,"column":20},"end":{"line":35,"column":3}},"15":{"start":{"line":38,"column":17},"end":{"line":38,"column":23}},"16":{"start":{"line":39,"column":18},"end":{"line":39,"column":23}},"17":{"start":{"line":41,"column":0},"end":{"line":1448,"column":2}},"18":{"start":{"line":47,"column":37},"end":{"line":47,"column":45}},"19":{"start":{"line":49,"column":8},"end":{"line":49,"column":47}},"20":{"start":{"line":51,"column":8},"end":{"line":76,"column":11}},"21":{"start":{"line":53,"column":12},"end":{"line":57,"column":13}},"22":{"start":{"line":55,"column":16},"end":{"line":55,"column":37}},"23":{"start":{"line":56,"column":16},"end":{"line":56,"column":23}},"24":{"start":{"line":58,"column":12},"end":{"line":74,"column":13}},"25":{"start":{"line":61,"column":16},"end":{"line":73,"column":18}},"26":{"start":{"line":62,"column":20},"end":{"line":72,"column":21}},"27":{"start":{"line":64,"column":24},"end":{"line":64,"column":89}},"28":{"start":{"line":65,"column":24},"end":{"line":65,"column":61}},"29":{"start":{"line":66,"column":24},"end":{"line":66,"column":79}},"30":{"start":{"line":67,"column":24},"end":{"line":67,"column":31}},"31":{"start":{"line":70,"column":24},"end":{"line":70,"column":39}},"32":{"start":{"line":71,"column":24},"end":{"line":71,"column":31}},"33":{"start":{"line":78,"column":8},"end":{"line":103,"column":11}},"34":{"start":{"line":80,"column":12},"end":{"line":84,"column":13}},"35":{"start":{"line":82,"column":14},"end":{"line":82,"column":28}},"36":{"start":{"line":83,"column":14},"end":{"line":83,"column":21}},"37":{"start":{"line":86,"column":12},"end":{"line":102,"column":13}},"38":{"start":{"line":88,"column":16},"end":{"line":100,"column":18}},"39":{"start":{"line":89,"column":19},"end":{"line":98,"column":20}},"40":{"start":{"line":90,"column":24},"end":{"line":90,"column":95}},"41":{"start":{"line":91,"column":24},"end":{"line":91,"column":54}},"42":{"start":{"line":92,"column":24},"end":{"line":92,"column":85}},"43":{"start":{"line":93,"column":24},"end":{"line":93,"column":31}},"44":{"start":{"line":96,"column":23},"end":{"line":96,"column":39}},"45":{"start":{"line":97,"column":23},"end":{"line":97,"column":30}},"46":{"start":{"line":104,"column":8},"end":{"line":104,"column":24}},"47":{"start":{"line":105,"column":8},"end":{"line":105,"column":15}},"48":{"start":{"line":114,"column":8},"end":{"line":124,"column":11}},"49":{"start":{"line":116,"column":12},"end":{"line":119,"column":13}},"50":{"start":{"line":120,"column":12},"end":{"line":123,"column":13}},"51":{"start":{"line":122,"column":16},"end":{"line":122,"column":77}},"52":{"start":{"line":125,"column":8},"end":{"line":135,"column":11}},"53":{"start":{"line":127,"column":12},"end":{"line":130,"column":13}},"54":{"start":{"line":131,"column":12},"end":{"line":134,"column":13}},"55":{"start":{"line":133,"column":16},"end":{"line":133,"column":71}},"56":{"start":{"line":136,"column":8},"end":{"line":136,"column":59}},"57":{"start":{"line":137,"column":8},"end":{"line":137,"column":64}},"58":{"start":{"line":138,"column":8},"end":{"line":138,"column":49}},"59":{"start":{"line":139,"column":8},"end":{"line":139,"column":37}},"60":{"start":{"line":148,"column":60},"end":{"line":148,"column":68}},"61":{"start":{"line":150,"column":8},"end":{"line":150,"column":30}},"62":{"start":{"line":151,"column":8},"end":{"line":151,"column":34}},"63":{"start":{"line":152,"column":8},"end":{"line":152,"column":38}},"64":{"start":{"line":154,"column":8},"end":{"line":199,"column":11}},"65":{"start":{"line":156,"column":12},"end":{"line":198,"column":13}},"66":{"start":{"line":159,"column":16},"end":{"line":159,"column":64}},"67":{"start":{"line":160,"column":16},"end":{"line":160,"column":23}},"68":{"start":{"line":164,"column":34},"end":{"line":164,"column":89}},"69":{"start":{"line":165,"column":16},"end":{"line":197,"column":19}},"70":{"start":{"line":168,"column":20},"end":{"line":196,"column":21}},"71":{"start":{"line":170,"column":24},"end":{"line":170,"column":38}},"72":{"start":{"line":171,"column":24},"end":{"line":171,"column":31}},"73":{"start":{"line":176,"column":36},"end":{"line":176,"column":46}},"74":{"start":{"line":177,"column":35},"end":{"line":177,"column":105}},"75":{"start":{"line":178,"column":36},"end":{"line":178,"column":52}},"76":{"start":{"line":179,"column":38},"end":{"line":179,"column":56}},"77":{"start":{"line":180,"column":38},"end":{"line":180,"column":56}},"78":{"start":{"line":181,"column":35},"end":{"line":181,"column":72}},"79":{"start":{"line":182,"column":35},"end":{"line":182,"column":98}},"80":{"start":{"line":183,"column":36},"end":{"line":183,"column":69}},"81":{"start":{"line":184,"column":24},"end":{"line":193,"column":27}},"82":{"start":{"line":185,"column":28},"end":{"line":192,"column":29}},"83":{"start":{"line":187,"column":32},"end":{"line":187,"column":49}},"84":{"start":{"line":191,"column":32},"end":{"line":191,"column":87}},"85":{"start":{"line":194,"column":24},"end":{"line":194,"column":53}},"86":{"start":{"line":195,"column":24},"end":{"line":195,"column":31}},"87":{"start":{"line":208,"column":92},"end":{"line":208,"column":100}},"88":{"start":{"line":211,"column":8},"end":{"line":278,"column":11}},"89":{"start":{"line":212,"column":12},"end":{"line":216,"column":13}},"90":{"start":{"line":214,"column":16},"end":{"line":214,"column":32}},"91":{"start":{"line":215,"column":16},"end":{"line":215,"column":23}},"92":{"start":{"line":217,"column":12},"end":{"line":277,"column":13}},"93":{"start":{"line":218,"column":16},"end":{"line":270,"column":17}},"94":{"start":{"line":221,"column":20},"end":{"line":221,"column":59}},"95":{"start":{"line":222,"column":20},"end":{"line":262,"column":23}},"96":{"start":{"line":223,"column":24},"end":{"line":223,"column":45}},"97":{"start":{"line":224,"column":24},"end":{"line":261,"column":25}},"98":{"start":{"line":226,"column":43},"end":{"line":226,"column":105}},"99":{"start":{"line":227,"column":28},"end":{"line":242,"column":31}},"100":{"start":{"line":229,"column":32},"end":{"line":241,"column":33}},"101":{"start":{"line":231,"column":36},"end":{"line":231,"column":52}},"102":{"start":{"line":232,"column":36},"end":{"line":232,"column":50}},"103":{"start":{"line":233,"column":36},"end":{"line":233,"column":43}},"104":{"start":{"line":238,"column":36},"end":{"line":238,"column":83}},"105":{"start":{"line":239,"column":36},"end":{"line":239,"column":64}},"106":{"start":{"line":240,"column":36},"end":{"line":240,"column":43}},"107":{"start":{"line":244,"column":29},"end":{"line":261,"column":25}},"108":{"start":{"line":246,"column":49},"end":{"line":246,"column":123}},"109":{"start":{"line":247,"column":28},"end":{"line":260,"column":31}},"110":{"start":{"line":249,"column":32},"end":{"line":259,"column":33}},"111":{"start":{"line":251,"column":32},"end":{"line":251,"column":46}},"112":{"start":{"line":256,"column":36},"end":{"line":256,"column":89}},"113":{"start":{"line":257,"column":36},"end":{"line":257,"column":64}},"114":{"start":{"line":258,"column":36},"end":{"line":258,"column":43}},"115":{"start":{"line":268,"column":20},"end":{"line":268,"column":57}},"116":{"start":{"line":269,"column":20},"end":{"line":269,"column":27}},"117":{"start":{"line":274,"column":16},"end":{"line":274,"column":36}},"118":{"start":{"line":275,"column":16},"end":{"line":275,"column":23}},"119":{"start":{"line":280,"column":8},"end":{"line":280,"column":15}},"120":{"start":{"line":288,"column":23},"end":{"line":288,"column":40}},"121":{"start":{"line":289,"column":8},"end":{"line":296,"column":11}},"122":{"start":{"line":290,"column":12},"end":{"line":295,"column":13}},"123":{"start":{"line":293,"column":16},"end":{"line":293,"column":45}},"124":{"start":{"line":294,"column":16},"end":{"line":294,"column":23}},"125":{"start":{"line":298,"column":8},"end":{"line":304,"column":10}},"126":{"start":{"line":299,"column":12},"end":{"line":303,"column":13}},"127":{"start":{"line":301,"column":16},"end":{"line":301,"column":51}},"128":{"start":{"line":302,"column":16},"end":{"line":302,"column":23}},"129":{"start":{"line":313,"column":20},"end":{"line":313,"column":34}},"130":{"start":{"line":315,"column":8},"end":{"line":322,"column":11}},"131":{"start":{"line":316,"column":12},"end":{"line":321,"column":13}},"132":{"start":{"line":319,"column":16},"end":{"line":319,"column":45}},"133":{"start":{"line":320,"column":16},"end":{"line":320,"column":23}},"134":{"start":{"line":324,"column":8},"end":{"line":330,"column":11}},"135":{"start":{"line":325,"column":12},"end":{"line":329,"column":13}},"136":{"start":{"line":327,"column":16},"end":{"line":327,"column":51}},"137":{"start":{"line":328,"column":16},"end":{"line":328,"column":23}},"138":{"start":{"line":339,"column":8},"end":{"line":342,"column":9}},"139":{"start":{"line":341,"column":12},"end":{"line":341,"column":39}},"140":{"start":{"line":343,"column":8},"end":{"line":344,"column":41}},"141":{"start":{"line":345,"column":8},"end":{"line":345,"column":15}},"142":{"start":{"line":353,"column":81},"end":{"line":353,"column":89}},"143":{"start":{"line":354,"column":8},"end":{"line":421,"column":11}},"144":{"start":{"line":356,"column":12},"end":{"line":420,"column":13}},"145":{"start":{"line":358,"column":16},"end":{"line":358,"column":97}},"146":{"start":{"line":359,"column":16},"end":{"line":359,"column":23}},"147":{"start":{"line":363,"column":16},"end":{"line":419,"column":17}},"148":{"start":{"line":366,"column":38},"end":{"line":366,"column":115}},"149":{"start":{"line":368,"column":20},"end":{"line":380,"column":23}},"150":{"start":{"line":370,"column":24},"end":{"line":379,"column":25}},"151":{"start":{"line":372,"column":28},"end":{"line":372,"column":54}},"152":{"start":{"line":373,"column":28},"end":{"line":373,"column":35}},"153":{"start":{"line":377,"column":28},"end":{"line":377,"column":44}},"154":{"start":{"line":378,"column":28},"end":{"line":378,"column":57}},"155":{"start":{"line":382,"column":20},"end":{"line":382,"column":84}},"156":{"start":{"line":383,"column":20},"end":{"line":383,"column":27}},"157":{"start":{"line":388,"column":84},"end":{"line":388,"column":92}},"158":{"start":{"line":390,"column":20},"end":{"line":417,"column":23}},"159":{"start":{"line":392,"column":24},"end":{"line":395,"column":25}},"160":{"start":{"line":396,"column":24},"end":{"line":416,"column":25}},"161":{"start":{"line":398,"column":46},"end":{"line":398,"column":114}},"162":{"start":{"line":400,"column":28},"end":{"line":400,"column":66}},"163":{"start":{"line":402,"column":28},"end":{"line":414,"column":31}},"164":{"start":{"line":404,"column":32},"end":{"line":413,"column":33}},"165":{"start":{"line":406,"column":36},"end":{"line":406,"column":62}},"166":{"start":{"line":407,"column":36},"end":{"line":407,"column":43}},"167":{"start":{"line":411,"column":36},"end":{"line":411,"column":52}},"168":{"start":{"line":412,"column":36},"end":{"line":412,"column":65}},"169":{"start":{"line":415,"column":28},"end":{"line":415,"column":114}},"170":{"start":{"line":418,"column":20},"end":{"line":418,"column":27}},"171":{"start":{"line":429,"column":8},"end":{"line":438,"column":11}},"172":{"start":{"line":431,"column":12},"end":{"line":435,"column":13}},"173":{"start":{"line":433,"column":16},"end":{"line":433,"column":30}},"174":{"start":{"line":434,"column":16},"end":{"line":434,"column":23}},"175":{"start":{"line":436,"column":12},"end":{"line":436,"column":30}},"176":{"start":{"line":437,"column":12},"end":{"line":437,"column":19}},"177":{"start":{"line":446,"column":8},"end":{"line":450,"column":9}},"178":{"start":{"line":448,"column":12},"end":{"line":448,"column":49}},"179":{"start":{"line":449,"column":12},"end":{"line":449,"column":19}},"180":{"start":{"line":451,"column":8},"end":{"line":463,"column":11}},"181":{"start":{"line":453,"column":12},"end":{"line":462,"column":13}},"182":{"start":{"line":455,"column":16},"end":{"line":455,"column":66}},"183":{"start":{"line":456,"column":16},"end":{"line":456,"column":23}},"184":{"start":{"line":460,"column":16},"end":{"line":460,"column":47}},"185":{"start":{"line":461,"column":16},"end":{"line":461,"column":23}},"186":{"start":{"line":473,"column":8},"end":{"line":477,"column":9}},"187":{"start":{"line":475,"column":12},"end":{"line":475,"column":49}},"188":{"start":{"line":476,"column":12},"end":{"line":476,"column":19}},"189":{"start":{"line":479,"column":8},"end":{"line":481,"column":58}},"190":{"start":{"line":482,"column":8},"end":{"line":482,"column":15}},"191":{"start":{"line":490,"column":8},"end":{"line":494,"column":9}},"192":{"start":{"line":492,"column":12},"end":{"line":492,"column":49}},"193":{"start":{"line":493,"column":12},"end":{"line":493,"column":19}},"194":{"start":{"line":496,"column":8},"end":{"line":519,"column":11}},"195":{"start":{"line":498,"column":12},"end":{"line":503,"column":13}},"196":{"start":{"line":500,"column":16},"end":{"line":501,"column":50}},"197":{"start":{"line":502,"column":16},"end":{"line":502,"column":23}},"198":{"start":{"line":505,"column":27},"end":{"line":505,"column":43}},"199":{"start":{"line":506,"column":12},"end":{"line":511,"column":13}},"200":{"start":{"line":508,"column":16},"end":{"line":509,"column":48}},"201":{"start":{"line":510,"column":16},"end":{"line":510,"column":23}},"202":{"start":{"line":515,"column":31},"end":{"line":515,"column":87}},"203":{"start":{"line":517,"column":12},"end":{"line":517,"column":41}},"204":{"start":{"line":527,"column":8},"end":{"line":532,"column":9}},"205":{"start":{"line":529,"column":10},"end":{"line":530,"column":34}},"206":{"start":{"line":531,"column":10},"end":{"line":531,"column":17}},"207":{"start":{"line":534,"column":8},"end":{"line":545,"column":11}},"208":{"start":{"line":536,"column":12},"end":{"line":544,"column":13}},"209":{"start":{"line":538,"column":16},"end":{"line":539,"column":31}},"210":{"start":{"line":543,"column":16},"end":{"line":543,"column":72}},"211":{"start":{"line":554,"column":22},"end":{"line":554,"column":35}},"212":{"start":{"line":555,"column":21},"end":{"line":555,"column":33}},"213":{"start":{"line":557,"column":8},"end":{"line":605,"column":11}},"214":{"start":{"line":559,"column":12},"end":{"line":562,"column":13}},"215":{"start":{"line":561,"column":16},"end":{"line":561,"column":37}},"216":{"start":{"line":564,"column":26},"end":{"line":564,"column":37}},"217":{"start":{"line":566,"column":31},"end":{"line":566,"column":62}},"218":{"start":{"line":568,"column":28},"end":{"line":571,"column":13}},"219":{"start":{"line":573,"column":12},"end":{"line":604,"column":15}},"220":{"start":{"line":574,"column":14},"end":{"line":603,"column":15}},"221":{"start":{"line":576,"column":18},"end":{"line":576,"column":32}},"222":{"start":{"line":580,"column":18},"end":{"line":602,"column":21}},"223":{"start":{"line":584,"column":43},"end":{"line":590,"column":24}},"224":{"start":{"line":592,"column":22},"end":{"line":601,"column":25}},"225":{"start":{"line":594,"column":26},"end":{"line":597,"column":27}},"226":{"start":{"line":596,"column":28},"end":{"line":596,"column":42}},"227":{"start":{"line":598,"column":26},"end":{"line":599,"column":45}},"228":{"start":{"line":600,"column":26},"end":{"line":600,"column":33}},"229":{"start":{"line":613,"column":22},"end":{"line":613,"column":35}},"230":{"start":{"line":614,"column":21},"end":{"line":614,"column":33}},"231":{"start":{"line":615,"column":8},"end":{"line":659,"column":11}},"232":{"start":{"line":617,"column":12},"end":{"line":620,"column":13}},"233":{"start":{"line":619,"column":16},"end":{"line":619,"column":37}},"234":{"start":{"line":622,"column":28},"end":{"line":622,"column":41}},"235":{"start":{"line":624,"column":31},"end":{"line":624,"column":64}},"236":{"start":{"line":626,"column":28},"end":{"line":629,"column":13}},"237":{"start":{"line":631,"column":12},"end":{"line":658,"column":15}},"238":{"start":{"line":633,"column":16},"end":{"line":637,"column":17}},"239":{"start":{"line":635,"column":20},"end":{"line":635,"column":34}},"240":{"start":{"line":636,"column":20},"end":{"line":636,"column":27}},"241":{"start":{"line":638,"column":16},"end":{"line":657,"column":19}},"242":{"start":{"line":640,"column":20},"end":{"line":644,"column":21}},"243":{"start":{"line":642,"column":24},"end":{"line":642,"column":71}},"244":{"start":{"line":643,"column":24},"end":{"line":643,"column":31}},"245":{"start":{"line":645,"column":41},"end":{"line":650,"column":22}},"246":{"start":{"line":652,"column":20},"end":{"line":656,"column":23}},"247":{"start":{"line":654,"column":24},"end":{"line":655,"column":54}},"248":{"start":{"line":665,"column":8},"end":{"line":691,"column":9}},"249":{"start":{"line":666,"column":12},"end":{"line":666,"column":49}},"250":{"start":{"line":667,"column":12},"end":{"line":667,"column":19}},"251":{"start":{"line":671,"column":31},"end":{"line":671,"column":44}},"252":{"start":{"line":673,"column":12},"end":{"line":689,"column":14}},"253":{"start":{"line":674,"column":16},"end":{"line":687,"column":17}},"254":{"start":{"line":677,"column":21},"end":{"line":687,"column":17}},"255":{"start":{"line":678,"column":37},"end":{"line":678,"column":50}},"256":{"start":{"line":679,"column":39},"end":{"line":679,"column":97}},"257":{"start":{"line":681,"column":20},"end":{"line":681,"column":49}},"258":{"start":{"line":682,"column":20},"end":{"line":682,"column":40}},"259":{"start":{"line":683,"column":20},"end":{"line":683,"column":27}},"260":{"start":{"line":686,"column":20},"end":{"line":686,"column":47}},"261":{"start":{"line":699,"column":6},"end":{"line":704,"column":7}},"262":{"start":{"line":701,"column":10},"end":{"line":702,"column":34}},"263":{"start":{"line":703,"column":10},"end":{"line":703,"column":17}},"264":{"start":{"line":705,"column":6},"end":{"line":718,"column":9}},"265":{"start":{"line":707,"column":10},"end":{"line":717,"column":11}},"266":{"start":{"line":709,"column":14},"end":{"line":709,"column":62}},"267":{"start":{"line":710,"column":14},"end":{"line":710,"column":21}},"268":{"start":{"line":714,"column":14},"end":{"line":715,"column":30}},"269":{"start":{"line":716,"column":14},"end":{"line":716,"column":21}},"270":{"start":{"line":726,"column":8},"end":{"line":731,"column":9}},"271":{"start":{"line":728,"column":12},"end":{"line":729,"column":36}},"272":{"start":{"line":730,"column":12},"end":{"line":730,"column":19}},"273":{"start":{"line":733,"column":8},"end":{"line":747,"column":11}},"274":{"start":{"line":735,"column":12},"end":{"line":746,"column":13}},"275":{"start":{"line":737,"column":16},"end":{"line":738,"column":53}},"276":{"start":{"line":739,"column":16},"end":{"line":739,"column":23}},"277":{"start":{"line":743,"column":16},"end":{"line":744,"column":34}},"278":{"start":{"line":745,"column":16},"end":{"line":745,"column":23}},"279":{"start":{"line":755,"column":7},"end":{"line":755,"column":42}},"280":{"start":{"line":756,"column":8},"end":{"line":760,"column":9}},"281":{"start":{"line":758,"column":12},"end":{"line":758,"column":49}},"282":{"start":{"line":759,"column":12},"end":{"line":759,"column":19}},"283":{"start":{"line":762,"column":44},"end":{"line":762,"column":52}},"284":{"start":{"line":764,"column":8},"end":{"line":864,"column":11}},"285":{"start":{"line":766,"column":12},"end":{"line":769,"column":13}},"286":{"start":{"line":770,"column":12},"end":{"line":863,"column":13}},"287":{"start":{"line":772,"column":16},"end":{"line":862,"column":17}},"288":{"start":{"line":774,"column":20},"end":{"line":774,"column":51}},"289":{"start":{"line":775,"column":20},"end":{"line":791,"column":23}},"290":{"start":{"line":777,"column":24},"end":{"line":780,"column":25}},"291":{"start":{"line":778,"column":28},"end":{"line":778,"column":44}},"292":{"start":{"line":779,"column":28},"end":{"line":779,"column":35}},"293":{"start":{"line":781,"column":24},"end":{"line":790,"column":25}},"294":{"start":{"line":783,"column":28},"end":{"line":783,"column":58}},"295":{"start":{"line":784,"column":28},"end":{"line":784,"column":35}},"296":{"start":{"line":788,"column":28},"end":{"line":788,"column":69}},"297":{"start":{"line":789,"column":28},"end":{"line":789,"column":35}},"298":{"start":{"line":793,"column":21},"end":{"line":862,"column":17}},"299":{"start":{"line":795,"column":20},"end":{"line":814,"column":23}},"300":{"start":{"line":797,"column":24},"end":{"line":801,"column":25}},"301":{"start":{"line":799,"column":28},"end":{"line":799,"column":44}},"302":{"start":{"line":800,"column":28},"end":{"line":800,"column":35}},"303":{"start":{"line":802,"column":24},"end":{"line":812,"column":25}},"304":{"start":{"line":804,"column":28},"end":{"line":805,"column":43}},"305":{"start":{"line":806,"column":28},"end":{"line":806,"column":35}},"306":{"start":{"line":810,"column":28},"end":{"line":810,"column":69}},"307":{"start":{"line":811,"column":28},"end":{"line":811,"column":35}},"308":{"start":{"line":816,"column":21},"end":{"line":862,"column":17}},"309":{"start":{"line":818,"column":20},"end":{"line":835,"column":23}},"310":{"start":{"line":820,"column":24},"end":{"line":824,"column":25}},"311":{"start":{"line":822,"column":28},"end":{"line":822,"column":44}},"312":{"start":{"line":823,"column":28},"end":{"line":823,"column":35}},"313":{"start":{"line":825,"column":24},"end":{"line":834,"column":25}},"314":{"start":{"line":827,"column":28},"end":{"line":827,"column":46}},"315":{"start":{"line":828,"column":28},"end":{"line":828,"column":35}},"316":{"start":{"line":832,"column":28},"end":{"line":832,"column":69}},"317":{"start":{"line":833,"column":28},"end":{"line":833,"column":35}},"318":{"start":{"line":837,"column":21},"end":{"line":862,"column":17}},"319":{"start":{"line":839,"column":20},"end":{"line":856,"column":23}},"320":{"start":{"line":841,"column":24},"end":{"line":845,"column":25}},"321":{"start":{"line":843,"column":28},"end":{"line":843,"column":44}},"322":{"start":{"line":844,"column":28},"end":{"line":844,"column":35}},"323":{"start":{"line":846,"column":24},"end":{"line":855,"column":25}},"324":{"start":{"line":848,"column":28},"end":{"line":848,"column":58}},"325":{"start":{"line":849,"column":28},"end":{"line":849,"column":35}},"326":{"start":{"line":853,"column":28},"end":{"line":853,"column":69}},"327":{"start":{"line":854,"column":28},"end":{"line":854,"column":35}},"328":{"start":{"line":860,"column":20},"end":{"line":860,"column":36}},"329":{"start":{"line":861,"column":20},"end":{"line":861,"column":27}},"330":{"start":{"line":872,"column":8},"end":{"line":876,"column":9}},"331":{"start":{"line":874,"column":12},"end":{"line":874,"column":49}},"332":{"start":{"line":875,"column":12},"end":{"line":875,"column":19}},"333":{"start":{"line":877,"column":19},"end":{"line":877,"column":29}},"334":{"start":{"line":878,"column":16},"end":{"line":878,"column":85}},"335":{"start":{"line":880,"column":8},"end":{"line":891,"column":11}},"336":{"start":{"line":882,"column":12},"end":{"line":886,"column":13}},"337":{"start":{"line":884,"column":16},"end":{"line":884,"column":66}},"338":{"start":{"line":885,"column":16},"end":{"line":885,"column":23}},"339":{"start":{"line":888,"column":12},"end":{"line":889,"column":27}},"340":{"start":{"line":890,"column":12},"end":{"line":890,"column":19}},"341":{"start":{"line":899,"column":8},"end":{"line":904,"column":9}},"342":{"start":{"line":901,"column":12},"end":{"line":902,"column":36}},"343":{"start":{"line":903,"column":12},"end":{"line":903,"column":19}},"344":{"start":{"line":906,"column":17},"end":{"line":906,"column":54}},"345":{"start":{"line":908,"column":8},"end":{"line":919,"column":11}},"346":{"start":{"line":910,"column":12},"end":{"line":915,"column":13}},"347":{"start":{"line":912,"column":16},"end":{"line":913,"column":50}},"348":{"start":{"line":914,"column":16},"end":{"line":914,"column":23}},"349":{"start":{"line":916,"column":12},"end":{"line":917,"column":53}},"350":{"start":{"line":918,"column":12},"end":{"line":918,"column":19}},"351":{"start":{"line":927,"column":6},"end":{"line":932,"column":7}},"352":{"start":{"line":929,"column":8},"end":{"line":930,"column":32}},"353":{"start":{"line":931,"column":8},"end":{"line":931,"column":15}},"354":{"start":{"line":934,"column":15},"end":{"line":934,"column":52}},"355":{"start":{"line":935,"column":19},"end":{"line":935,"column":34}},"356":{"start":{"line":937,"column":6},"end":{"line":954,"column":9}},"357":{"start":{"line":939,"column":10},"end":{"line":942,"column":11}},"358":{"start":{"line":943,"column":10},"end":{"line":953,"column":11}},"359":{"start":{"line":945,"column":14},"end":{"line":952,"column":15}},"360":{"start":{"line":947,"column":16},"end":{"line":947,"column":92}},"361":{"start":{"line":949,"column":19},"end":{"line":952,"column":15}},"362":{"start":{"line":951,"column":16},"end":{"line":951,"column":92}},"363":{"start":{"line":956,"column":6},"end":{"line":969,"column":9}},"364":{"start":{"line":958,"column":10},"end":{"line":961,"column":11}},"365":{"start":{"line":962,"column":10},"end":{"line":968,"column":11}},"366":{"start":{"line":964,"column":14},"end":{"line":967,"column":15}},"367":{"start":{"line":966,"column":16},"end":{"line":966,"column":92}},"368":{"start":{"line":971,"column":6},"end":{"line":982,"column":9}},"369":{"start":{"line":973,"column":10},"end":{"line":978,"column":11}},"370":{"start":{"line":975,"column":12},"end":{"line":976,"column":45}},"371":{"start":{"line":977,"column":12},"end":{"line":977,"column":19}},"372":{"start":{"line":979,"column":10},"end":{"line":980,"column":51}},"373":{"start":{"line":981,"column":10},"end":{"line":981,"column":17}},"374":{"start":{"line":989,"column":8},"end":{"line":993,"column":9}},"375":{"start":{"line":991,"column":12},"end":{"line":991,"column":49}},"376":{"start":{"line":992,"column":12},"end":{"line":992,"column":19}},"377":{"start":{"line":995,"column":8},"end":{"line":1005,"column":11}},"378":{"start":{"line":996,"column":12},"end":{"line":1000,"column":13}},"379":{"start":{"line":998,"column":16},"end":{"line":998,"column":32}},"380":{"start":{"line":999,"column":16},"end":{"line":999,"column":23}},"381":{"start":{"line":1002,"column":12},"end":{"line":1002,"column":42}},"382":{"start":{"line":1003,"column":12},"end":{"line":1003,"column":19}},"383":{"start":{"line":1014,"column":8},"end":{"line":1019,"column":9}},"384":{"start":{"line":1016,"column":10},"end":{"line":1017,"column":34}},"385":{"start":{"line":1018,"column":10},"end":{"line":1018,"column":17}},"386":{"start":{"line":1021,"column":8},"end":{"line":1032,"column":11}},"387":{"start":{"line":1023,"column":12},"end":{"line":1031,"column":13}},"388":{"start":{"line":1025,"column":16},"end":{"line":1026,"column":31}},"389":{"start":{"line":1030,"column":16},"end":{"line":1030,"column":72}},"390":{"start":{"line":1040,"column":40},"end":{"line":1040,"column":48}},"391":{"start":{"line":1042,"column":8},"end":{"line":1042,"column":28}},"392":{"start":{"line":1044,"column":8},"end":{"line":1044,"column":47}},"393":{"start":{"line":1045,"column":22},"end":{"line":1045,"column":27}},"394":{"start":{"line":1046,"column":8},"end":{"line":1098,"column":11}},"395":{"start":{"line":1047,"column":12},"end":{"line":1096,"column":13}},"396":{"start":{"line":1049,"column":16},"end":{"line":1090,"column":17}},"397":{"start":{"line":1051,"column":20},"end":{"line":1089,"column":22}},"398":{"start":{"line":1052,"column":24},"end":{"line":1088,"column":26}},"399":{"start":{"line":1053,"column":28},"end":{"line":1078,"column":29}},"400":{"start":{"line":1055,"column":32},"end":{"line":1074,"column":34}},"401":{"start":{"line":1056,"column":34},"end":{"line":1064,"column":35}},"402":{"start":{"line":1058,"column":38},"end":{"line":1058,"column":69}},"403":{"start":{"line":1059,"column":38},"end":{"line":1059,"column":45}},"404":{"start":{"line":1063,"column":38},"end":{"line":1063,"column":53}},"405":{"start":{"line":1066,"column":34},"end":{"line":1072,"column":35}},"406":{"start":{"line":1068,"column":38},"end":{"line":1071,"column":40}},"407":{"start":{"line":1069,"column":42},"end":{"line":1069,"column":69}},"408":{"start":{"line":1070,"column":42},"end":{"line":1070,"column":49}},"409":{"start":{"line":1077,"column":32},"end":{"line":1077,"column":47}},"410":{"start":{"line":1080,"column":28},"end":{"line":1087,"column":29}},"411":{"start":{"line":1083,"column":32},"end":{"line":1086,"column":34}},"412":{"start":{"line":1084,"column":36},"end":{"line":1084,"column":63}},"413":{"start":{"line":1085,"column":36},"end":{"line":1085,"column":43}},"414":{"start":{"line":1094,"column":16},"end":{"line":1094,"column":47}},"415":{"start":{"line":1095,"column":16},"end":{"line":1095,"column":23}},"416":{"start":{"line":1100,"column":8},"end":{"line":1100,"column":15}},"417":{"start":{"line":1108,"column":33},"end":{"line":1108,"column":41}},"418":{"start":{"line":1109,"column":8},"end":{"line":1163,"column":9}},"419":{"start":{"line":1112,"column":13},"end":{"line":1128,"column":15}},"420":{"start":{"line":1114,"column":13},"end":{"line":1127,"column":13}},"421":{"start":{"line":1117,"column":17},"end":{"line":1122,"column":19}},"422":{"start":{"line":1118,"column":20},"end":{"line":1121,"column":21}},"423":{"start":{"line":1120,"column":24},"end":{"line":1120,"column":115}},"424":{"start":{"line":1126,"column":16},"end":{"line":1126,"column":101}},"425":{"start":{"line":1132,"column":12},"end":{"line":1146,"column":15}},"426":{"start":{"line":1134,"column":16},"end":{"line":1145,"column":17}},"427":{"start":{"line":1136,"column":19},"end":{"line":1136,"column":108}},"428":{"start":{"line":1137,"column":19},"end":{"line":1143,"column":22}},"429":{"start":{"line":1139,"column":24},"end":{"line":1142,"column":25}},"430":{"start":{"line":1141,"column":28},"end":{"line":1141,"column":119}},"431":{"start":{"line":1144,"column":19},"end":{"line":1144,"column":26}},"432":{"start":{"line":1148,"column":12},"end":{"line":1162,"column":15}},"433":{"start":{"line":1150,"column":17},"end":{"line":1161,"column":18}},"434":{"start":{"line":1152,"column":20},"end":{"line":1152,"column":109}},"435":{"start":{"line":1153,"column":20},"end":{"line":1159,"column":23}},"436":{"start":{"line":1155,"column":25},"end":{"line":1158,"column":26}},"437":{"start":{"line":1157,"column":29},"end":{"line":1157,"column":120}},"438":{"start":{"line":1160,"column":20},"end":{"line":1160,"column":27}},"439":{"start":{"line":1164,"column":8},"end":{"line":1164,"column":35}},"440":{"start":{"line":1165,"column":8},"end":{"line":1165,"column":15}},"441":{"start":{"line":1173,"column":8},"end":{"line":1207,"column":9}},"442":{"start":{"line":1175,"column":12},"end":{"line":1175,"column":49}},"443":{"start":{"line":1176,"column":12},"end":{"line":1176,"column":19}},"444":{"start":{"line":1180,"column":12},"end":{"line":1205,"column":14}},"445":{"start":{"line":1181,"column":16},"end":{"line":1204,"column":17}},"446":{"start":{"line":1184,"column":21},"end":{"line":1204,"column":17}},"447":{"start":{"line":1185,"column":30},"end":{"line":1185,"column":99}},"448":{"start":{"line":1186,"column":20},"end":{"line":1186,"column":43}},"449":{"start":{"line":1187,"column":20},"end":{"line":1187,"column":51}},"450":{"start":{"line":1190,"column":20},"end":{"line":1203,"column":22}},"451":{"start":{"line":1191,"column":24},"end":{"line":1202,"column":25}},"452":{"start":{"line":1194,"column":29},"end":{"line":1202,"column":25}},"453":{"start":{"line":1195,"column":38},"end":{"line":1195,"column":106}},"454":{"start":{"line":1196,"column":28},"end":{"line":1196,"column":51}},"455":{"start":{"line":1197,"column":28},"end":{"line":1197,"column":59}},"456":{"start":{"line":1201,"column":28},"end":{"line":1201,"column":48}},"457":{"start":{"line":1216,"column":23},"end":{"line":1216,"column":40}},"458":{"start":{"line":1217,"column":19},"end":{"line":1217,"column":39}},"459":{"start":{"line":1218,"column":20},"end":{"line":1218,"column":53}},"460":{"start":{"line":1219,"column":8},"end":{"line":1231,"column":11}},"461":{"start":{"line":1221,"column":12},"end":{"line":1230,"column":13}},"462":{"start":{"line":1223,"column":16},"end":{"line":1223,"column":33}},"463":{"start":{"line":1224,"column":16},"end":{"line":1224,"column":42}},"464":{"start":{"line":1228,"column":16},"end":{"line":1228,"column":57}},"465":{"start":{"line":1229,"column":16},"end":{"line":1229,"column":66}},"466":{"start":{"line":1240,"column":8},"end":{"line":1244,"column":9}},"467":{"start":{"line":1242,"column":12},"end":{"line":1242,"column":49}},"468":{"start":{"line":1243,"column":12},"end":{"line":1243,"column":19}},"469":{"start":{"line":1246,"column":8},"end":{"line":1282,"column":11}},"470":{"start":{"line":1248,"column":24},"end":{"line":1248,"column":34}},"471":{"start":{"line":1249,"column":23},"end":{"line":1249,"column":93}},"472":{"start":{"line":1250,"column":33},"end":{"line":1257,"column":14}},"473":{"start":{"line":1259,"column":12},"end":{"line":1269,"column":15}},"474":{"start":{"line":1261,"column":16},"end":{"line":1264,"column":17}},"475":{"start":{"line":1265,"column":16},"end":{"line":1268,"column":17}},"476":{"start":{"line":1267,"column":20},"end":{"line":1267,"column":117}},"477":{"start":{"line":1271,"column":12},"end":{"line":1281,"column":15}},"478":{"start":{"line":1273,"column":16},"end":{"line":1277,"column":17}},"479":{"start":{"line":1275,"column":18},"end":{"line":1275,"column":54}},"480":{"start":{"line":1276,"column":18},"end":{"line":1276,"column":25}},"481":{"start":{"line":1278,"column":16},"end":{"line":1279,"column":35}},"482":{"start":{"line":1280,"column":16},"end":{"line":1280,"column":23}},"483":{"start":{"line":1291,"column":8},"end":{"line":1295,"column":9}},"484":{"start":{"line":1293,"column":12},"end":{"line":1293,"column":49}},"485":{"start":{"line":1294,"column":12},"end":{"line":1294,"column":19}},"486":{"start":{"line":1297,"column":8},"end":{"line":1312,"column":11}},"487":{"start":{"line":1299,"column":12},"end":{"line":1310,"column":13}},"488":{"start":{"line":1301,"column":16},"end":{"line":1302,"column":66}},"489":{"start":{"line":1303,"column":16},"end":{"line":1303,"column":23}},"490":{"start":{"line":1307,"column":16},"end":{"line":1308,"column":39}},"491":{"start":{"line":1309,"column":16},"end":{"line":1309,"column":23}},"492":{"start":{"line":1320,"column":8},"end":{"line":1335,"column":11}},"493":{"start":{"line":1322,"column":12},"end":{"line":1333,"column":13}},"494":{"start":{"line":1324,"column":16},"end":{"line":1325,"column":49}},"495":{"start":{"line":1326,"column":16},"end":{"line":1326,"column":23}},"496":{"start":{"line":1330,"column":16},"end":{"line":1331,"column":52}},"497":{"start":{"line":1332,"column":16},"end":{"line":1332,"column":23}},"498":{"start":{"line":1343,"column":8},"end":{"line":1357,"column":11}},"499":{"start":{"line":1345,"column":12},"end":{"line":1350,"column":13}},"500":{"start":{"line":1347,"column":16},"end":{"line":1348,"column":48}},"501":{"start":{"line":1349,"column":16},"end":{"line":1349,"column":23}},"502":{"start":{"line":1351,"column":12},"end":{"line":1356,"column":13}},"503":{"start":{"line":1353,"column":16},"end":{"line":1354,"column":47}},"504":{"start":{"line":1355,"column":16},"end":{"line":1355,"column":23}},"505":{"start":{"line":1359,"column":8},"end":{"line":1373,"column":11}},"506":{"start":{"line":1361,"column":12},"end":{"line":1366,"column":13}},"507":{"start":{"line":1363,"column":16},"end":{"line":1364,"column":48}},"508":{"start":{"line":1365,"column":16},"end":{"line":1365,"column":23}},"509":{"start":{"line":1367,"column":12},"end":{"line":1372,"column":13}},"510":{"start":{"line":1369,"column":16},"end":{"line":1370,"column":47}},"511":{"start":{"line":1371,"column":16},"end":{"line":1371,"column":23}},"512":{"start":{"line":1381,"column":8},"end":{"line":1395,"column":11}},"513":{"start":{"line":1383,"column":12},"end":{"line":1388,"column":13}},"514":{"start":{"line":1385,"column":14},"end":{"line":1386,"column":46}},"515":{"start":{"line":1387,"column":14},"end":{"line":1387,"column":21}},"516":{"start":{"line":1389,"column":12},"end":{"line":1394,"column":13}},"517":{"start":{"line":1391,"column":16},"end":{"line":1392,"column":42}},"518":{"start":{"line":1393,"column":14},"end":{"line":1393,"column":21}},"519":{"start":{"line":1397,"column":8},"end":{"line":1411,"column":11}},"520":{"start":{"line":1399,"column":12},"end":{"line":1404,"column":13}},"521":{"start":{"line":1401,"column":14},"end":{"line":1402,"column":52}},"522":{"start":{"line":1403,"column":14},"end":{"line":1403,"column":21}},"523":{"start":{"line":1405,"column":12},"end":{"line":1410,"column":13}},"524":{"start":{"line":1407,"column":16},"end":{"line":1408,"column":51}},"525":{"start":{"line":1409,"column":16},"end":{"line":1409,"column":23}},"526":{"start":{"line":1419,"column":8},"end":{"line":1424,"column":9}},"527":{"start":{"line":1421,"column":12},"end":{"line":1422,"column":72}},"528":{"start":{"line":1423,"column":12},"end":{"line":1423,"column":19}},"529":{"start":{"line":1426,"column":8},"end":{"line":1445,"column":11}},"530":{"start":{"line":1428,"column":12},"end":{"line":1433,"column":13}},"531":{"start":{"line":1430,"column":16},"end":{"line":1431,"column":60}},"532":{"start":{"line":1432,"column":16},"end":{"line":1432,"column":23}},"533":{"start":{"line":1434,"column":12},"end":{"line":1443,"column":15}},"534":{"start":{"line":1436,"column":16},"end":{"line":1440,"column":17}},"535":{"start":{"line":1438,"column":20},"end":{"line":1438,"column":34}},"536":{"start":{"line":1439,"column":20},"end":{"line":1439,"column":27}},"537":{"start":{"line":1441,"column":16},"end":{"line":1441,"column":196}},"538":{"start":{"line":1442,"column":16},"end":{"line":1442,"column":23}},"539":{"start":{"line":1455,"column":21},"end":{"line":1460,"column":5}},"540":{"start":{"line":1463,"column":4},"end":{"line":1463,"column":204}},"541":{"start":{"line":1464,"column":4},"end":{"line":1464,"column":112}},"542":{"start":{"line":1465,"column":4},"end":{"line":1465,"column":359}},"543":{"start":{"line":1466,"column":4},"end":{"line":1466,"column":173}},"544":{"start":{"line":1467,"column":4},"end":{"line":1467,"column":175}},"545":{"start":{"line":1471,"column":4},"end":{"line":1471,"column":81}},"546":{"start":{"line":1472,"column":4},"end":{"line":1472,"column":78}},"547":{"start":{"line":1473,"column":4},"end":{"line":1473,"column":84}},"548":{"start":{"line":1474,"column":4},"end":{"line":1474,"column":74}},"549":{"start":{"line":1479,"column":14},"end":{"line":1479,"column":50}},"550":{"start":{"line":1481,"column":17},"end":{"line":1481,"column":53}},"551":{"start":{"line":1482,"column":17},"end":{"line":1482,"column":53}},"552":{"start":{"line":1484,"column":4},"end":{"line":1484,"column":72}},"553":{"start":{"line":1485,"column":4},"end":{"line":1485,"column":72}},"554":{"start":{"line":1488,"column":4},"end":{"line":1496,"column":7}},"555":{"start":{"line":1489,"column":8},"end":{"line":1495,"column":9}},"556":{"start":{"line":1491,"column":12},"end":{"line":1491,"column":29}},"557":{"start":{"line":1494,"column":12},"end":{"line":1494,"column":30}},"558":{"start":{"line":1501,"column":16},"end":{"line":1501,"column":26}},"559":{"start":{"line":1502,"column":15},"end":{"line":1502,"column":85}},"560":{"start":{"line":1503,"column":16},"end":{"line":1503,"column":32}},"561":{"start":{"line":1504,"column":18},"end":{"line":1504,"column":36}},"562":{"start":{"line":1505,"column":18},"end":{"line":1505,"column":36}},"563":{"start":{"line":1506,"column":15},"end":{"line":1506,"column":52}},"564":{"start":{"line":1507,"column":15},"end":{"line":1507,"column":56}},"565":{"start":{"line":1508,"column":16},"end":{"line":1508,"column":49}},"566":{"start":{"line":1509,"column":4},"end":{"line":1519,"column":7}},"567":{"start":{"line":1511,"column":8},"end":{"line":1518,"column":9}},"568":{"start":{"line":1513,"column":12},"end":{"line":1513,"column":29}},"569":{"start":{"line":1517,"column":12},"end":{"line":1517,"column":40}}},"fnMap":{"0":{"name":"(anonymous_0)","decl":{"start":{"line":45,"column":11},"end":{"line":45,"column":12}},"loc":{"start":{"line":46,"column":4},"end":{"line":106,"column":5}},"line":46},"1":{"name":"(anonymous_1)","decl":{"start":{"line":51,"column":52},"end":{"line":51,"column":53}},"loc":{"start":{"line":52,"column":8},"end":{"line":76,"column":9}},"line":52},"2":{"name":"(anonymous_2)","decl":{"start":{"line":61,"column":59},"end":{"line":61,"column":60}},"loc":{"start":{"line":61,"column":82},"end":{"line":73,"column":17}},"line":61},"3":{"name":"(anonymous_3)","decl":{"start":{"line":78,"column":55},"end":{"line":78,"column":56}},"loc":{"start":{"line":78,"column":82},"end":{"line":103,"column":9}},"line":78},"4":{"name":"(anonymous_4)","decl":{"start":{"line":88,"column":65},"end":{"line":88,"column":66}},"loc":{"start":{"line":88,"column":89},"end":{"line":100,"column":17}},"line":88},"5":{"name":"(anonymous_5)","decl":{"start":{"line":112,"column":11},"end":{"line":112,"column":12}},"loc":{"start":{"line":113,"column":4},"end":{"line":140,"column":5}},"line":113},"6":{"name":"(anonymous_6)","decl":{"start":{"line":114,"column":67},"end":{"line":114,"column":68}},"loc":{"start":{"line":115,"column":8},"end":{"line":124,"column":9}},"line":115},"7":{"name":"(anonymous_7)","decl":{"start":{"line":125,"column":73},"end":{"line":125,"column":74}},"loc":{"start":{"line":126,"column":8},"end":{"line":135,"column":9}},"line":126},"8":{"name":"(anonymous_8)","decl":{"start":{"line":147,"column":26},"end":{"line":147,"column":27}},"loc":{"start":{"line":147,"column":44},"end":{"line":201,"column":5}},"line":147},"9":{"name":"(anonymous_9)","decl":{"start":{"line":154,"column":48},"end":{"line":154,"column":49}},"loc":{"start":{"line":154,"column":67},"end":{"line":199,"column":9}},"line":154},"10":{"name":"(anonymous_10)","decl":{"start":{"line":165,"column":33},"end":{"line":165,"column":34}},"loc":{"start":{"line":166,"column":16},"end":{"line":197,"column":17}},"line":166},"11":{"name":"(anonymous_11)","decl":{"start":{"line":184,"column":48},"end":{"line":184,"column":49}},"loc":{"start":{"line":184,"column":61},"end":{"line":193,"column":25}},"line":184},"12":{"name":"(anonymous_12)","decl":{"start":{"line":206,"column":12},"end":{"line":206,"column":13}},"loc":{"start":{"line":207,"column":4},"end":{"line":281,"column":5}},"line":207},"13":{"name":"(anonymous_13)","decl":{"start":{"line":211,"column":50},"end":{"line":211,"column":51}},"loc":{"start":{"line":211,"column":73},"end":{"line":278,"column":9}},"line":211},"14":{"name":"(anonymous_14)","decl":{"start":{"line":222,"column":44},"end":{"line":222,"column":45}},"loc":{"start":{"line":222,"column":68},"end":{"line":262,"column":21}},"line":222},"15":{"name":"(anonymous_15)","decl":{"start":{"line":227,"column":40},"end":{"line":227,"column":41}},"loc":{"start":{"line":228,"column":28},"end":{"line":242,"column":29}},"line":228},"16":{"name":"(anonymous_16)","decl":{"start":{"line":247,"column":46},"end":{"line":247,"column":47}},"loc":{"start":{"line":248,"column":28},"end":{"line":260,"column":29}},"line":248},"17":{"name":"(anonymous_17)","decl":{"start":{"line":286,"column":20},"end":{"line":286,"column":21}},"loc":{"start":{"line":286,"column":39},"end":{"line":306,"column":5}},"line":286},"18":{"name":"(anonymous_18)","decl":{"start":{"line":289,"column":46},"end":{"line":289,"column":47}},"loc":{"start":{"line":289,"column":67},"end":{"line":296,"column":9}},"line":289},"19":{"name":"(anonymous_19)","decl":{"start":{"line":298,"column":51},"end":{"line":298,"column":52}},"loc":{"start":{"line":298,"column":77},"end":{"line":304,"column":9}},"line":298},"20":{"name":"(anonymous_20)","decl":{"start":{"line":311,"column":17},"end":{"line":311,"column":18}},"loc":{"start":{"line":311,"column":36},"end":{"line":332,"column":5}},"line":311},"21":{"name":"(anonymous_21)","decl":{"start":{"line":315,"column":40},"end":{"line":315,"column":41}},"loc":{"start":{"line":315,"column":61},"end":{"line":322,"column":9}},"line":315},"22":{"name":"(anonymous_22)","decl":{"start":{"line":324,"column":45},"end":{"line":324,"column":46}},"loc":{"start":{"line":324,"column":71},"end":{"line":330,"column":9}},"line":324},"23":{"name":"(anonymous_23)","decl":{"start":{"line":337,"column":19},"end":{"line":337,"column":20}},"loc":{"start":{"line":338,"column":4},"end":{"line":346,"column":5}},"line":338},"24":{"name":"(anonymous_24)","decl":{"start":{"line":351,"column":16},"end":{"line":351,"column":17}},"loc":{"start":{"line":352,"column":4},"end":{"line":422,"column":5}},"line":352},"25":{"name":"(anonymous_25)","decl":{"start":{"line":354,"column":46},"end":{"line":354,"column":47}},"loc":{"start":{"line":355,"column":8},"end":{"line":421,"column":9}},"line":355},"26":{"name":"(anonymous_26)","decl":{"start":{"line":368,"column":37},"end":{"line":368,"column":38}},"loc":{"start":{"line":369,"column":20},"end":{"line":380,"column":21}},"line":369},"27":{"name":"(anonymous_27)","decl":{"start":{"line":390,"column":85},"end":{"line":390,"column":86}},"loc":{"start":{"line":391,"column":20},"end":{"line":417,"column":21}},"line":391},"28":{"name":"(anonymous_28)","decl":{"start":{"line":402,"column":45},"end":{"line":402,"column":46}},"loc":{"start":{"line":403,"column":28},"end":{"line":414,"column":29}},"line":403},"29":{"name":"(anonymous_29)","decl":{"start":{"line":427,"column":22},"end":{"line":427,"column":23}},"loc":{"start":{"line":428,"column":4},"end":{"line":439,"column":5}},"line":428},"30":{"name":"(anonymous_30)","decl":{"start":{"line":429,"column":79},"end":{"line":429,"column":80}},"loc":{"start":{"line":430,"column":8},"end":{"line":438,"column":9}},"line":430},"31":{"name":"(anonymous_31)","decl":{"start":{"line":444,"column":17},"end":{"line":444,"column":18}},"loc":{"start":{"line":445,"column":4},"end":{"line":464,"column":5}},"line":445},"32":{"name":"(anonymous_32)","decl":{"start":{"line":451,"column":68},"end":{"line":451,"column":69}},"loc":{"start":{"line":452,"column":8},"end":{"line":463,"column":9}},"line":452},"33":{"name":"(anonymous_33)","decl":{"start":{"line":470,"column":24},"end":{"line":470,"column":25}},"loc":{"start":{"line":471,"column":4},"end":{"line":483,"column":5}},"line":471},"34":{"name":"(anonymous_34)","decl":{"start":{"line":488,"column":31},"end":{"line":488,"column":32}},"loc":{"start":{"line":489,"column":4},"end":{"line":520,"column":5}},"line":489},"35":{"name":"(anonymous_35)","decl":{"start":{"line":496,"column":87},"end":{"line":496,"column":88}},"loc":{"start":{"line":497,"column":8},"end":{"line":519,"column":9}},"line":497},"36":{"name":"(anonymous_36)","decl":{"start":{"line":525,"column":22},"end":{"line":525,"column":23}},"loc":{"start":{"line":526,"column":4},"end":{"line":546,"column":5}},"line":526},"37":{"name":"(anonymous_37)","decl":{"start":{"line":534,"column":67},"end":{"line":534,"column":68}},"loc":{"start":{"line":535,"column":8},"end":{"line":545,"column":9}},"line":535},"38":{"name":"(anonymous_38)","decl":{"start":{"line":551,"column":12},"end":{"line":551,"column":13}},"loc":{"start":{"line":552,"column":4},"end":{"line":606,"column":5}},"line":552},"39":{"name":"(anonymous_39)","decl":{"start":{"line":557,"column":24},"end":{"line":557,"column":25}},"loc":{"start":{"line":558,"column":8},"end":{"line":605,"column":9}},"line":558},"40":{"name":"(anonymous_40)","decl":{"start":{"line":573,"column":45},"end":{"line":573,"column":46}},"loc":{"start":{"line":573,"column":60},"end":{"line":604,"column":13}},"line":573},"41":{"name":"(anonymous_41)","decl":{"start":{"line":580,"column":72},"end":{"line":580,"column":73}},"loc":{"start":{"line":581,"column":18},"end":{"line":602,"column":19}},"line":581},"42":{"name":"(anonymous_42)","decl":{"start":{"line":592,"column":40},"end":{"line":592,"column":41}},"loc":{"start":{"line":593,"column":22},"end":{"line":601,"column":23}},"line":593},"43":{"name":"(anonymous_43)","decl":{"start":{"line":611,"column":27},"end":{"line":611,"column":28}},"loc":{"start":{"line":612,"column":4},"end":{"line":660,"column":5}},"line":612},"44":{"name":"(anonymous_44)","decl":{"start":{"line":615,"column":24},"end":{"line":615,"column":25}},"loc":{"start":{"line":616,"column":8},"end":{"line":659,"column":9}},"line":616},"45":{"name":"(anonymous_45)","decl":{"start":{"line":631,"column":47},"end":{"line":631,"column":48}},"loc":{"start":{"line":632,"column":12},"end":{"line":658,"column":13}},"line":632},"46":{"name":"(anonymous_46)","decl":{"start":{"line":638,"column":69},"end":{"line":638,"column":70}},"loc":{"start":{"line":639,"column":16},"end":{"line":657,"column":17}},"line":639},"47":{"name":"(anonymous_47)","decl":{"start":{"line":652,"column":38},"end":{"line":652,"column":39}},"loc":{"start":{"line":653,"column":20},"end":{"line":656,"column":21}},"line":653},"48":{"name":"(anonymous_48)","decl":{"start":{"line":664,"column":16},"end":{"line":664,"column":17}},"loc":{"start":{"line":664,"column":34},"end":{"line":692,"column":5}},"line":664},"49":{"name":"(anonymous_49)","decl":{"start":{"line":673,"column":80},"end":{"line":673,"column":81}},"loc":{"start":{"line":673,"column":100},"end":{"line":689,"column":13}},"line":673},"50":{"name":"(anonymous_50)","decl":{"start":{"line":697,"column":19},"end":{"line":697,"column":20}},"loc":{"start":{"line":698,"column":4},"end":{"line":719,"column":5}},"line":698},"51":{"name":"(anonymous_51)","decl":{"start":{"line":705,"column":22},"end":{"line":705,"column":23}},"loc":{"start":{"line":706,"column":6},"end":{"line":718,"column":7}},"line":706},"52":{"name":"(anonymous_52)","decl":{"start":{"line":724,"column":24},"end":{"line":724,"column":25}},"loc":{"start":{"line":725,"column":4},"end":{"line":748,"column":5}},"line":725},"53":{"name":"(anonymous_53)","decl":{"start":{"line":733,"column":69},"end":{"line":733,"column":70}},"loc":{"start":{"line":734,"column":8},"end":{"line":747,"column":9}},"line":734},"54":{"name":"(anonymous_54)","decl":{"start":{"line":753,"column":19},"end":{"line":753,"column":20}},"loc":{"start":{"line":754,"column":4},"end":{"line":865,"column":5}},"line":754},"55":{"name":"(anonymous_55)","decl":{"start":{"line":764,"column":73},"end":{"line":764,"column":74}},"loc":{"start":{"line":765,"column":8},"end":{"line":864,"column":9}},"line":765},"56":{"name":"(anonymous_56)","decl":{"start":{"line":775,"column":82},"end":{"line":775,"column":83}},"loc":{"start":{"line":776,"column":20},"end":{"line":791,"column":21}},"line":776},"57":{"name":"(anonymous_57)","decl":{"start":{"line":795,"column":92},"end":{"line":795,"column":93}},"loc":{"start":{"line":796,"column":20},"end":{"line":814,"column":21}},"line":796},"58":{"name":"(anonymous_58)","decl":{"start":{"line":818,"column":74},"end":{"line":818,"column":75}},"loc":{"start":{"line":819,"column":20},"end":{"line":835,"column":21}},"line":819},"59":{"name":"(anonymous_59)","decl":{"start":{"line":839,"column":80},"end":{"line":839,"column":81}},"loc":{"start":{"line":840,"column":20},"end":{"line":856,"column":21}},"line":840},"60":{"name":"(anonymous_60)","decl":{"start":{"line":870,"column":23},"end":{"line":870,"column":24}},"loc":{"start":{"line":871,"column":4},"end":{"line":892,"column":5}},"line":871},"61":{"name":"(anonymous_61)","decl":{"start":{"line":880,"column":77},"end":{"line":880,"column":78}},"loc":{"start":{"line":881,"column":8},"end":{"line":891,"column":9}},"line":881},"62":{"name":"(anonymous_62)","decl":{"start":{"line":897,"column":19},"end":{"line":897,"column":20}},"loc":{"start":{"line":898,"column":4},"end":{"line":920,"column":5}},"line":898},"63":{"name":"(anonymous_63)","decl":{"start":{"line":908,"column":38},"end":{"line":908,"column":39}},"loc":{"start":{"line":909,"column":8},"end":{"line":919,"column":9}},"line":909},"64":{"name":"(anonymous_64)","decl":{"start":{"line":925,"column":19},"end":{"line":925,"column":20}},"loc":{"start":{"line":926,"column":4},"end":{"line":983,"column":5}},"line":926},"65":{"name":"(anonymous_65)","decl":{"start":{"line":937,"column":71},"end":{"line":937,"column":72}},"loc":{"start":{"line":938,"column":6},"end":{"line":954,"column":7}},"line":938},"66":{"name":"(anonymous_66)","decl":{"start":{"line":956,"column":65},"end":{"line":956,"column":66}},"loc":{"start":{"line":957,"column":6},"end":{"line":969,"column":7}},"line":957},"67":{"name":"(anonymous_67)","decl":{"start":{"line":971,"column":70},"end":{"line":971,"column":71}},"loc":{"start":{"line":972,"column":6},"end":{"line":982,"column":7}},"line":972},"68":{"name":"(anonymous_68)","decl":{"start":{"line":988,"column":23},"end":{"line":988,"column":24}},"loc":{"start":{"line":988,"column":41},"end":{"line":1007,"column":5}},"line":988},"69":{"name":"(anonymous_69)","decl":{"start":{"line":995,"column":75},"end":{"line":995,"column":76}},"loc":{"start":{"line":995,"column":98},"end":{"line":1005,"column":9}},"line":995},"70":{"name":"(anonymous_70)","decl":{"start":{"line":1012,"column":21},"end":{"line":1012,"column":22}},"loc":{"start":{"line":1013,"column":4},"end":{"line":1033,"column":5}},"line":1013},"71":{"name":"(anonymous_71)","decl":{"start":{"line":1021,"column":70},"end":{"line":1021,"column":71}},"loc":{"start":{"line":1022,"column":8},"end":{"line":1032,"column":9}},"line":1022},"72":{"name":"(anonymous_72)","decl":{"start":{"line":1038,"column":18},"end":{"line":1038,"column":19}},"loc":{"start":{"line":1039,"column":4},"end":{"line":1101,"column":5}},"line":1039},"73":{"name":"(anonymous_73)","decl":{"start":{"line":1046,"column":71},"end":{"line":1046,"column":72}},"loc":{"start":{"line":1046,"column":94},"end":{"line":1098,"column":9}},"line":1046},"74":{"name":"(anonymous_74)","decl":{"start":{"line":1051,"column":44},"end":{"line":1051,"column":45}},"loc":{"start":{"line":1051,"column":61},"end":{"line":1089,"column":21}},"line":1051},"75":{"name":"(anonymous_75)","decl":{"start":{"line":1052,"column":89},"end":{"line":1052,"column":90}},"loc":{"start":{"line":1052,"column":107},"end":{"line":1088,"column":25}},"line":1052},"76":{"name":"(anonymous_76)","decl":{"start":{"line":1055,"column":102},"end":{"line":1055,"column":103}},"loc":{"start":{"line":1055,"column":120},"end":{"line":1074,"column":33}},"line":1055},"77":{"name":"(anonymous_77)","decl":{"start":{"line":1068,"column":110},"end":{"line":1068,"column":111}},"loc":{"start":{"line":1068,"column":123},"end":{"line":1071,"column":39}},"line":1068},"78":{"name":"(anonymous_78)","decl":{"start":{"line":1083,"column":104},"end":{"line":1083,"column":105}},"loc":{"start":{"line":1083,"column":117},"end":{"line":1086,"column":33}},"line":1083},"79":{"name":"(anonymous_79)","decl":{"start":{"line":1106,"column":17},"end":{"line":1106,"column":18}},"loc":{"start":{"line":1107,"column":4},"end":{"line":1166,"column":5}},"line":1107},"80":{"name":"(anonymous_80)","decl":{"start":{"line":1112,"column":100},"end":{"line":1112,"column":101}},"loc":{"start":{"line":1112,"column":119},"end":{"line":1128,"column":13}},"line":1112},"81":{"name":"(anonymous_81)","decl":{"start":{"line":1117,"column":109},"end":{"line":1117,"column":110}},"loc":{"start":{"line":1117,"column":127},"end":{"line":1122,"column":17}},"line":1117},"82":{"name":"(anonymous_82)","decl":{"start":{"line":1132,"column":63},"end":{"line":1132,"column":64}},"loc":{"start":{"line":1133,"column":12},"end":{"line":1146,"column":13}},"line":1133},"83":{"name":"(anonymous_83)","decl":{"start":{"line":1137,"column":75},"end":{"line":1137,"column":76}},"loc":{"start":{"line":1138,"column":19},"end":{"line":1143,"column":20}},"line":1138},"84":{"name":"(anonymous_84)","decl":{"start":{"line":1148,"column":69},"end":{"line":1148,"column":70}},"loc":{"start":{"line":1149,"column":12},"end":{"line":1162,"column":13}},"line":1149},"85":{"name":"(anonymous_85)","decl":{"start":{"line":1153,"column":82},"end":{"line":1153,"column":83}},"loc":{"start":{"line":1154,"column":20},"end":{"line":1159,"column":21}},"line":1154},"86":{"name":"(anonymous_86)","decl":{"start":{"line":1171,"column":33},"end":{"line":1171,"column":34}},"loc":{"start":{"line":1171,"column":52},"end":{"line":1209,"column":5}},"line":1171},"87":{"name":"(anonymous_87)","decl":{"start":{"line":1180,"column":69},"end":{"line":1180,"column":70}},"loc":{"start":{"line":1180,"column":90},"end":{"line":1205,"column":13}},"line":1180},"88":{"name":"(anonymous_88)","decl":{"start":{"line":1190,"column":83},"end":{"line":1190,"column":84}},"loc":{"start":{"line":1190,"column":103},"end":{"line":1203,"column":21}},"line":1190},"89":{"name":"(anonymous_89)","decl":{"start":{"line":1214,"column":15},"end":{"line":1214,"column":16}},"loc":{"start":{"line":1215,"column":4},"end":{"line":1233,"column":5}},"line":1215},"90":{"name":"(anonymous_90)","decl":{"start":{"line":1219,"column":33},"end":{"line":1219,"column":34}},"loc":{"start":{"line":1220,"column":8},"end":{"line":1231,"column":9}},"line":1220},"91":{"name":"(anonymous_91)","decl":{"start":{"line":1238,"column":22},"end":{"line":1238,"column":23}},"loc":{"start":{"line":1239,"column":4},"end":{"line":1283,"column":5}},"line":1239},"92":{"name":"(anonymous_92)","decl":{"start":{"line":1246,"column":47},"end":{"line":1246,"column":48}},"loc":{"start":{"line":1247,"column":8},"end":{"line":1282,"column":9}},"line":1247},"93":{"name":"(anonymous_93)","decl":{"start":{"line":1259,"column":71},"end":{"line":1259,"column":72}},"loc":{"start":{"line":1260,"column":12},"end":{"line":1269,"column":13}},"line":1260},"94":{"name":"(anonymous_94)","decl":{"start":{"line":1271,"column":30},"end":{"line":1271,"column":31}},"loc":{"start":{"line":1272,"column":12},"end":{"line":1281,"column":13}},"line":1272},"95":{"name":"(anonymous_95)","decl":{"start":{"line":1288,"column":30},"end":{"line":1288,"column":31}},"loc":{"start":{"line":1289,"column":4},"end":{"line":1313,"column":5}},"line":1289},"96":{"name":"(anonymous_96)","decl":{"start":{"line":1297,"column":101},"end":{"line":1297,"column":102}},"loc":{"start":{"line":1298,"column":8},"end":{"line":1312,"column":9}},"line":1298},"97":{"name":"(anonymous_97)","decl":{"start":{"line":1318,"column":22},"end":{"line":1318,"column":23}},"loc":{"start":{"line":1319,"column":4},"end":{"line":1336,"column":5}},"line":1319},"98":{"name":"(anonymous_98)","decl":{"start":{"line":1320,"column":44},"end":{"line":1320,"column":45}},"loc":{"start":{"line":1321,"column":8},"end":{"line":1335,"column":9}},"line":1321},"99":{"name":"(anonymous_99)","decl":{"start":{"line":1341,"column":22},"end":{"line":1341,"column":23}},"loc":{"start":{"line":1342,"column":4},"end":{"line":1374,"column":5}},"line":1342},"100":{"name":"(anonymous_100)","decl":{"start":{"line":1343,"column":67},"end":{"line":1343,"column":68}},"loc":{"start":{"line":1344,"column":8},"end":{"line":1357,"column":9}},"line":1344},"101":{"name":"(anonymous_101)","decl":{"start":{"line":1359,"column":73},"end":{"line":1359,"column":74}},"loc":{"start":{"line":1360,"column":8},"end":{"line":1373,"column":9}},"line":1360},"102":{"name":"(anonymous_102)","decl":{"start":{"line":1379,"column":22},"end":{"line":1379,"column":23}},"loc":{"start":{"line":1380,"column":4},"end":{"line":1412,"column":5}},"line":1380},"103":{"name":"(anonymous_103)","decl":{"start":{"line":1381,"column":111},"end":{"line":1381,"column":112}},"loc":{"start":{"line":1382,"column":8},"end":{"line":1395,"column":9}},"line":1382},"104":{"name":"(anonymous_104)","decl":{"start":{"line":1397,"column":117},"end":{"line":1397,"column":118}},"loc":{"start":{"line":1398,"column":8},"end":{"line":1411,"column":9}},"line":1398},"105":{"name":"(anonymous_105)","decl":{"start":{"line":1417,"column":26},"end":{"line":1417,"column":27}},"loc":{"start":{"line":1418,"column":4},"end":{"line":1446,"column":5}},"line":1418},"106":{"name":"(anonymous_106)","decl":{"start":{"line":1426,"column":70},"end":{"line":1426,"column":71}},"loc":{"start":{"line":1427,"column":8},"end":{"line":1445,"column":9}},"line":1427},"107":{"name":"(anonymous_107)","decl":{"start":{"line":1434,"column":83},"end":{"line":1434,"column":84}},"loc":{"start":{"line":1435,"column":12},"end":{"line":1443,"column":13}},"line":1435},"108":{"name":"sendsignupConfirmationEmail","decl":{"start":{"line":1453,"column":9},"end":{"line":1453,"column":36}},"loc":{"start":{"line":1453,"column":53},"end":{"line":1497,"column":1}},"line":1453},"109":{"name":"(anonymous_109)","decl":{"start":{"line":1488,"column":39},"end":{"line":1488,"column":40}},"loc":{"start":{"line":1488,"column":60},"end":{"line":1496,"column":5}},"line":1488},"110":{"name":"updateLogFile","decl":{"start":{"line":1499,"column":9},"end":{"line":1499,"column":22}},"loc":{"start":{"line":1500,"column":0},"end":{"line":1520,"column":1}},"line":1500},"111":{"name":"(anonymous_111)","decl":{"start":{"line":1509,"column":29},"end":{"line":1509,"column":30}},"loc":{"start":{"line":1510,"column":4},"end":{"line":1519,"column":5}},"line":1510}},"branchMap":{"0":{"loc":{"start":{"line":53,"column":12},"end":{"line":57,"column":13}},"type":"if","locations":[{"start":{"line":53,"column":12},"end":{"line":57,"column":13}},{"start":{"line":53,"column":12},"end":{"line":57,"column":13}}],"line":53},"1":{"loc":{"start":{"line":58,"column":12},"end":{"line":74,"column":13}},"type":"if","locations":[{"start":{"line":58,"column":12},"end":{"line":74,"column":13}},{"start":{"line":58,"column":12},"end":{"line":74,"column":13}}],"line":58},"2":{"loc":{"start":{"line":62,"column":20},"end":{"line":72,"column":21}},"type":"if","locations":[{"start":{"line":62,"column":20},"end":{"line":72,"column":21}},{"start":{"line":62,"column":20},"end":{"line":72,"column":21}}],"line":62},"3":{"loc":{"start":{"line":80,"column":12},"end":{"line":84,"column":13}},"type":"if","locations":[{"start":{"line":80,"column":12},"end":{"line":84,"column":13}},{"start":{"line":80,"column":12},"end":{"line":84,"column":13}}],"line":80},"4":{"loc":{"start":{"line":86,"column":12},"end":{"line":102,"column":13}},"type":"if","locations":[{"start":{"line":86,"column":12},"end":{"line":102,"column":13}},{"start":{"line":86,"column":12},"end":{"line":102,"column":13}}],"line":86},"5":{"loc":{"start":{"line":89,"column":19},"end":{"line":98,"column":20}},"type":"if","locations":[{"start":{"line":89,"column":19},"end":{"line":98,"column":20}},{"start":{"line":89,"column":19},"end":{"line":98,"column":20}}],"line":89},"6":{"loc":{"start":{"line":116,"column":12},"end":{"line":119,"column":13}},"type":"if","locations":[{"start":{"line":116,"column":12},"end":{"line":119,"column":13}},{"start":{"line":116,"column":12},"end":{"line":119,"column":13}}],"line":116},"7":{"loc":{"start":{"line":120,"column":12},"end":{"line":123,"column":13}},"type":"if","locations":[{"start":{"line":120,"column":12},"end":{"line":123,"column":13}},{"start":{"line":120,"column":12},"end":{"line":123,"column":13}}],"line":120},"8":{"loc":{"start":{"line":127,"column":12},"end":{"line":130,"column":13}},"type":"if","locations":[{"start":{"line":127,"column":12},"end":{"line":130,"column":13}},{"start":{"line":127,"column":12},"end":{"line":130,"column":13}}],"line":127},"9":{"loc":{"start":{"line":131,"column":12},"end":{"line":134,"column":13}},"type":"if","locations":[{"start":{"line":131,"column":12},"end":{"line":134,"column":13}},{"start":{"line":131,"column":12},"end":{"line":134,"column":13}}],"line":131},"10":{"loc":{"start":{"line":156,"column":12},"end":{"line":198,"column":13}},"type":"if","locations":[{"start":{"line":156,"column":12},"end":{"line":198,"column":13}},{"start":{"line":156,"column":12},"end":{"line":198,"column":13}}],"line":156},"11":{"loc":{"start":{"line":168,"column":20},"end":{"line":196,"column":21}},"type":"if","locations":[{"start":{"line":168,"column":20},"end":{"line":196,"column":21}},{"start":{"line":168,"column":20},"end":{"line":196,"column":21}}],"line":168},"12":{"loc":{"start":{"line":185,"column":28},"end":{"line":192,"column":29}},"type":"if","locations":[{"start":{"line":185,"column":28},"end":{"line":192,"column":29}},{"start":{"line":185,"column":28},"end":{"line":192,"column":29}}],"line":185},"13":{"loc":{"start":{"line":212,"column":12},"end":{"line":216,"column":13}},"type":"if","locations":[{"start":{"line":212,"column":12},"end":{"line":216,"column":13}},{"start":{"line":212,"column":12},"end":{"line":216,"column":13}}],"line":212},"14":{"loc":{"start":{"line":217,"column":12},"end":{"line":277,"column":13}},"type":"if","locations":[{"start":{"line":217,"column":12},"end":{"line":277,"column":13}},{"start":{"line":217,"column":12},"end":{"line":277,"column":13}}],"line":217},"15":{"loc":{"start":{"line":218,"column":16},"end":{"line":270,"column":17}},"type":"if","locations":[{"start":{"line":218,"column":16},"end":{"line":270,"column":17}},{"start":{"line":218,"column":16},"end":{"line":270,"column":17}}],"line":218},"16":{"loc":{"start":{"line":224,"column":24},"end":{"line":261,"column":25}},"type":"if","locations":[{"start":{"line":224,"column":24},"end":{"line":261,"column":25}},{"start":{"line":224,"column":24},"end":{"line":261,"column":25}}],"line":224},"17":{"loc":{"start":{"line":229,"column":32},"end":{"line":241,"column":33}},"type":"if","locations":[{"start":{"line":229,"column":32},"end":{"line":241,"column":33}},{"start":{"line":229,"column":32},"end":{"line":241,"column":33}}],"line":229},"18":{"loc":{"start":{"line":244,"column":29},"end":{"line":261,"column":25}},"type":"if","locations":[{"start":{"line":244,"column":29},"end":{"line":261,"column":25}},{"start":{"line":244,"column":29},"end":{"line":261,"column":25}}],"line":244},"19":{"loc":{"start":{"line":249,"column":32},"end":{"line":259,"column":33}},"type":"if","locations":[{"start":{"line":249,"column":32},"end":{"line":259,"column":33}},{"start":{"line":249,"column":32},"end":{"line":259,"column":33}}],"line":249},"20":{"loc":{"start":{"line":290,"column":12},"end":{"line":295,"column":13}},"type":"if","locations":[{"start":{"line":290,"column":12},"end":{"line":295,"column":13}},{"start":{"line":290,"column":12},"end":{"line":295,"column":13}}],"line":290},"21":{"loc":{"start":{"line":299,"column":12},"end":{"line":303,"column":13}},"type":"if","locations":[{"start":{"line":299,"column":12},"end":{"line":303,"column":13}},{"start":{"line":299,"column":12},"end":{"line":303,"column":13}}],"line":299},"22":{"loc":{"start":{"line":316,"column":12},"end":{"line":321,"column":13}},"type":"if","locations":[{"start":{"line":316,"column":12},"end":{"line":321,"column":13}},{"start":{"line":316,"column":12},"end":{"line":321,"column":13}}],"line":316},"23":{"loc":{"start":{"line":325,"column":12},"end":{"line":329,"column":13}},"type":"if","locations":[{"start":{"line":325,"column":12},"end":{"line":329,"column":13}},{"start":{"line":325,"column":12},"end":{"line":329,"column":13}}],"line":325},"24":{"loc":{"start":{"line":339,"column":8},"end":{"line":342,"column":9}},"type":"if","locations":[{"start":{"line":339,"column":8},"end":{"line":342,"column":9}},{"start":{"line":339,"column":8},"end":{"line":342,"column":9}}],"line":339},"25":{"loc":{"start":{"line":356,"column":12},"end":{"line":420,"column":13}},"type":"if","locations":[{"start":{"line":356,"column":12},"end":{"line":420,"column":13}},{"start":{"line":356,"column":12},"end":{"line":420,"column":13}}],"line":356},"26":{"loc":{"start":{"line":363,"column":16},"end":{"line":419,"column":17}},"type":"if","locations":[{"start":{"line":363,"column":16},"end":{"line":419,"column":17}},{"start":{"line":363,"column":16},"end":{"line":419,"column":17}}],"line":363},"27":{"loc":{"start":{"line":370,"column":24},"end":{"line":379,"column":25}},"type":"if","locations":[{"start":{"line":370,"column":24},"end":{"line":379,"column":25}},{"start":{"line":370,"column":24},"end":{"line":379,"column":25}}],"line":370},"28":{"loc":{"start":{"line":392,"column":24},"end":{"line":395,"column":25}},"type":"if","locations":[{"start":{"line":392,"column":24},"end":{"line":395,"column":25}},{"start":{"line":392,"column":24},"end":{"line":395,"column":25}}],"line":392},"29":{"loc":{"start":{"line":396,"column":24},"end":{"line":416,"column":25}},"type":"if","locations":[{"start":{"line":396,"column":24},"end":{"line":416,"column":25}},{"start":{"line":396,"column":24},"end":{"line":416,"column":25}}],"line":396},"30":{"loc":{"start":{"line":404,"column":32},"end":{"line":413,"column":33}},"type":"if","locations":[{"start":{"line":404,"column":32},"end":{"line":413,"column":33}},{"start":{"line":404,"column":32},"end":{"line":413,"column":33}}],"line":404},"31":{"loc":{"start":{"line":431,"column":12},"end":{"line":435,"column":13}},"type":"if","locations":[{"start":{"line":431,"column":12},"end":{"line":435,"column":13}},{"start":{"line":431,"column":12},"end":{"line":435,"column":13}}],"line":431},"32":{"loc":{"start":{"line":446,"column":8},"end":{"line":450,"column":9}},"type":"if","locations":[{"start":{"line":446,"column":8},"end":{"line":450,"column":9}},{"start":{"line":446,"column":8},"end":{"line":450,"column":9}}],"line":446},"33":{"loc":{"start":{"line":453,"column":12},"end":{"line":462,"column":13}},"type":"if","locations":[{"start":{"line":453,"column":12},"end":{"line":462,"column":13}},{"start":{"line":453,"column":12},"end":{"line":462,"column":13}}],"line":453},"34":{"loc":{"start":{"line":473,"column":8},"end":{"line":477,"column":9}},"type":"if","locations":[{"start":{"line":473,"column":8},"end":{"line":477,"column":9}},{"start":{"line":473,"column":8},"end":{"line":477,"column":9}}],"line":473},"35":{"loc":{"start":{"line":490,"column":8},"end":{"line":494,"column":9}},"type":"if","locations":[{"start":{"li
[...]
lumn":12},"end":{"line":38,"column":13}},"type":"if","locations":[{"start":{"line":33,"column":12},"end":{"line":38,"column":13}},{"start":{"line":33,"column":12},"end":{"line":38,"column":13}}],"line":33},"2":{"loc":{"start":{"line":49,"column":8},"end":{"line":53,"column":9}},"type":"if","locations":[{"start":{"line":49,"column":8},"end":{"line":53,"column":9}},{"start":{"line":49,"column":8},"end":{"line":53,"column":9}}],"line":49},"3":{"loc":{"start":{"line":57,"column":12},"end":{"line":68,"column":13}},"type":"if","locations":[{"start":{"line":57,"column":12},"end":{"line":68,"column":13}},{"start":{"line":57,"column":12},"end":{"line":68,"column":13}}],"line":57},"4":{"loc":{"start":{"line":77,"column":8},"end":{"line":81,"column":9}},"type":"if","locations":[{"start":{"line":77,"column":8},"end":{"line":81,"column":9}},{"start":{"line":77,"column":8},"end":{"line":81,"column":9}}],"line":77},"5":{"loc":{"start":{"line":88,"column":12},"end":{"line":92,"column":13}},"type":"if","locations":[{"start":{"line":88,"column":12},"end":{"line":92,"column":13}},{"start":{"line":88,"column":12},"end":{"line":92,"column":13}}],"line":88},"6":{"loc":{"start":{"line":103,"column":8},"end":{"line":107,"column":9}},"type":"if","locations":[{"start":{"line":103,"column":8},"end":{"line":107,"column":9}},{"start":{"line":103,"column":8},"end":{"line":107,"column":9}}],"line":103},"7":{"loc":{"start":{"line":115,"column":12},"end":{"line":120,"column":13}},"type":"if","locations":[{"start":{"line":115,"column":12},"end":{"line":120,"column":13}},{"start":{"line":115,"column":12},"end":{"line":120,"column":13}}],"line":115},"8":{"loc":{"start":{"line":127,"column":12},"end":{"line":130,"column":13}},"type":"if","locations":[{"start":{"line":127,"column":12},"end":{"line":130,"column":13}},{"start":{"line":127,"column":12},"end":{"line":130,"column":13}}],"line":127},"9":{"loc":{"start":{"line":131,"column":12},"end":{"line":134,"column":13}},"type":"if","locations":[{"start":{"line":131,"column":12},"end":{"line":134,"column":13}},{"start":{"line":131,"column":12},"end":{"line":134,"column":13}}],"line":131},"10":{"loc":{"start":{"line":144,"column":8},"end":{"line":149,"column":9}},"type":"if","locations":[{"start":{"line":144,"column":8},"end":{"line":149,"column":9}},{"start":{"line":144,"column":8},"end":{"line":149,"column":9}}],"line":144},"11":{"loc":{"start":{"line":153,"column":12},"end":{"line":158,"column":13}},"type":"if","locations":[{"start":{"line":153,"column":12},"end":{"line":158,"column":13}},{"start":{"line":153,"column":12},"end":{"line":158,"column":13}}],"line":153},"12":{"loc":{"start":{"line":164,"column":16},"end":{"line":169,"column":17}},"type":"if","locations":[{"start":{"line":164,"column":16},"end":{"line":169,"column":17}},{"start":{"line":164,"column":16},"end":{"line":169,"column":17}}],"line":164},"13":{"loc":{"start":{"line":185,"column":8},"end":{"line":190,"column":9}},"type":"if","locations":[{"start":{"line":185,"column":8},"end":{"line":190,"column":9}},{"start":{"line":185,"column":8},"end":{"line":190,"column":9}}],"line":185},"14":{"loc":{"start":{"line":194,"column":12},"end":{"line":199,"column":13}},"type":"if","locations":[{"start":{"line":194,"column":12},"end":{"line":199,"column":13}},{"start":{"line":194,"column":12},"end":{"line":199,"column":13}}],"line":194},"15":{"loc":{"start":{"line":210,"column":8},"end":{"line":215,"column":9}},"type":"if","locations":[{"start":{"line":210,"column":8},"end":{"line":215,"column":9}},{"start":{"line":210,"column":8},"end":{"line":215,"column":9}}],"line":210},"16":{"loc":{"start":{"line":221,"column":12},"end":{"line":226,"column":13}},"type":"if","locations":[{"start":{"line":221,"column":12},"end":{"line":226,"column":13}},{"start":{"line":221,"column":12},"end":{"line":226,"column":13}}],"line":221},"17":{"loc":{"start":{"line":237,"column":8},"end":{"line":239,"column":9}},"type":"if","locations":[{"start":{"line":237,"column":8},"end":{"line":239,"column":9}},{"start":{"line":237,"column":8},"end":{"line":239,"column":9}}],"line":237},"18":{"loc":{"start":{"line":262,"column":16},"end":{"line":409,"column":17}},"type":"if","locations":[{"start":{"line":262,"column":16},"end":{"line":409,"column":17}},{"start":{"line":262,"column":16},"end":{"line":409,"column":17}}],"line":262},"19":{"loc":{"start":{"line":291,"column":32},"end":{"line":300,"column":33}},"type":"if","locations":[{"start":{"line":291,"column":32},"end":{"line":300,"column":33}},{"start":{"line":291,"column":32},"end":{"line":300,"column":33}}],"line":291},"20":{"loc":{"start":{"line":296,"column":37},"end":{"line":300,"column":33}},"type":"if","locations":[{"start":{"line":296,"column":37},"end":{"line":300,"column":33}},{"start":{"line":296,"column":37},"end":{"line":300,"column":33}}],"line":296},"21":{"loc":{"start":{"line":308,"column":32},"end":{"line":324,"column":37}},"type":"if","locations":[{"start":{"line":308,"column":32},"end":{"line":324,"column":37}},{"start":{"line":308,"column":32},"end":{"line":324,"column":37}}],"line":308},"22":{"loc":{"start":{"line":311,"column":40},"end":{"line":321,"column":45}},"type":"if","locations":[{"start":{"line":311,"column":40},"end":{"line":321,"column":45}},{"start":{"line":311,"column":40},"end":{"line":321,"column":45}}],"line":311},"23":{"loc":{"start":{"line":335,"column":32},"end":{"line":352,"column":33}},"type":"if","locations":[{"start":{"line":335,"column":32},"end":{"line":352,"column":33}},{"start":{"line":335,"column":32},"end":{"line":352,"column":33}}],"line":335},"24":{"loc":{"start":{"line":340,"column":36},"end":{"line":346,"column":37}},"type":"if","locations":[{"start":{"line":340,"column":36},"end":{"line":346,"column":37}},{"start":{"line":340,"column":36},"end":{"line":346,"column":37}}],"line":340},"25":{"loc":{"start":{"line":360,"column":24},"end":{"line":367,"column":25}},"type":"if","locations":[{"start":{"line":360,"column":24},"end":{"line":367,"column":25}},{"start":{"line":360,"column":24},"end":{"line":367,"column":25}}],"line":360},"26":{"loc":{"start":{"line":378,"column":20},"end":{"line":408,"column":21}},"type":"if","locations":[{"start":{"line":378,"column":20},"end":{"line":408,"column":21}},{"start":{"line":378,"column":20},"end":{"line":408,"column":21}}],"line":378},"27":{"loc":{"start":{"line":387,"column":32},"end":{"line":402,"column":33}},"type":"if","locations":[{"start":{"line":387,"column":32},"end":{"line":402,"column":33}},{"start":{"line":387,"column":32},"end":{"line":402,"column":33}}],"line":387},"28":{"loc":{"start":{"line":391,"column":36},"end":{"line":397,"column":37}},"type":"if","locations":[{"start":{"line":391,"column":36},"end":{"line":397,"column":37}},{"start":{"line":391,"column":36},"end":{"line":397,"column":37}}],"line":391},"29":{"loc":{"start":{"line":414,"column":12},"end":{"line":424,"column":13}},"type":"if","locations":[{"start":{"line":414,"column":12},"end":{"line":424,"column":13}},{"start":{"line":414,"column":12},"end":{"line":424,"column":13}}],"line":414},"30":{"loc":{"start":{"line":417,"column":16},"end":{"line":423,"column":17}},"type":"if","locations":[{"start":{"line":417,"column":16},"end":{"line":423,"column":17}},{"start":{"line":417,"column":16},"end":{"line":423,"column":17}}],"line":417},"31":{"loc":{"start":{"line":444,"column":4},"end":{"line":449,"column":5}},"type":"switch","locations":[{"start":{"line":445,"column":8},"end":{"line":445,"column":34}},{"start":{"line":446,"column":8},"end":{"line":446,"column":34}},{"start":{"line":447,"column":8},"end":{"line":447,"column":46}},{"start":{"line":448,"column":8},"end":{"line":448,"column":36}}],"line":444},"32":{"loc":{"start":{"line":458,"column":4},"end":{"line":458,"column":37}},"type":"if","locations":[{"start":{"line":458,"column":4},"end":{"line":458,"column":37}},{"start":{"line":458,"column":4},"end":{"line":458,"column":37}}],"line":458},"33":{"loc":{"start":{"line":464,"column":8},"end":{"line":481,"column":9}},"type":"if","locations":[{"start":{"line":464,"column":8},"end":{"line":481,"column":9}},{"start":{"line":464,"column":8},"end":{"line":481,"column":9}}],"line":464},"34":{"loc":{"start":{"line":472,"column":16},"end":{"line":475,"column":17}},"type":"if","locations":[{"start":{"line":472,"column":16},"end":{"line":475,"column":17}},{"start":{"line":472,"column":16},"end":{"line":475,"column":17}}],"line":472},"35":{"loc":{"start":{"line":477,"column":12},"end":{"line":480,"column":13}},"type":"if","locations":[{"start":{"line":477,"column":12},"end":{"line":480,"column":13}},{"start":{"line":477,"column":12},"end":{"line":480,"column":13}}],"line":477},"36":{"loc":{"start":{"line":499,"column":12},"end":{"line":507,"column":13}},"type":"if","locations":[{"start":{"line":499,"column":12},"end":{"line":507,"column":13}},{"start":{"line":499,"column":12},"end":{"line":507,"column":13}}],"line":499},"37":{"loc":{"start":{"line":504,"column":17},"end":{"line":507,"column":13}},"type":"if","locations":[{"start":{"line":504,"column":17},"end":{"line":507,"column":13}},{"start":{"line":504,"column":17},"end":{"line":507,"column":13}}],"line":504},"38":{"loc":{"start":{"line":529,"column":8},"end":{"line":531,"column":9}},"type":"if","locations":[{"start":{"line":529,"column":8},"end":{"line":531,"column":9}},{"start":{"line":529,"column":8},"end":{"line":531,"column":9}}],"line":529},"39":{"loc":{"start":{"line":532,"column":8},"end":{"line":534,"column":9}},"type":"if","locations":[{"start":{"line":532,"column":8},"end":{"line":534,"column":9}},{"start":{"line":532,"column":8},"end":{"line":534,"column":9}}],"line":532},"40":{"loc":{"start":{"line":535,"column":8},"end":{"line":537,"column":9}},"type":"if","locations":[{"start":{"line":535,"column":8},"end":{"line":537,"column":9}},{"start":{"line":535,"column":8},"end":{"line":537,"column":9}}],"line":535},"41":{"loc":{"start":{"line":544,"column":4},"end":{"line":548,"column":5}},"type":"if","locations":[{"start":{"line":544,"column":4},"end":{"line":548,"column":5}},{"start":{"line":544,"column":4},"end":{"line":548,"column":5}}],"line":544},"42":{"loc":{"start":{"line":551,"column":4},"end":{"line":555,"column":5}},"type":"if","locations":[{"start":{"line":551,"column":4},"end":{"line":555,"column":5}},{"start":{"line":551,"column":4},"end":{"line":555,"column":5}}],"line":551},"43":{"loc":{"start":{"line":551,"column":9},"end":{"line":551,"column":164}},"type":"binary-expr","locations":[{"start":{"line":551,"column":10},"end":{"line":551,"column":27}},{"start":{"line":551,"column":31},"end":{"line":551,"column":46}},{"start":{"line":551,"column":52},"end":{"line":551,"column":65}},{"start":{"line":551,"column":69},"end":{"line":551,"column":84}},{"start":{"line":551,"column":90},"end":{"line":551,"column":107}},{"start":{"line":551,"column":111},"end":{"line":551,"column":126}},{"start":{"line":551,"column":132},"end":{"line":551,"column":145}},{"start":{"line":551,"column":149},"end":{"line":551,"column":163}}],"line":551},"44":{"loc":{"start":{"line":566,"column":4},"end":{"line":569,"column":5}},"type":"if","locations":[{"start":{"line":566,"column":4},"end":{"line":569,"column":5}},{"start":{"line":566,"column":4},"end":{"line":569,"column":5}}],"line":566},"45":{"loc":{"start":{"line":589,"column":8},"end":{"line":596,"column":9}},"type":"if","locations":[{"start":{"line":589,"column":8},"end":{"line":596,"column":9}},{"start":{"line":589,"column":8},"end":{"line":596,"column":9}}],"line":589}},"s":{"0":1,"1":1,"2":1,"3":1,"4":1,"5":1,"6":1,"7":1,"8":1,"9":1,"10":1,"11":1,"12":2,"13":1,"14":1,"15":1,"16":1,"17":0,"18":0,"19":1,"20":1,"21":2,"22":1,"23":1,"24":1,"25":1,"26":0,"27":0,"28":1,"29":1,"30":1,"31":2,"32":1,"33":1,"34":1,"35":1,"36":1,"37":0,"38":0,"39":1,"40":1,"41":2,"42":1,"43":1,"44":1,"45":1,"46":1,"47":1,"48":1,"49":1,"50":0,"51":1,"52":1,"53":1,"54":1,"55":2,"56":1,"57":1,"58":1,"59":1,"60":0,"61":0,"62":1,"63":1,"64":1,"65":0,"66":0,"67":1,"68":1,"69":2,"70":1,"71":1,"72":1,"73":1,"74":0,"75":0,"76":1,"77":1,"78":2,"79":1,"80":1,"81":1,"82":1,"83":1,"84":1,"85":0,"86":0,"87":1,"88":1,"89":0,"90":0,"91":0,"92":0,"93":0,"94":0,"95":0,"96":0,"97":0,"98":0,"99":0,"100":0,"101":0,"102":0,"103":0,"104":0,"105":0,"106":0,"107":0,"108":0,"109":0,"110":0,"111":0,"112":0,"113":0,"114":0,"115":0,"116":0,"117":0,"118":0,"119":0,"120":0,"121":0,"122":0,"123":0,"124":0,"125":0,"126":0,"127":0,"128":0,"129":0,"130":0,"131":0,"132":0,"133":0,"134":0,"135":0,"136":0,"137":0,"138":0,"139":0,"140":0,"141":0,"142":0,"143":0,"144":0,"145":0,"146":0,"147":0,"148":0,"149":0,"150":0,"151":0,"152":0,"153":0,"154":0,"155":0,"156":0,"157":0,"158":0,"159":0,"160":0,"161":0,"162":0,"163":0,"164":0,"165":0,"166":0,"167":0,"168":0,"169":0,"170":0,"171":0,"172":0,"173":0,"174":0,"175":0,"176":0,"177":0,"178":0,"179":0,"180":0,"181":0,"182":0,"183":0,"184":0,"185":0,"186":0,"187":0,"188":0,"189":0,"190":0,"191":0,"192":0,"193":0,"194":0,"195":0,"196":0,"197":0,"198":0,"199":0,"200":0,"201":0,"202":0,"203":0,"204":0,"205":0,"206":0,"207":0,"208":0,"209":0,"210":0,"211":0,"212":0,"213":0,"214":0,"215":0,"216":0,"217":0,"218":0,"219":0,"220":0,"221":0,"222":0,"223":0,"224":0,"225":0,"226":0,"227":0,"228":0,"229":0,"230":0,"231":0,"232":0,"233":1,"234":1,"235":1,"236":1,"237":1,"238":1,"239":1,"240":1,"241":1,"242":1,"243":0,"244":1},"f":{"0":2,"1":1,"2":2,"3":1,"4":2,"5":1,"6":2,"7":1,"8":1,"9":2,"10":1,"11":1,"12":2,"13":1,"14":2,"15":1,"16":0,"17":0,"18":0,"19":0,"20":0,"21":0,"22":1,"23":1},"b":{"0":[1,1],"1":[0,1],"2":[1,1],"3":[0,1],"4":[1,1],"5":[0,1],"6":[1,1],"7":[1,0],"8":[0,1],"9":[1,0],"10":[1,1],"11":[0,1],"12":[0,1],"13":[1,1],"14":[0,1],"15":[1,1],"16":[0,1],"17":[0,0],"18":[0,0],"19":[0,0],"20":[0,0],"21":[0,0],"22":[0,0],"23":[0,0],"24":[0,0],"25":[0,0],"26":[0,0],"27":[0,0],"28":[0,0],"29":[0,0],"30":[0,0],"31":[0,0,0,0],"32":[0,0],"33":[0,0],"34":[0,0],"35":[0,0],"36":[0,0],"37":[0,0],"38":[0,0],"39":[0,0],"40":[0,0],"41":[0,0],"42":[0,0],"43":[0,0,0,0,0,0,0,0],"44":[0,0],"45":[0,1]},"_coverageSchema":"1a1c01bbd47fc00a2c39e90264f33305004495a9","hash":"1fe21f44fabf3c124c70caba0949daa5c9088406","contentHash":"c9daf84f0b01518d72c6821f44c4ac0ffd9785c45d2f451429b86b8c601a0fd1"},"/home/marcus/UNI/Year 3/COS 301/Capstone/Feature-Improvments/3D-model-Binary-Vision/Application/api/controller/UploadController.js":{"path":"/home/marcus/UNI/Year 3/COS 301/Capstone/Feature-Improvments/3D-model-Binary-Vision/Application/api/controller/UploadController.js","statementMap":{"0":{"start":{"line":4,"column":19},"end":{"line":4,"column":40}},"1":{"start":{"line":5,"column":24},"end":{"line":5,"column":50}},"2":{"start":{"line":6,"column":17},"end":{"line":6,"column":36}},"3":{"start":{"line":7,"column":15},"end":{"line":7,"column":32}},"4":{"start":{"line":8,"column":11},"end":{"line":8,"column":24}},"5":{"start":{"line":9,"column":13},"end":{"line":9,"column":28}},"6":{"start":{"line":10,"column":17},"end":{"line":10,"column":41}},"7":{"start":{"line":11,"column":20},"end":{"line":11,"column":38}},"8":{"start":{"line":13,"column":0},"end":{"line":110,"column":1}},"9":{"start":{"line":20,"column":21},"end":{"line":20,"column":52}},"10":{"start":{"line":22,"column":8},"end":{"line":104,"column":11}},"11":{"start":{"line":24,"column":12},"end":{"line":28,"column":13}},"12":{"start":{"line":26,"column":16},"end":{"line":26,"column":33}},"13":{"start":{"line":27,"column":16},"end":{"line":27,"column":23}},"14":{"start":{"line":29,"column":27},"end":{"line":29,"column":32}},"15":{"start":{"line":31,"column":12},"end":{"line":103,"column":13}},"16":{"start":{"line":34,"column":16},"end":{"line":34,"column":50}},"17":{"start":{"line":35,"column":16},"end":{"line":35,"column":23}},"18":{"start":{"line":43,"column":24},"end":{"line":43,"column":34}},"19":{"start":{"line":44,"column":24},"end":{"line":44,"column":81}},"20":{"start":{"line":45,"column":16},"end":{"line":45,"column":34}},"21":{"start":{"line":46,"column":16},"end":{"line":49,"column":17}},"22":{"start":{"line":48,"column":20},"end":{"line":48,"column":76}},"23":{"start":{"line":54,"column":41},"end":{"line":54,"column":72}},"24":{"start":{"line":55,"column":16},"end":{"line":55,"column":46}},"25":{"start":{"line":56,"column":24},"end":{"line":56,"column":38}},"26":{"start":{"line":58,"column":16},"end":{"line":100,"column":19}},"27":{"start":{"line":61,"column":20},"end":{"line":99,"column":21}},"28":{"start":{"line":62,"column":24},"end":{"line":62,"column":80}},"29":{"start":{"line":63,"column":24},"end":{"line":63,"column":51}},"30":{"start":{"line":97,"column":25},"end":{"line":97,"column":57}},"31":{"start":{"line":98,"column":25},"end":{"line":98,"column":37}},"32":{"start":{"line":107,"column":8},"end":{"line":107,"column":15}},"33":{"start":{"line":120,"column":4},"end":{"line":130,"column":5}},"34":{"start":{"line":121,"column":8},"end":{"line":128,"column":11}},"35":{"start":{"line":122,"column":29},"end":{"line":122,"column":55}},"36":{"start":{"line":123,"column":12},"end":{"line":127,"column":13}},"37":{"start":{"line":124,"column":16},"end":{"line":124,"column":35}},"38":{"start":{"line":126,"column":16},"end":{"line":126,"column":42}},"39":{"start":{"line":129,"column":8},"end":{"line":129,"column":31}}},"fnMap":{"0":{"name":"(anonymous_0)","decl":{"start":{"line":18,"column":18},"end":{"line":18,"column":19}},"loc":{"start":{"line":19,"column":4},"end":{"line":109,"column":5}},"line":19},"1":{"name":"(anonymous_1)","decl":{"start":{"line":22,"column":24},"end":{"line":22,"column":25}},"loc":{"start":{"line":23,"column":8},"end":{"line":104,"column":9}},"line":23},"2":{"name":"(anonymous_2)","decl":{"start":{"line":58,"column":75},"end":{"line":58,"column":76}},"loc":{"start":{"line":58,"column":102},"end":{"line":100,"column":17}},"line":58},"3":{"name":"rimraf","decl":{"start":{"line":119,"column":9},"end":{"line":119,"column":15}},"loc":{"start":{"line":119,"column":26},"end":{"line":131,"column":1}},"line":119},"4":{"name":"(anonymous_4)","decl":{"start":{"line":121,"column":41},"end":{"line":121,"column":42}},"loc":{"start":{"line":121,"column":57},"end":{"line":128,"column":9}},"line":121}},"branchMap":{"0":{"loc":{"start":{"line":24,"column":12},"end":{"line":28,"column":13}},"type":"if","locations":[{"start":{"line":24,"column":12},"end":{"line":28,"column":13}},{"start":{"line":24,"column":12},"end":{"line":28,"column":13}}],"line":24},"1":{"loc":{"start":{"line":31,"column":12},"end":{"line":103,"column":13}},"type":"if","locations":[{"start":{"line":31,"column":12},"end":{"line":103,"column":13}},{"start":{"line":31,"column":12},"end":{"line":103,"column":13}}],"line":31},"2":{"loc":{"start":{"line":61,"column":20},"end":{"line":99,"column":21}},"type":"if","locations":[{"start":{"line":61,"column":20},"end":{"line":99,"column":21}},{"start":{"line":61,"column":20},"end":{"line":99,"column":21}}],"line":61},"3":{"loc":{"start":{"line":120,"column":4},"end":{"line":130,"column":5}},"type":"if","locations":[{"start":{"line":120,"column":4},"end":{"line":130,"column":5}},{"start":{"line":120,"column":4},"end":{"line":130,"column":5}}],"line":120},"4":{"loc":{"start":{"line":123,"column":12},"end":{"line":127,"column":13}},"type":"if","locations":[{"start":{"line":123,"column":12},"end":{"line":127,"column":13}},{"start":{"line":123,"column":12},"end":{"line":127,"column":13}}],"line":123}},"s":{"0":1,"1":1,"2":1,"3":1,"4":1,"5":1,"6":1,"7":1,"8":1,"9":0,"10":0,"11":0,"12":0,"13":0,"14":0,"15":0,"16":0,"17":0,"18":0,"19":0,"20":0,"21":0,"22":0,"23":0,"24":0,"25":0,"26":0,"27":0,"28":0,"29":0,"30":0,"31":0,"32":0,"33":0,"34":0,"35":0,"36":0,"37":0,"38":0,"39":0},"f":{"0":0,"1":0,"2":0,"3":0,"4":0},"b":{"0":[0,0],"1":[0,0],"2":[0,0],"3":[0,0],"4":[0,0]},"_coverageSchema":"1a1c01bbd47fc00a2c39e90264f33305004495a9","hash":"e82ebd65bcf972ebe69ccd479d0ff23405a75ad7","contentHash":"cc6116a1e2aa9c1498a7b1f497b70a28ebf8706ed524e3442aad71379c877cd6"}}