{"/home/marcus/UNI/Year 3/COS 301/Capstone/Feature-Improvments/3D-model-Binary-Vision/Application/server.js":{"path":"/home/marcus/UNI/Year 3/COS 301/Capstone/Feature-Improvments/3D-model-Binary-Vision/Application/server.js","statementMap":{"0":{"start":{"line":3,"column":14},"end":{"line":3,"column":32}},"1":{"start":{"line":4,"column":10},"end":{"line":4,"column":19}},"2":{"start":{"line":5,"column":10},"end":{"line":5,"column":34}},"3":{"start":{"line":6,"column":14},"end":{"line":6,"column":33}},"4":{"start":{"line":7,"column":17},"end":{"line":7,"column":39}},"5":{"start":{"line":8,"column":17},"end":{"line":8,"column":40}},"6":{"start":{"line":10,"column":20},"end":{"line":13,"column":1}},"7":{"start":{"line":19,"column":0},"end":{"line":19,"column":63}},"8":{"start":{"line":20,"column":0},"end":{"line":20,"column":39}},"9":{"start":{"line":22,"column":0},"end":{"line":22,"column":48}},"10":{"start":{"line":23,"column":0},"end":{"line":23,"column":27}},"11":{"start":{"line":25,"column":21},"end":{"line":25,"column":45}},"12":{"start":{"line":26,"column":0},"end":{"line":26,"column":24}},"13":{"start":{"line":28,"column":0},"end":{"line":35,"column":2}},"14":{"start":{"line":30,"column":2},"end":{"line":32,"column":3}},"15":{"start":{"line":31,"column":4},"end":{"line":31,"column":36}},"16":{"start":{"line":34,"column":2},"end":{"line":34,"column":9}},"17":{"start":{"line":37,"column":0},"end":{"line":37,"column":33}},"18":{"start":{"line":38,"column":0},"end":{"line":38,"column":37}},"19":{"start":{"line":39,"column":0},"end":{"line":39,"column":36}},"20":{"start":{"line":40,"column":13},"end":{"line":40,"column":48}},"21":{"start":{"line":41,"column":0},"end":{"line":41,"column":12}},"22":{"start":{"line":43,"column":0},"end":{"line":43,"column":17}},"23":{"start":{"line":45,"column":0},"end":{"line":45,"column":73}},"24":{"start":{"line":47,"column":0},"end":{"line":47,"column":21}}},"fnMap":{"0":{"name":"(anonymous_0)","decl":{"start":{"line":28,"column":8},"end":{"line":28,"column":9}},"loc":{"start":{"line":28,"column":28},"end":{"line":35,"column":1}},"line":28}},"branchMap":{"0":{"loc":{"start":{"line":5,"column":10},"end":{"line":5,"column":34}},"type":"binary-expr","locations":[{"start":{"line":5,"column":10},"end":{"line":5,"column":26}},{"start":{"line":5,"column":30},"end":{"line":5,"column":34}}],"line":5},"1":{"loc":{"start":{"line":30,"column":2},"end":{"line":32,"column":3}},"type":"if","locations":[{"start":{"line":30,"column":2},"end":{"line":32,"column":3}},{"start":{"line":30,"column":2},"end":{"line":32,"column":3}}],"line":30}},"s":{"0":1,"1":1,"2":1,"3":1,"4":1,"5":1,"6":1,"7":1,"8":1,"9":1,"10":1,"11":1,"12":1,"13":1,"14":0,"15":0,"16":0,"17":1,"18":1,"19":1,"20":1,"21":1,"22":1,"23":1,"24":1},"f":{"0":0},"b":{"0":[1,1],"1":[0,0]},"_coverageSchema":"1a1c01bbd47fc00a2c39e90264f33305004495a9","hash":"169c5eae947a280289b5a0632ed200b4668b30ad","contentHash":"30ac377c7e5fb9da5c795ebd7e13b9866ead9b5ee697dc0730f51c49f3fa67ad"},"/home/marcus/UNI/Year 3/COS 301/Capstone/Feature-Improvments/3D-model-Binary-Vision/Application/api/route/3DModelRoute.js":{"path":"/home/marcus/UNI/Year 3/COS 301/Capstone/Feature-Improvments/3D-model-Binary-Vision/Application/api/route/3DModelRoute.js","statementMap":{"0":{"start":{"line":8,"column":11},"end":{"line":8,"column":24}},"1":{"start":{"line":11,"column":12},"end":{"line":11,"column":54}},"2":{"start":{"line":12,"column":14},"end":{"line":12,"column":54}},"3":{"start":{"line":13,"column":19},"end":{"line":13,"column":66}},"4":{"start":{"line":14,"column":23},"end":{"line":14,"column":64}},"5":{"start":{"line":16,"column":0},"end":{"line":156,"column":1}},"6":{"start":{"line":21,"column":4},"end":{"line":26,"column":11}},"7":{"start":{"line":23,"column":25},"end":{"line":23,"column":78}},"8":{"start":{"line":24,"column":12},"end":{"line":24,"column":55}},"9":{"start":{"line":25,"column":12},"end":{"line":25,"column":27}},"10":{"start":{"line":28,"column":4},"end":{"line":29,"column":27}},"11":{"start":{"line":31,"column":4},"end":{"line":32,"column":28}},"12":{"start":{"line":34,"column":4},"end":{"line":34,"column":68}},"13":{"start":{"line":36,"column":4},"end":{"line":36,"column":56}},"14":{"start":{"line":38,"column":4},"end":{"line":38,"column":62}},"15":{"start":{"line":40,"column":4},"end":{"line":40,"column":56}},"16":{"start":{"line":42,"column":4},"end":{"line":43,"column":38}},"17":{"start":{"line":46,"column":4},"end":{"line":46,"column":51}},"18":{"start":{"line":49,"column":4},"end":{"line":50,"column":32}},"19":{"start":{"line":52,"column":4},"end":{"line":53,"column":38}},"20":{"start":{"line":55,"column":4},"end":{"line":58,"column":44}},"21":{"start":{"line":60,"column":4},"end":{"line":61,"column":35}},"22":{"start":{"line":63,"column":4},"end":{"line":69,"column":28}},"23":{"start":{"line":65,"column":25},"end":{"line":65,"column":77}},"24":{"start":{"line":66,"column":12},"end":{"line":66,"column":55}},"25":{"start":{"line":67,"column":12},"end":{"line":67,"column":27}},"26":{"start":{"line":71,"column":4},"end":{"line":73,"column":40}},"27":{"start":{"line":75,"column":4},"end":{"line":77,"column":46}},"28":{"start":{"line":79,"column":4},"end":{"line":80,"column":28}},"29":{"start":{"line":82,"column":4},"end":{"line":88,"column":11}},"30":{"start":{"line":85,"column":25},"end":{"line":85,"column":82}},"31":{"start":{"line":86,"column":12},"end":{"line":86,"column":55}},"32":{"start":{"line":87,"column":12},"end":{"line":87,"column":27}},"33":{"start":{"line":91,"column":4},"end":{"line":92,"column":48}},"34":{"start":{"line":94,"column":4},"end":{"line":95,"column":37}},"35":{"start":{"line":97,"column":4},"end":{"line":98,"column":38}},"36":{"start":{"line":100,"column":4},"end":{"line":101,"column":40}},"37":{"start":{"line":103,"column":4},"end":{"line":104,"column":35}},"38":{"start":{"line":106,"column":4},"end":{"line":107,"column":35}},"39":{"start":{"line":109,"column":4},"end":{"line":110,"column":40}},"40":{"start":{"line":112,"column":4},"end":{"line":113,"column":47}},"41":{"start":{"line":115,"column":4},"end":{"line":116,"column":50}},"42":{"start":{"line":118,"column":4},"end":{"line":119,"column":39}},"43":{"start":{"line":121,"column":4},"end":{"line":122,"column":39}},"44":{"start":{"line":124,"column":4},"end":{"line":125,"column":35}},"45":{"start":{"line":127,"column":4},"end":{"line":128,"column":35}},"46":{"start":{"line":130,"column":4},"end":{"line":131,"column":38}},"47":{"start":{"line":133,"column":4},"end":{"line":134,"column":37}},"48":{"start":{"line":136,"column":4},"end":{"line":137,"column":34}},"49":{"start":{"line":139,"column":4},"end":{"line":140,"column":46}},"50":{"start":{"line":142,"column":4},"end":{"line":143,"column":48}},"51":{"start":{"line":145,"column":4},"end":{"line":146,"column":31}},"52":{"start":{"line":148,"column":4},"end":{"line":149,"column":31}},"53":{"start":{"line":151,"column":4},"end":{"line":152,"column":46}},"54":{"start":{"line":154,"column":4},"end":{"line":155,"column":38}}},"fnMap":{"0":{"name":"(anonymous_0)","decl":{"start":{"line":16,"column":17},"end":{"line":16,"column":18}},"loc":{"start":{"line":17,"column":0},"end":{"line":156,"column":1}},"line":17},"1":{"name":"(anonymous_1)","decl":{"start":{"line":22,"column":13},"end":{"line":22,"column":14}},"loc":{"start":{"line":22,"column":28},"end":{"line":26,"column":9}},"line":22},"2":{"name":"(anonymous_2)","decl":{"start":{"line":64,"column":13},"end":{"line":64,"column":14}},"loc":{"start":{"line":64,"column":28},"end":{"line":68,"column":9}},"line":64},"3":{"name":"(anonymous_3)","decl":{"start":{"line":84,"column":13},"end":{"line":84,"column":14}},"loc":{"start":{"line":84,"column":28},"end":{"line":88,"column":9}},"line":84}},"branchMap":{},"s":{"0":1,"1":1,"2":1,"3":1,"4":1,"5":1,"6":1,"7":0,"8":0,"9":0,"10":1,"11":1,"12":1,"13":1,"14":1,"15":1,"16":1,"17":1,"18":1,"19":1,"20":1,"21":1,"22":1,"23":0,"24":0,"25":0,"26":1,"27":1,"28":1,"29":1,"30":0,"31":0,"32":0,"33":1,"34":1,"35":1,"36":1,"37":1,"38":1,"39":1,"40":1,"41":1,"42":1,"43":1,"44":1,"45":1,"46":1,"47":1,"48":1,"49":1,"50":1,"51":1,"52":1,"53":1,"54":1},"f":{"0":1,"1":0,"2":0,"3":0},"b":{},"_coverageSchema":"1a1c01bbd47fc00a2c39e90264f33305004495a9","hash":"49b237c9606acf91eb302258b645ebbfaf02f55e","contentHash":"fe0d2d58651f20d6b053d8a6dbb1ee35f739c9e7070227727e1473cb753cce32"},"/home/marcus/UNI/Year 3/COS 301/Capstone/Feature-Improvments/3D-model-Binary-Vision/Application/api/controller/3DModelController.js":{"path":"/home/marcus/UNI/Year 3/COS 301/Capstone/Feature-Improvments/3D-model-Binary-Vision/Application/api/controller/3DModelController.js","statementMap":{"0":{"start":{"line":11,"column":9},"end":{"line":11,"column":22}},"1":{"start":{"line":12,"column":15},"end":{"line":12,"column":32}},"2":{"start":{"line":13,"column":24},"end":{"line":13,"column":50}},"3":{"start":{"line":14,"column":17},"end":{"line":14,"column":38}},"4":{"start":{"line":15,"column":15},"end":{"line":15,"column":34}},"5":{"start":{"line":16,"column":13},"end":{"line":16,"column":30}},"6":{"start":{"line":18,"column":13},"end":{"line":18,"column":55}},"7":{"start":{"line":19,"column":14},"end":{"line":19,"column":57}},"8":{"start":{"line":20,"column":19},"end":{"line":20,"column":67}},"9":{"start":{"line":21,"column":19},"end":{"line":21,"column":67}},"10":{"start":{"line":22,"column":14},"end":{"line":22,"column":57}},"11":{"start":{"line":23,"column":22},"end":{"line":23,"column":73}},"12":{"start":{"line":24,"column":15},"end":{"line":24,"column":59}},"13":{"start":{"line":27,"column":17},"end":{"line":27,"column":38}},"14":{"start":{"line":28,"column":20},"end":{"line":35,"column":3}},"15":{"start":{"line":38,"column":17},"end":{"line":38,"column":23}},"16":{"start":{"line":39,"column":18},"end":{"line":39,"column":23}},"17":{"start":{"line":41,"column":0},"end":{"line":1277,"column":2}},"18":{"start":{"line":48,"column":37},"end":{"line":48,"column":45}},"19":{"start":{"line":50,"column":8},"end":{"line":50,"column":47}},"20":{"start":{"line":52,"column":8},"end":{"line":76,"column":11}},"21":{"start":{"line":54,"column":12},"end":{"line":58,"column":13}},"22":{"start":{"line":56,"column":16},"end":{"line":56,"column":37}},"23":{"start":{"line":57,"column":16},"end":{"line":57,"column":23}},"24":{"start":{"line":59,"column":12},"end":{"line":74,"column":13}},"25":{"start":{"line":62,"column":16},"end":{"line":73,"column":18}},"26":{"start":{"line":63,"column":20},"end":{"line":72,"column":21}},"27":{"start":{"line":65,"column":24},"end":{"line":65,"column":89}},"28":{"start":{"line":66,"column":24},"end":{"line":66,"column":61}},"29":{"start":{"line":67,"column":24},"end":{"line":67,"column":79}},"30":{"start":{"line":68,"column":24},"end":{"line":68,"column":31}},"31":{"start":{"line":71,"column":24},"end":{"line":71,"column":39}},"32":{"start":{"line":78,"column":8},"end":{"line":102,"column":11}},"33":{"start":{"line":79,"column":12},"end":{"line":83,"column":13}},"34":{"start":{"line":81,"column":14},"end":{"line":81,"column":28}},"35":{"start":{"line":82,"column":14},"end":{"line":82,"column":21}},"36":{"start":{"line":85,"column":12},"end":{"line":101,"column":13}},"37":{"start":{"line":87,"column":16},"end":{"line":99,"column":18}},"38":{"start":{"line":88,"column":19},"end":{"line":97,"column":20}},"39":{"start":{"line":89,"column":24},"end":{"line":89,"column":95}},"40":{"start":{"line":90,"column":24},"end":{"line":90,"column":54}},"41":{"start":{"line":91,"column":24},"end":{"line":91,"column":85}},"42":{"start":{"line":92,"column":24},"end":{"line":92,"column":31}},"43":{"start":{"line":95,"column":23},"end":{"line":95,"column":39}},"44":{"start":{"line":96,"column":23},"end":{"line":96,"column":30}},"45":{"start":{"line":104,"column":8},"end":{"line":104,"column":15}},"46":{"start":{"line":113,"column":8},"end":{"line":123,"column":11}},"47":{"start":{"line":115,"column":12},"end":{"line":118,"column":13}},"48":{"start":{"line":119,"column":12},"end":{"line":122,"column":13}},"49":{"start":{"line":121,"column":16},"end":{"line":121,"column":77}},"50":{"start":{"line":124,"column":8},"end":{"line":134,"column":11}},"51":{"start":{"line":126,"column":12},"end":{"line":129,"column":13}},"52":{"start":{"line":130,"column":12},"end":{"line":133,"column":13}},"53":{"start":{"line":132,"column":16},"end":{"line":132,"column":71}},"54":{"start":{"line":135,"column":8},"end":{"line":135,"column":59}},"55":{"start":{"line":136,"column":8},"end":{"line":136,"column":64}},"56":{"start":{"line":137,"column":8},"end":{"line":137,"column":49}},"57":{"start":{"line":138,"column":8},"end":{"line":138,"column":37}},"58":{"start":{"line":147,"column":60},"end":{"line":147,"column":68}},"59":{"start":{"line":149,"column":8},"end":{"line":191,"column":10}},"60":{"start":{"line":150,"column":12},"end":{"line":155,"column":13}},"61":{"start":{"line":153,"column":16},"end":{"line":153,"column":32}},"62":{"start":{"line":154,"column":16},"end":{"line":154,"column":23}},"63":{"start":{"line":157,"column":29},"end":{"line":157,"column":84}},"64":{"start":{"line":158,"column":12},"end":{"line":189,"column":14}},"65":{"start":{"line":160,"column":16},"end":{"line":188,"column":17}},"66":{"start":{"line":162,"column":20},"end":{"line":162,"column":34}},"67":{"start":{"line":163,"column":20},"end":{"line":163,"column":27}},"68":{"start":{"line":168,"column":32},"end":{"line":168,"column":42}},"69":{"start":{"line":169,"column":31},"end":{"line":169,"column":101}},"70":{"start":{"line":170,"column":32},"end":{"line":170,"column":48}},"71":{"start":{"line":171,"column":34},"end":{"line":171,"column":52}},"72":{"start":{"line":172,"column":34},"end":{"line":172,"column":52}},"73":{"start":{"line":173,"column":31},"end":{"line":173,"column":68}},"74":{"start":{"line":174,"column":31},"end":{"line":174,"column":94}},"75":{"start":{"line":175,"column":32},"end":{"line":175,"column":65}},"76":{"start":{"line":176,"column":20},"end":{"line":185,"column":23}},"77":{"start":{"line":177,"column":24},"end":{"line":184,"column":25}},"78":{"start":{"line":179,"column":28},"end":{"line":179,"column":45}},"79":{"start":{"line":183,"column":28},"end":{"line":183,"column":83}},"80":{"start":{"line":186,"column":20},"end":{"line":186,"column":49}},"81":{"start":{"line":187,"column":20},"end":{"line":187,"column":27}},"82":{"start":{"line":200,"column":92},"end":{"line":200,"column":100}},"83":{"start":{"line":203,"column":8},"end":{"line":269,"column":11}},"84":{"start":{"line":204,"column":12},"end":{"line":208,"column":13}},"85":{"start":{"line":206,"column":16},"end":{"line":206,"column":32}},"86":{"start":{"line":207,"column":16},"end":{"line":207,"column":23}},"87":{"start":{"line":209,"column":12},"end":{"line":268,"column":13}},"88":{"start":{"line":210,"column":16},"end":{"line":261,"column":17}},"89":{"start":{"line":213,"column":20},"end":{"line":213,"column":59}},"90":{"start":{"line":214,"column":20},"end":{"line":254,"column":23}},"91":{"start":{"line":215,"column":24},"end":{"line":215,"column":45}},"92":{"start":{"line":216,"column":24},"end":{"line":253,"column":25}},"93":{"start":{"line":218,"column":43},"end":{"line":218,"column":105}},"94":{"start":{"line":219,"column":28},"end":{"line":234,"column":31}},"95":{"start":{"line":221,"column":32},"end":{"line":233,"column":33}},"96":{"start":{"line":223,"column":36},"end":{"line":223,"column":52}},"97":{"start":{"line":224,"column":36},"end":{"line":224,"column":50}},"98":{"start":{"line":225,"column":36},"end":{"line":225,"column":43}},"99":{"start":{"line":230,"column":36},"end":{"line":230,"column":83}},"100":{"start":{"line":231,"column":36},"end":{"line":231,"column":64}},"101":{"start":{"line":232,"column":36},"end":{"line":232,"column":43}},"102":{"start":{"line":236,"column":29},"end":{"line":253,"column":25}},"103":{"start":{"line":238,"column":49},"end":{"line":238,"column":123}},"104":{"start":{"line":239,"column":28},"end":{"line":252,"column":31}},"105":{"start":{"line":241,"column":32},"end":{"line":251,"column":33}},"106":{"start":{"line":243,"column":32},"end":{"line":243,"column":46}},"107":{"start":{"line":248,"column":36},"end":{"line":248,"column":89}},"108":{"start":{"line":249,"column":36},"end":{"line":249,"column":64}},"109":{"start":{"line":250,"column":36},"end":{"line":250,"column":43}},"110":{"start":{"line":259,"column":20},"end":{"line":259,"column":36}},"111":{"start":{"line":260,"column":20},"end":{"line":260,"column":27}},"112":{"start":{"line":265,"column":16},"end":{"line":265,"column":32}},"113":{"start":{"line":266,"column":16},"end":{"line":266,"column":23}},"114":{"start":{"line":271,"column":8},"end":{"line":271,"column":15}},"115":{"start":{"line":279,"column":23},"end":{"line":279,"column":40}},"116":{"start":{"line":280,"column":8},"end":{"line":287,"column":11}},"117":{"start":{"line":281,"column":12},"end":{"line":286,"column":13}},"118":{"start":{"line":284,"column":16},"end":{"line":284,"column":45}},"119":{"start":{"line":285,"column":16},"end":{"line":285,"column":23}},"120":{"start":{"line":289,"column":8},"end":{"line":295,"column":10}},"121":{"start":{"line":290,"column":12},"end":{"line":294,"column":13}},"122":{"start":{"line":292,"column":16},"end":{"line":292,"column":51}},"123":{"start":{"line":293,"column":16},"end":{"line":293,"column":23}},"124":{"start":{"line":304,"column":20},"end":{"line":304,"column":34}},"125":{"start":{"line":306,"column":8},"end":{"line":313,"column":11}},"126":{"start":{"line":307,"column":12},"end":{"line":312,"column":13}},"127":{"start":{"line":310,"column":16},"end":{"line":310,"column":45}},"128":{"start":{"line":311,"column":16},"end":{"line":311,"column":23}},"129":{"start":{"line":315,"column":8},"end":{"line":321,"column":11}},"130":{"start":{"line":316,"column":12},"end":{"line":320,"column":13}},"131":{"start":{"line":318,"column":16},"end":{"line":318,"column":51}},"132":{"start":{"line":319,"column":16},"end":{"line":319,"column":23}},"133":{"start":{"line":330,"column":8},"end":{"line":333,"column":9}},"134":{"start":{"line":332,"column":12},"end":{"line":332,"column":35}},"135":{"start":{"line":334,"column":8},"end":{"line":335,"column":41}},"136":{"start":{"line":336,"column":8},"end":{"line":336,"column":15}},"137":{"start":{"line":344,"column":8},"end":{"line":383,"column":9}},"138":{"start":{"line":351,"column":76},"end":{"line":351,"column":84}},"139":{"start":{"line":353,"column":30},"end":{"line":353,"column":98}},"140":{"start":{"line":355,"column":12},"end":{"line":355,"column":42}},"141":{"start":{"line":357,"column":12},"end":{"line":369,"column":15}},"142":{"start":{"line":359,"column":16},"end":{"line":368,"column":17}},"143":{"start":{"line":361,"column":20},"end":{"line":361,"column":46}},"144":{"start":{"line":362,"column":20},"end":{"line":362,"column":27}},"145":{"start":{"line":366,"column":20},"end":{"line":366,"column":36}},"146":{"start":{"line":367,"column":20},"end":{"line":367,"column":49}},"147":{"start":{"line":371,"column":12},"end":{"line":381,"column":15}},"148":{"start":{"line":373,"column":16},"end":{"line":376,"column":17}},"149":{"start":{"line":377,"column":16},"end":{"line":380,"column":17}},"150":{"start":{"line":379,"column":20},"end":{"line":379,"column":106}},"151":{"start":{"line":382,"column":12},"end":{"line":382,"column":19}},"152":{"start":{"line":391,"column":8},"end":{"line":400,"column":11}},"153":{"start":{"line":393,"column":12},"end":{"line":397,"column":13}},"154":{"start":{"line":395,"column":16},"end":{"line":395,"column":30}},"155":{"start":{"line":396,"column":16},"end":{"line":396,"column":23}},"156":{"start":{"line":398,"column":12},"end":{"line":398,"column":30}},"157":{"start":{"line":399,"column":12},"end":{"line":399,"column":19}},"158":{"start":{"line":408,"column":8},"end":{"line":412,"column":9}},"159":{"start":{"line":410,"column":12},"end":{"line":410,"column":49}},"160":{"start":{"line":411,"column":12},"end":{"line":411,"column":19}},"161":{"start":{"line":413,"column":8},"end":{"line":425,"column":11}},"162":{"start":{"line":415,"column":12},"end":{"line":424,"column":13}},"163":{"start":{"line":417,"column":16},"end":{"line":417,"column":66}},"164":{"start":{"line":418,"column":16},"end":{"line":418,"column":23}},"165":{"start":{"line":422,"column":16},"end":{"line":422,"column":47}},"166":{"start":{"line":423,"column":16},"end":{"line":423,"column":23}},"167":{"start":{"line":433,"column":8},"end":{"line":437,"column":9}},"168":{"start":{"line":435,"column":12},"end":{"line":435,"column":28}},"169":{"start":{"line":436,"column":12},"end":{"line":436,"column":19}},"170":{"start":{"line":439,"column":21},"end":{"line":439,"column":33}},"171":{"start":{"line":440,"column":8},"end":{"line":472,"column":11}},"172":{"start":{"line":442,"column":12},"end":{"line":445,"column":13}},"173":{"start":{"line":444,"column":16},"end":{"line":444,"column":37}},"174":{"start":{"line":447,"column":12},"end":{"line":471,"column":14}},"175":{"start":{"line":453,"column":18},"end":{"line":469,"column":19}},"176":{"start":{"line":455,"column":22},"end":{"line":456,"column":56}},"177":{"start":{"line":460,"column":22},"end":{"line":468,"column":23}},"178":{"start":{"line":462,"column":26},"end":{"line":463,"column":43}},"179":{"start":{"line":467,"column":26},"end":{"line":467,"column":40}},"180":{"start":{"line":481,"column":8},"end":{"line":485,"column":9}},"181":{"start":{"line":483,"column":12},"end":{"line":483,"column":28}},"182":{"start":{"line":484,"column":12},"end":{"line":484,"column":19}},"183":{"start":{"line":487,"column":8},"end":{"line":502,"column":11}},"184":{"start":{"line":489,"column":12},"end":{"line":500,"column":13}},"185":{"start":{"line":491,"column":16},"end":{"line":492,"column":66}},"186":{"start":{"line":493,"column":16},"end":{"line":493,"column":23}},"187":{"start":{"line":497,"column":16},"end":{"line":498,"column":39}},"188":{"start":{"line":499,"column":16},"end":{"line":499,"column":23}},"189":{"start":{"line":511,"column":8},"end":{"line":515,"column":9}},"190":{"start":{"line":513,"column":12},"end":{"line":513,"column":26}},"191":{"start":{"line":514,"column":12},"end":{"line":514,"column":19}},"192":{"start":{"line":517,"column":8},"end":{"line":519,"column":58}},"193":{"start":{"line":520,"column":8},"end":{"line":520,"column":15}},"194":{"start":{"line":528,"column":8},"end":{"line":532,"column":9}},"195":{"start":{"line":530,"column":12},"end":{"line":530,"column":26}},"196":{"start":{"line":531,"column":12},"end":{"line":531,"column":19}},"197":{"start":{"line":534,"column":8},"end":{"line":557,"column":11}},"198":{"start":{"line":536,"column":12},"end":{"line":541,"column":13}},"199":{"start":{"line":538,"column":16},"end":{"line":539,"column":50}},"200":{"start":{"line":540,"column":16},"end":{"line":540,"column":23}},"201":{"start":{"line":543,"column":27},"end":{"line":543,"column":43}},"202":{"start":{"line":544,"column":12},"end":{"line":549,"column":13}},"203":{"start":{"line":546,"column":16},"end":{"line":547,"column":48}},"204":{"start":{"line":548,"column":16},"end":{"line":548,"column":23}},"205":{"start":{"line":553,"column":31},"end":{"line":553,"column":87}},"206":{"start":{"line":555,"column":12},"end":{"line":555,"column":41}},"207":{"start":{"line":565,"column":8},"end":{"line":570,"column":9}},"208":{"start":{"line":567,"column":10},"end":{"line":568,"column":34}},"209":{"start":{"line":569,"column":10},"end":{"line":569,"column":17}},"210":{"start":{"line":572,"column":8},"end":{"line":583,"column":11}},"211":{"start":{"line":574,"column":12},"end":{"line":582,"column":13}},"212":{"start":{"line":576,"column":16},"end":{"line":577,"column":31}},"213":{"start":{"line":581,"column":16},"end":{"line":581,"column":72}},"214":{"start":{"line":592,"column":22},"end":{"line":592,"column":35}},"215":{"start":{"line":593,"column":21},"end":{"line":593,"column":33}},"216":{"start":{"line":595,"column":8},"end":{"line":644,"column":11}},"217":{"start":{"line":597,"column":12},"end":{"line":600,"column":13}},"218":{"start":{"line":599,"column":16},"end":{"line":599,"column":37}},"219":{"start":{"line":602,"column":26},"end":{"line":602,"column":37}},"220":{"start":{"line":604,"column":31},"end":{"line":604,"column":62}},"221":{"start":{"line":606,"column":28},"end":{"line":609,"column":13}},"222":{"start":{"line":611,"column":12},"end":{"line":643,"column":15}},"223":{"start":{"line":612,"column":14},"end":{"line":642,"column":15}},"224":{"start":{"line":614,"column":18},"end":{"line":614,"column":32}},"225":{"start":{"line":618,"column":18},"end":{"line":618,"column":36}},"226":{"start":{"line":619,"column":18},"end":{"line":641,"column":21}},"227":{"start":{"line":623,"column":43},"end":{"line":629,"column":24}},"228":{"start":{"line":631,"column":22},"end":{"line":640,"column":25}},"229":{"start":{"line":633,"column":26},"end":{"line":636,"column":27}},"230":{"start":{"line":635,"column":28},"end":{"line":635,"column":42}},"231":{"start":{"line":637,"column":26},"end":{"line":638,"column":45}},"232":{"start":{"line":639,"column":26},"end":{"line":639,"column":33}},"233":{"start":{"line":652,"column":22},"end":{"line":652,"column":35}},"234":{"start":{"line":653,"column":21},"end":{"line":653,"column":33}},"235":{"start":{"line":654,"column":8},"end":{"line":699,"column":11}},"236":{"start":{"line":656,"column":12},"end":{"line":659,"column":13}},"237":{"start":{"line":658,"column":16},"end":{"line":658,"column":37}},"238":{"start":{"line":661,"column":28},"end":{"line":661,"column":41}},"239":{"start":{"line":663,"column":31},"end":{"line":663,"column":64}},"240":{"start":{"line":665,"column":28},"end":{"line":668,"column":13}},"241":{"start":{"line":670,"column":12},"end":{"line":698,"column":15}},"242":{"start":{"line":672,"column":16},"end":{"line":676,"column":17}},"243":{"start":{"line":674,"column":20},"end":{"line":674,"column":34}},"244":{"start":{"line":675,"column":20},"end":{"line":675,"column":27}},"245":{"start":{"line":677,"column":16},"end":{"line":677,"column":34}},"246":{"start":{"line":678,"column":16},"end":{"line":697,"column":19}},"247":{"start":{"line":680,"column":20},"end":{"line":684,"column":21}},"248":{"start":{"line":682,"column":24},"end":{"line":682,"column":71}},"249":{"start":{"line":683,"column":24},"end":{"line":683,"column":31}},"250":{"start":{"line":685,"column":41},"end":{"line":690,"column":22}},"251":{"start":{"line":692,"column":20},"end":{"line":696,"column":23}},"252":{"start":{"line":694,"column":24},"end":{"line":695,"column":54}},"253":{"start":{"line":705,"column":8},"end":{"line":730,"column":9}},"254":{"start":{"line":710,"column":31},"end":{"line":710,"column":44}},"255":{"start":{"line":712,"column":12},"end":{"line":728,"column":14}},"256":{"start":{"line":713,"column":16},"end":{"line":726,"column":17}},"257":{"start":{"line":716,"column":21},"end":{"line":726,"column":17}},"258":{"start":{"line":717,"column":37},"end":{"line":717,"column":50}},"259":{"start":{"line":718,"column":39},"end":{"line":718,"column":97}},"260":{"start":{"line":720,"column":20},"end":{"line":720,"column":49}},"261":{"start":{"line":721,"column":20},"end":{"line":721,"column":40}},"262":{"start":{"line":722,"column":20},"end":{"line":722,"column":27}},"263":{"start":{"line":725,"column":20},"end":{"line":725,"column":47}},"264":{"start":{"line":738,"column":6},"end":{"line":743,"column":7}},"265":{"start":{"line":740,"column":10},"end":{"line":741,"column":34}},"266":{"start":{"line":742,"column":10},"end":{"line":742,"column":17}},"267":{"start":{"line":744,"column":6},"end":{"line":758,"column":9}},"268":{"start":{"line":746,"column":10},"end":{"line":757,"column":11}},"269":{"start":{"line":748,"column":14},"end":{"line":749,"column":49}},"270":{"start":{"line":750,"column":14},"end":{"line":750,"column":21}},"271":{"start":{"line":754,"column":14},"end":{"line":755,"column":30}},"272":{"start":{"line":756,"column":14},"end":{"line":756,"column":21}},"273":{"start":{"line":766,"column":8},"end":{"line":771,"column":9}},"274":{"start":{"line":768,"column":12},"end":{"line":769,"column":36}},"275":{"start":{"line":770,"column":12},"end":{"line":770,"column":19}},"276":{"start":{"line":773,"column":8},"end":{"line":787,"column":11}},"277":{"start":{"line":775,"column":12},"end":{"line":786,"column":13}},"278":{"start":{"line":777,"column":16},"end":{"line":778,"column":53}},"279":{"start":{"line":779,"column":16},"end":{"line":779,"column":23}},"280":{"start":{"line":783,"column":16},"end":{"line":784,"column":34}},"281":{"start":{"line":785,"column":16},"end":{"line":785,"column":23}},"282":{"start":{"line":795,"column":8},"end":{"line":799,"column":9}},"283":{"start":{"line":797,"column":12},"end":{"line":797,"column":28}},"284":{"start":{"line":798,"column":12},"end":{"line":798,"column":19}},"285":{"start":{"line":801,"column":44},"end":{"line":801,"column":52}},"286":{"start":{"line":803,"column":8},"end":{"line":893,"column":9}},"287":{"start":{"line":805,"column":12},"end":{"line":821,"column":15}},"288":{"start":{"line":807,"column":16},"end":{"line":810,"column":17}},"289":{"start":{"line":808,"column":20},"end":{"line":808,"column":36}},"290":{"start":{"line":809,"column":20},"end":{"line":809,"column":27}},"291":{"start":{"line":811,"column":16},"end":{"line":820,"column":17}},"292":{"start":{"line":813,"column":20},"end":{"line":813,"column":50}},"293":{"start":{"line":814,"column":20},"end":{"line":814,"column":27}},"294":{"start":{"line":818,"column":20},"end":{"line":818,"column":36}},"295":{"start":{"line":819,"column":20},"end":{"line":819,"column":27}},"296":{"start":{"line":823,"column":13},"end":{"line":893,"column":9}},"297":{"start":{"line":825,"column":12},"end":{"line":844,"column":15}},"298":{"start":{"line":827,"column":16},"end":{"line":831,"column":17}},"299":{"start":{"line":829,"column":20},"end":{"line":829,"column":36}},"300":{"start":{"line":830,"column":20},"end":{"line":830,"column":27}},"301":{"start":{"line":832,"column":16},"end":{"line":842,"column":17}},"302":{"start":{"line":834,"column":20},"end":{"line":835,"column":35}},"303":{"start":{"line":836,"column":20},"end":{"line":836,"column":27}},"304":{"start":{"line":840,"column":20},"end":{"line":840,"column":36}},"305":{"start":{"line":841,"column":20},"end":{"line":841,"column":27}},"306":{"start":{"line":846,"column":13},"end":{"line":893,"column":9}},"307":{"start":{"line":848,"column":12},"end":{"line":866,"column":15}},"308":{"start":{"line":850,"column":16},"end":{"line":854,"column":17}},"309":{"start":{"line":852,"column":20},"end":{"line":852,"column":36}},"310":{"start":{"line":853,"column":20},"end":{"line":853,"column":27}},"311":{"start":{"line":855,"column":16},"end":{"line":865,"column":17}},"312":{"start":{"line":857,"column":20},"end":{"line":858,"column":35}},"313":{"start":{"line":859,"column":20},"end":{"line":859,"column":27}},"314":{"start":{"line":863,"column":20},"end":{"line":863,"column":36}},"315":{"start":{"line":864,"column":20},"end":{"line":864,"column":27}},"316":{"start":{"line":868,"column":13},"end":{"line":893,"column":9}},"317":{"start":{"line":870,"column":12},"end":{"line":887,"column":15}},"318":{"start":{"line":872,"column":16},"end":{"line":876,"column":17}},"319":{"start":{"line":874,"column":20},"end":{"line":874,"column":36}},"320":{"start":{"line":875,"column":20},"end":{"line":875,"column":27}},"321":{"start":{"line":877,"column":16},"end":{"line":886,"column":17}},"322":{"start":{"line":879,"column":20},"end":{"line":879,"column":50}},"323":{"start":{"line":880,"column":20},"end":{"line":880,"column":27}},"324":{"start":{"line":884,"column":20},"end":{"line":884,"column":36}},"325":{"start":{"line":885,"column":20},"end":{"line":885,"column":27}},"326":{"start":{"line":891,"column":12},"end":{"line":891,"column":28}},"327":{"start":{"line":892,"column":12},"end":{"line":892,"column":19}},"328":{"start":{"line":901,"column":8},"end":{"line":905,"column":9}},"329":{"start":{"line":903,"column":12},"end":{"line":903,"column":49}},"330":{"start":{"line":904,"column":12},"end":{"line":904,"column":19}},"331":{"start":{"line":906,"column":19},"end":{"line":906,"column":29}},"332":{"start":{"line":907,"column":16},"end":{"line":907,"column":85}},"333":{"start":{"line":909,"column":8},"end":{"line":920,"column":11}},"334":{"start":{"line":911,"column":12},"end":{"line":915,"column":13}},"335":{"start":{"line":913,"column":16},"end":{"line":913,"column":66}},"336":{"start":{"line":914,"column":16},"end":{"line":914,"column":23}},"337":{"start":{"line":917,"column":12},"end":{"line":918,"column":27}},"338":{"start":{"line":919,"column":12},"end":{"line":919,"column":19}},"339":{"start":{"line":928,"column":8},"end":{"line":933,"column":9}},"340":{"start":{"line":930,"column":12},"end":{"line":931,"column":36}},"341":{"start":{"line":932,"column":12},"end":{"line":932,"column":19}},"342":{"start":{"line":935,"column":17},"end":{"line":935,"column":54}},"343":{"start":{"line":937,"column":8},"end":{"line":948,"column":11}},"344":{"start":{"line":939,"column":12},"end":{"line":944,"column":13}},"345":{"start":{"line":941,"column":16},"end":{"line":942,"column":50}},"346":{"start":{"line":943,"column":16},"end":{"line":943,"column":23}},"347":{"start":{"line":945,"column":12},"end":{"line":946,"column":53}},"348":{"start":{"line":947,"column":12},"end":{"line":947,"column":19}},"349":{"start":{"line":956,"column":6},"end":{"line":961,"column":7}},"350":{"start":{"line":958,"column":8},"end":{"line":959,"column":32}},"351":{"start":{"line":960,"column":8},"end":{"line":960,"column":15}},"352":{"start":{"line":963,"column":15},"end":{"line":963,"column":52}},"353":{"start":{"line":964,"column":19},"end":{"line":964,"column":34}},"354":{"start":{"line":966,"column":6},"end":{"line":987,"column":9}},"355":{"start":{"line":968,"column":10},"end":{"line":971,"column":11}},"356":{"start":{"line":972,"column":10},"end":{"line":986,"column":11}},"357":{"start":{"line":974,"column":14},"end":{"line":985,"column":15}},"358":{"start":{"line":976,"column":16},"end":{"line":976,"column":92}},"359":{"start":{"line":978,"column":19},"end":{"line":985,"column":15}},"360":{"start":{"line":980,"column":16},"end":{"line":980,"column":92}},"361":{"start":{"line":982,"column":19},"end":{"line":985,"column":15}},"362":{"start":{"line":984,"column":16},"end":{"line":984,"column":92}},"363":{"start":{"line":989,"column":6},"end":{"line":1000,"column":9}},"364":{"start":{"line":991,"column":10},"end":{"line":996,"column":11}},"365":{"start":{"line":993,"column":12},"end":{"line":994,"column":45}},"366":{"start":{"line":995,"column":12},"end":{"line":995,"column":19}},"367":{"start":{"line":997,"column":10},"end":{"line":998,"column":51}},"368":{"start":{"line":999,"column":10},"end":{"line":999,"column":17}},"369":{"start":{"line":1007,"column":8},"end":{"line":1011,"column":9}},"370":{"start":{"line":1009,"column":12},"end":{"line":1009,"column":28}},"371":{"start":{"line":1010,"column":12},"end":{"line":1010,"column":19}},"372":{"start":{"line":1013,"column":8},"end":{"line":1023,"column":11}},"373":{"start":{"line":1014,"column":12},"end":{"line":1018,"column":13}},"374":{"start":{"line":1016,"column":16},"end":{"line":1016,"column":32}},"375":{"start":{"line":1017,"column":16},"end":{"line":1017,"column":23}},"376":{"start":{"line":1020,"column":12},"end":{"line":1020,"column":42}},"377":{"start":{"line":1021,"column":12},"end":{"line":1021,"column":19}},"378":{"start":{"line":1032,"column":8},"end":{"line":1037,"column":9}},"379":{"start":{"line":1034,"column":10},"end":{"line":1035,"column":34}},"380":{"start":{"line":1036,"column":10},"end":{"line":1036,"column":17}},"381":{"start":{"line":1039,"column":8},"end":{"line":1050,"column":11}},"382":{"start":{"line":1041,"column":12},"end":{"line":1049,"column":13}},"383":{"start":{"line":1043,"column":16},"end":{"line":1044,"column":31}},"384":{"start":{"line":1048,"column":16},"end":{"line":1048,"column":72}},"385":{"start":{"line":1058,"column":40},"end":{"line":1058,"column":48}},"386":{"start":{"line":1060,"column":8},"end":{"line":1060,"column":47}},"387":{"start":{"line":1062,"column":22},"end":{"line":1062,"column":27}},"388":{"start":{"line":1063,"column":8},"end":{"line":1116,"column":11}},"389":{"start":{"line":1064,"column":12},"end":{"line":1114,"column":13}},"390":{"start":{"line":1066,"column":16},"end":{"line":1108,"column":17}},"391":{"start":{"line":1068,"column":20},"end":{"line":1107,"column":22}},"392":{"start":{"line":1069,"column":24},"end":{"line":1069,"column":40}},"393":{"start":{"line":1070,"column":24},"end":{"line":1106,"column":26}},"394":{"start":{"line":1071,"column":28},"end":{"line":1096,"column":29}},"395":{"start":{"line":1073,"column":32},"end":{"line":1092,"column":34}},"396":{"start":{"line":1074,"column":34},"end":{"line":1082,"column":35}},"397":{"start":{"line":1076,"column":38},"end":{"line":1076,"column":69}},"398":{"start":{"line":1077,"column":38},"end":{"line":1077,"column":45}},"399":{"start":{"line":1081,"column":38},"end":{"line":1081,"column":53}},"400":{"start":{"line":1084,"column":34},"end":{"line":1090,"column":35}},"401":{"start":{"line":1086,"column":38},"end":{"line":1089,"column":40}},"402":{"start":{"line":1087,"column":42},"end":{"line":1087,"column":69}},"403":{"start":{"line":1088,"column":42},"end":{"line":1088,"column":49}},"404":{"start":{"line":1095,"column":32},"end":{"line":1095,"column":47}},"405":{"start":{"line":1098,"column":28},"end":{"line":1105,"column":29}},"406":{"start":{"line":1101,"column":32},"end":{"line":1104,"column":34}},"407":{"start":{"line":1102,"column":36},"end":{"line":1102,"column":63}},"408":{"start":{"line":1103,"column":36},"end":{"line":1103,"column":43}},"409":{"start":{"line":1112,"column":16},"end":{"line":1112,"column":47}},"410":{"start":{"line":1113,"column":16},"end":{"line":1113,"column":23}},"411":{"start":{"line":1118,"column":8},"end":{"line":1118,"column":15}},"412":{"start":{"line":1126,"column":33},"end":{"line":1126,"column":41}},"413":{"start":{"line":1128,"column":8},"end":{"line":1128,"column":42}},"414":{"start":{"line":1130,"column":8},"end":{"line":1137,"column":9}},"415":{"start":{"line":1132,"column":12},"end":{"line":1132,"column":26}},"416":{"start":{"line":1136,"column":12},"end":{"line":1136,"column":26}},"417":{"start":{"line":1138,"column":8},"end":{"line":1176,"column":9}},"418":{"start":{"line":1140,"column":12},"end":{"line":1156,"column":15}},"419":{"start":{"line":1142,"column":13},"end":{"line":1155,"column":13}},"420":{"start":{"line":1145,"column":17},"end":{"line":1150,"column":23}},"421":{"start":{"line":1146,"column":24},"end":{"line":1149,"column":25}},"422":{"start":{"line":1148,"column":28},"end":{"line":1148,"column":119}},"423":{"start":{"line":1154,"column":16},"end":{"line":1154,"column":101}},"424":{"start":{"line":1159,"column":12},"end":{"line":1175,"column":15}},"425":{"start":{"line":1161,"column":16},"end":{"line":1174,"column":17}},"426":{"start":{"line":1163,"column":20},"end":{"line":1169,"column":23}},"427":{"start":{"line":1165,"column":25},"end":{"line":1168,"column":26}},"428":{"start":{"line":1167,"column":29},"end":{"line":1167,"column":118}},"429":{"start":{"line":1173,"column":20},"end":{"line":1173,"column":105}},"430":{"start":{"line":1178,"column":8},"end":{"line":1178,"column":35}},"431":{"start":{"line":1179,"column":8},"end":{"line":1179,"column":15}},"432":{"start":{"line":1186,"column":8},"end":{"line":1222,"column":9}},"433":{"start":{"line":1188,"column":12},"end":{"line":1188,"column":35}},"434":{"start":{"line":1193,"column":12},"end":{"line":1218,"column":14}},"435":{"start":{"line":1194,"column":16},"end":{"line":1217,"column":17}},"436":{"start":{"line":1197,"column":21},"end":{"line":1217,"column":17}},"437":{"start":{"line":1198,"column":30},"end":{"line":1198,"column":94}},"438":{"start":{"line":1199,"column":20},"end":{"line":1199,"column":43}},"439":{"start":{"line":1200,"column":20},"end":{"line":1200,"column":51}},"440":{"start":{"line":1203,"column":20},"end":{"line":1216,"column":22}},"441":{"start":{"line":1204,"column":24},"end":{"line":1215,"column":25}},"442":{"start":{"line":1207,"column":29},"end":{"line":1215,"column":25}},"443":{"start":{"line":1208,"column":38},"end":{"line":1208,"column":101}},"444":{"start":{"line":1209,"column":28},"end":{"line":1209,"column":51}},"445":{"start":{"line":1210,"column":28},"end":{"line":1210,"column":59}},"446":{"start":{"line":1214,"column":28},"end":{"line":1214,"column":48}},"447":{"start":{"line":1231,"column":23},"end":{"line":1231,"column":40}},"448":{"start":{"line":1232,"column":19},"end":{"line":1232,"column":39}},"449":{"start":{"line":1233,"column":20},"end":{"line":1233,"column":53}},"450":{"start":{"line":1234,"column":8},"end":{"line":1244,"column":11}},"451":{"start":{"line":1236,"column":12},"end":{"line":1243,"column":13}},"452":{"start":{"line":1238,"column":16},"end":{"line":1238,"column":33}},"453":{"start":{"line":1242,"column":16},"end":{"line":1242,"column":57}},"454":{"start":{"line":1253,"column":8},"end":{"line":1274,"column":21}},"455":{"start":{"line":1257,"column":43},"end":{"line":1262,"column":24}},"456":{"start":{"line":1264,"column":22},"end":{"line":1273,"column":25}},"457":{"start":{"line":1266,"column":26},"end":{"line":1269,"column":27}},"458":{"start":{"line":1268,"column":28},"end":{"line":1268,"column":42}},"459":{"start":{"line":1270,"column":26},"end":{"line":1271,"column":45}},"460":{"start":{"line":1272,"column":26},"end":{"line":1272,"column":33}},"461":{"start":{"line":1284,"column":21},"end":{"line":1289,"column":5}},"462":{"start":{"line":1292,"column":4},"end":{"line":1292,"column":204}},"463":{"start":{"line":1293,"column":4},"end":{"line":1293,"column":112}},"464":{"start":{"line":1294,"column":4},"end":{"line":1294,"column":359}},"465":{"start":{"line":1295,"column":4},"end":{"line":1295,"column":173}},"466":{"start":{"line":1296,"column":4},"end":{"line":1296,"column":175}},"467":{"start":{"line":1300,"column":4},"end":{"line":1300,"column":81}},"468":{"start":{"line":1301,"column":4},"end":{"line":1301,"column":78}},"469":{"start":{"line":1302,"column":4},"end":{"line":1302,"column":84}},"470":{"start":{"line":1303,"column":4},"end":{"line":1303,"column":74}},"471":{"start":{"line":1308,"column":14},"end":{"line":1308,"column":50}},"472":{"start":{"line":1310,"column":17},"end":{"line":1310,"column":53}},"473":{"start":{"line":1311,"column":17},"end":{"line":1311,"column":53}},"474":{"start":{"line":1313,"column":4},"end":{"line":1313,"column":72}},"475":{"start":{"line":1314,"column":4},"end":{"line":1314,"column":72}},"476":{"start":{"line":1317,"column":4},"end":{"line":1325,"column":7}},"477":{"start":{"line":1318,"column":8},"end":{"line":1324,"column":9}},"478":{"start":{"line":1320,"column":12},"end":{"line":1320,"column":29}},"479":{"start":{"line":1323,"column":12},"end":{"line":1323,"column":30}},"480":{"start":{"line":1330,"column":16},"end":{"line":1330,"column":26}},"481":{"start":{"line":1331,"column":15},"end":{"line":1331,"column":85}},"482":{"start":{"line":1332,"column":16},"end":{"line":1332,"column":32}},"483":{"start":{"line":1333,"column":18},"end":{"line":1333,"column":36}},"484":{"start":{"line":1334,"column":18},"end":{"line":1334,"column":36}},"485":{"start":{"line":1335,"column":15},"end":{"line":1335,"column":52}},"486":{"start":{"line":1336,"column":15},"end":{"line":1336,"column":56}},"487":{"start":{"line":1337,"column":16},"end":{"line":1337,"column":49}},"488":{"start":{"line":1338,"column":4},"end":{"line":1348,"column":7}},"489":{"start":{"line":1340,"column":8},"end":{"line":1347,"column":9}},"490":{"start":{"line":1342,"column":12},"end":{"line":1342,"column":29}},"491":{"start":{"line":1346,"column":12},"end":{"line":1346,"column":40}}},"fnMap":{"0":{"name":"(anonymous_0)","decl":{"start":{"line":45,"column":11},"end":{"line":45,"column":12}},"loc":{"start":{"line":46,"column":4},"end":{"line":105,"column":5}},"line":46},"1":{"name":"(anonymous_1)","decl":{"start":{"line":52,"column":52},"end":{"line":52,"column":53}},"loc":{"start":{"line":53,"column":8},"end":{"line":76,"column":9}},"line":53},"2":{"name":"(anonymous_2)","decl":{"start":{"line":62,"column":59},"end":{"line":62,"column":60}},"loc":{"start":{"line":62,"column":82},"end":{"line":73,"column":17}},"line":62},"3":{"name":"(anonymous_3)","decl":{"start":{"line":78,"column":55},"end":{"line":78,"column":56}},"loc":{"start":{"line":78,"column":82},"end":{"line":102,"column":9}},"line":78},"4":{"name":"(anonymous_4)","decl":{"start":{"line":87,"column":65},"end":{"line":87,"column":66}},"loc":{"start":{"line":87,"column":89},"end":{"line":99,"column":17}},"line":87},"5":{"name":"(anonymous_5)","decl":{"start":{"line":111,"column":11},"end":{"line":111,"column":12}},"loc":{"start":{"line":112,"column":4},"end":{"line":139,"column":5}},"line":112},"6":{"name":"(anonymous_6)","decl":{"start":{"line":113,"column":67},"end":{"line":113,"column":68}},"loc":{"start":{"line":114,"column":8},"end":{"line":123,"column":9}},"line":114},"7":{"name":"(anonymous_7)","decl":{"start":{"line":124,"column":73},"end":{"line":124,"column":74}},"loc":{"start":{"line":125,"column":8},"end":{"line":134,"column":9}},"line":125},"8":{"name":"(anonymous_8)","decl":{"start":{"line":146,"column":26},"end":{"line":146,"column":27}},"loc":{"start":{"line":146,"column":44},"end":{"line":193,"column":5}},"line":146},"9":{"name":"(anonymous_9)","decl":{"start":{"line":149,"column":48},"end":{"line":149,"column":49}},"loc":{"start":{"line":149,"column":67},"end":{"line":191,"column":9}},"line":149},"10":{"name":"(anonymous_10)","decl":{"start":{"line":158,"column":29},"end":{"line":158,"column":30}},"loc":{"start":{"line":158,"column":46},"end":{"line":189,"column":13}},"line":158},"11":{"name":"(anonymous_11)","decl":{"start":{"line":176,"column":44},"end":{"line":176,"column":45}},"loc":{"start":{"line":176,"column":57},"end":{"line":185,"column":21}},"line":176},"12":{"name":"(anonymous_12)","decl":{"start":{"line":198,"column":12},"end":{"line":198,"column":13}},"loc":{"start":{"line":199,"column":4},"end":{"line":272,"column":5}},"line":199},"13":{"name":"(anonymous_13)","decl":{"start":{"line":203,"column":50},"end":{"line":203,"column":51}},"loc":{"start":{"line":203,"column":73},"end":{"line":269,"column":9}},"line":203},"14":{"name":"(anonymous_14)","decl":{"start":{"line":214,"column":44},"end":{"line":214,"column":45}},"loc":{"start":{"line":214,"column":68},"end":{"line":254,"column":21}},"line":214},"15":{"name":"(anonymous_15)","decl":{"start":{"line":219,"column":40},"end":{"line":219,"column":41}},"loc":{"start":{"line":220,"column":28},"end":{"line":234,"column":29}},"line":220},"16":{"name":"(anonymous_16)","decl":{"start":{"line":239,"column":46},"end":{"line":239,"column":47}},"loc":{"start":{"line":240,"column":28},"end":{"line":252,"column":29}},"line":240},"17":{"name":"(anonymous_17)","decl":{"start":{"line":277,"column":20},"end":{"line":277,"column":21}},"loc":{"start":{"line":277,"column":39},"end":{"line":297,"column":5}},"line":277},"18":{"name":"(anonymous_18)","decl":{"start":{"line":280,"column":46},"end":{"line":280,"column":47}},"loc":{"start":{"line":280,"column":67},"end":{"line":287,"column":9}},"line":280},"19":{"name":"(anonymous_19)","decl":{"start":{"line":289,"column":51},"end":{"line":289,"column":52}},"loc":{"start":{"line":289,"column":77},"end":{"line":295,"column":9}},"line":289},"20":{"name":"(anonymous_20)","decl":{"start":{"line":302,"column":17},"end":{"line":302,"column":18}},"loc":{"start":{"line":302,"column":36},"end":{"line":323,"column":5}},"line":302},"21":{"name":"(anonymous_21)","decl":{"start":{"line":306,"column":40},"end":{"line":306,"column":41}},"loc":{"start":{"line":306,"column":61},"end":{"line":313,"column":9}},"line":306},"22":{"name":"(anonymous_22)","decl":{"start":{"line":315,"column":45},"end":{"line":315,"column":46}},"loc":{"start":{"line":315,"column":71},"end":{"line":321,"column":9}},"line":315},"23":{"name":"(anonymous_23)","decl":{"start":{"line":328,"column":19},"end":{"line":328,"column":20}},"loc":{"start":{"line":329,"column":4},"end":{"line":337,"column":5}},"line":329},"24":{"name":"(anonymous_24)","decl":{"start":{"line":342,"column":16},"end":{"line":342,"column":17}},"loc":{"start":{"line":343,"column":4},"end":{"line":384,"column":5}},"line":343},"25":{"name":"(anonymous_25)","decl":{"start":{"line":357,"column":29},"end":{"line":357,"column":30}},"loc":{"start":{"line":358,"column":12},"end":{"line":369,"column":13}},"line":358},"26":{"name":"(anonymous_26)","decl":{"start":{"line":371,"column":77},"end":{"line":371,"column":78}},"loc":{"start":{"line":372,"column":12},"end":{"line":381,"column":13}},"line":372},"27":{"name":"(anonymous_27)","decl":{"start":{"line":389,"column":22},"end":{"line":389,"column":23}},"loc":{"start":{"line":390,"column":4},"end":{"line":401,"column":5}},"line":390},"28":{"name":"(anonymous_28)","decl":{"start":{"line":391,"column":79},"end":{"line":391,"column":80}},"loc":{"start":{"line":392,"column":8},"end":{"line":400,"column":9}},"line":392},"29":{"name":"(anonymous_29)","decl":{"start":{"line":406,"column":17},"end":{"line":406,"column":18}},"loc":{"start":{"line":407,"column":4},"end":{"line":426,"column":5}},"line":407},"30":{"name":"(anonymous_30)","decl":{"start":{"line":413,"column":68},"end":{"line":413,"column":69}},"loc":{"start":{"line":414,"column":8},"end":{"line":425,"column":9}},"line":414},"31":{"name":"(anonymous_31)","decl":{"start":{"line":431,"column":19},"end":{"line":431,"column":20}},"loc":{"start":{"line":432,"column":4},"end":{"line":473,"column":5}},"line":432},"32":{"name":"(anonymous_32)","decl":{"start":{"line":440,"column":24},"end":{"line":440,"column":25}},"loc":{"start":{"line":441,"column":8},"end":{"line":472,"column":9}},"line":441},"33":{"name":"(anonymous_33)","decl":{"start":{"line":451,"column":14},"end":{"line":451,"column":15}},"loc":{"start":{"line":452,"column":14},"end":{"line":470,"column":17}},"line":452},"34":{"name":"(anonymous_34)","decl":{"start":{"line":478,"column":30},"end":{"line":478,"column":31}},"loc":{"start":{"line":479,"column":4},"end":{"line":503,"column":5}},"line":479},"35":{"name":"(anonymous_35)","decl":{"start":{"line":487,"column":135},"end":{"line":487,"column":136}},"loc":{"start":{"line":488,"column":8},"end":{"line":502,"column":9}},"line":488},"36":{"name":"(anonymous_36)","decl":{"start":{"line":508,"column":24},"end":{"line":508,"column":25}},"loc":{"start":{"line":509,"column":4},"end":{"line":521,"column":5}},"line":509},"37":{"name":"(anonymous_37)","decl":{"start":{"line":526,"column":31},"end":{"line":526,"column":32}},"loc":{"start":{"line":527,"column":4},"end":{"line":558,"column":5}},"line":527},"38":{"name":"(anonymous_38)","decl":{"start":{"line":534,"column":87},"end":{"line":534,"column":88}},"loc":{"start":{"line":535,"column":8},"end":{"line":557,"column":9}},"line":535},"39":{"name":"(anonymous_39)","decl":{"start":{"line":563,"column":22},"end":{"line":563,"column":23}},"loc":{"start":{"line":564,"column":4},"end":{"line":584,"column":5}},"line":564},"40":{"name":"(anonymous_40)","decl":{"start":{"line":572,"column":67},"end":{"line":572,"column":68}},"loc":{"start":{"line":573,"column":8},"end":{"line":583,"column":9}},"line":573},"41":{"name":"(anonymous_41)","decl":{"start":{"line":589,"column":12},"end":{"line":589,"column":13}},"loc":{"start":{"line":590,"column":4},"end":{"line":645,"column":5}},"line":590},"42":{"name":"(anonymous_42)","decl":{"start":{"line":595,"column":24},"end":{"line":595,"column":25}},"loc":{"start":{"line":596,"column":8},"end":{"line":644,"column":9}},"line":596},"43":{"name":"(anonymous_43)","decl":{"start":{"line":611,"column":45},"end":{"line":611,"column":46}},"loc":{"start":{"line":611,"column":60},"end":{"line":643,"column":13}},"line":611},"44":{"name":"(anonymous_44)","decl":{"start":{"line":619,"column":72},"end":{"line":619,"column":73}},"loc":{"start":{"line":620,"column":18},"end":{"line":641,"column":19}},"line":620},"45":{"name":"(anonymous_45)","decl":{"start":{"line":631,"column":40},"end":{"line":631,"column":41}},"loc":{"start":{"line":632,"column":22},"end":{"line":640,"column":23}},"line":632},"46":{"name":"(anonymous_46)","decl":{"start":{"line":650,"column":27},"end":{"line":650,"column":28}},"loc":{"start":{"line":651,"column":4},"end":{"line":700,"column":5}},"line":651},"47":{"name":"(anonymous_47)","decl":{"start":{"line":654,"column":24},"end":{"line":654,"column":25}},"loc":{"start":{"line":655,"column":8},"end":{"line":699,"column":9}},"line":655},"48":{"name":"(anonymous_48)","decl":{"start":{"line":670,"column":47},"end":{"line":670,"column":48}},"loc":{"start":{"line":671,"column":12},"end":{"line":698,"column":13}},"line":671},"49":{"name":"(anonymous_49)","decl":{"start":{"line":678,"column":69},"end":{"line":678,"column":70}},"loc":{"start":{"line":679,"column":16},"end":{"line":697,"column":17}},"line":679},"50":{"name":"(anonymous_50)","decl":{"start":{"line":692,"column":38},"end":{"line":692,"column":39}},"loc":{"start":{"line":693,"column":20},"end":{"line":696,"column":21}},"line":693},"51":{"name":"(anonymous_51)","decl":{"start":{"line":704,"column":16},"end":{"line":704,"column":17}},"loc":{"start":{"line":704,"column":34},"end":{"line":731,"column":5}},"line":704},"52":{"name":"(anonymous_52)","decl":{"start":{"line":712,"column":80},"end":{"line":712,"column":81}},"loc":{"start":{"line":712,"column":100},"end":{"line":728,"column":13}},"line":712},"53":{"name":"(anonymous_53)","decl":{"start":{"line":736,"column":19},"end":{"line":736,"column":20}},"loc":{"start":{"line":737,"column":4},"end":{"line":759,"column":5}},"line":737},"54":{"name":"(anonymous_54)","decl":{"start":{"line":744,"column":22},"end":{"line":744,"column":23}},"loc":{"start":{"line":745,"column":6},"end":{"line":758,"column":7}},"line":745},"55":{"name":"(anonymous_55)","decl":{"start":{"line":764,"column":24},"end":{"line":764,"column":25}},"loc":{"start":{"line":765,"column":4},"end":{"line":788,"column":5}},"line":765},"56":{"name":"(anonymous_56)","decl":{"start":{"line":773,"column":69},"end":{"line":773,"column":70}},"loc":{"start":{"line":774,"column":8},"end":{"line":787,"column":9}},"line":774},"57":{"name":"(anonymous_57)","decl":{"start":{"line":793,"column":18},"end":{"line":793,"column":19}},"loc":{"start":{"line":794,"column":3},"end":{"line":894,"column":5}},"line":794},"58":{"name":"(anonymous_58)","decl":{"start":{"line":805,"column":48},"end":{"line":805,"column":49}},"loc":{"start":{"line":806,"column":12},"end":{"line":821,"column":13}},"line":806},"59":{"name":"(anonymous_59)","decl":{"start":{"line":825,"column":58},"end":{"line":825,"column":59}},"loc":{"start":{"line":826,"column":12},"end":{"line":844,"column":13}},"line":826},"60":{"name":"(anonymous_60)","decl":{"start":{"line":848,"column":40},"end":{"line":848,"column":41}},"loc":{"start":{"line":849,"column":12},"end":{"line":866,"column":13}},"line":849},"61":{"name":"(anonymous_61)","decl":{"start":{"line":870,"column":46},"end":{"line":870,"column":47}},"loc":{"start":{"line":871,"column":12},"end":{"line":887,"column":13}},"line":871},"62":{"name":"(anonymous_62)","decl":{"start":{"line":899,"column":23},"end":{"line":899,"column":24}},"loc":{"start":{"line":900,"column":4},"end":{"line":921,"column":5}},"line":900},"63":{"name":"(anonymous_63)","decl":{"start":{"line":909,"column":77},"end":{"line":909,"column":78}},"loc":{"start":{"line":910,"column":8},"end":{"line":920,"column":9}},"line":910},"64":{"name":"(anonymous_64)","decl":{"start":{"line":926,"column":19},"end":{"line":926,"column":20}},"loc":{"start":{"line":927,"column":4},"end":{"line":949,"column":5}},"line":927},"65":{"name":"(anonymous_65)","decl":{"start":{"line":937,"column":38},"end":{"line":937,"column":39}},"loc":{"start":{"line":938,"column":8},"end":{"line":948,"column":9}},"line":938},"66":{"name":"(anonymous_66)","decl":{"start":{"line":954,"column":19},"end":{"line":954,"column":20}},"loc":{"start":{"line":955,"column":4},"end":{"line":1001,"column":5}},"line":955},"67":{"name":"(anonymous_67)","decl":{"start":{"line":966,"column":71},"end":{"line":966,"column":72}},"loc":{"start":{"line":967,"column":6},"end":{"line":987,"column":7}},"line":967},"68":{"name":"(anonymous_68)","decl":{"start":{"line":989,"column":70},"end":{"line":989,"column":71}},"loc":{"start":{"line":990,"column":6},"end":{"line":1000,"column":7}},"line":990},"69":{"name":"(anonymous_69)","decl":{"start":{"line":1006,"column":23},"end":{"line":1006,"column":24}},"loc":{"start":{"line":1006,"column":41},"end":{"line":1025,"column":5}},"line":1006},"70":{"name":"(anonymous_70)","decl":{"start":{"line":1013,"column":75},"end":{"line":1013,"column":76}},"loc":{"start":{"line":1013,"column":98},"end":{"line":1023,"column":9}},"line":1013},"71":{"name":"(anonymous_71)","decl":{"start":{"line":1030,"column":21},"end":{"line":1030,"column":22}},"loc":{"start":{"line":1031,"column":4},"end":{"line":1051,"column":5}},"line":1031},"72":{"name":"(anonymous_72)","decl":{"start":{"line":1039,"column":70},"end":{"line":1039,"column":71}},"loc":{"start":{"line":1040,"column":8},"end":{"line":1050,"column":9}},"line":1040},"73":{"name":"(anonymous_73)","decl":{"start":{"line":1056,"column":18},"end":{"line":1056,"column":19}},"loc":{"start":{"line":1057,"column":4},"end":{"line":1119,"column":5}},"line":1057},"74":{"name":"(anonymous_74)","decl":{"start":{"line":1063,"column":71},"end":{"line":1063,"column":72}},"loc":{"start":{"line":1063,"column":94},"end":{"line":1116,"column":9}},"line":1063},"75":{"name":"(anonymous_75)","decl":{"start":{"line":1068,"column":44},"end":{"line":1068,"column":45}},"loc":{"start":{"line":1068,"column":61},"end":{"line":1107,"column":21}},"line":1068},"76":{"name":"(anonymous_76)","decl":{"start":{"line":1070,"column":89},"end":{"line":1070,"column":90}},"loc":{"start":{"line":1070,"column":107},"end":{"line":1106,"column":25}},"line":1070},"77":{"name":"(anonymous_77)","decl":{"start":{"line":1073,"column":102},"end":{"line":1073,"column":103}},"loc":{"start":{"line":1073,"column":120},"end":{"line":1092,"column":33}},"line":1073},"78":{"name":"(anonymous_78)","decl":{"start":{"line":1086,"column":110},"end":{"line":1086,"column":111}},"loc":{"start":{"line":1086,"column":123},"end":{"line":1089,"column":39}},"line":1086},"79":{"name":"(anonymous_79)","decl":{"start":{"line":1101,"column":104},"end":{"line":1101,"column":105}},"loc":{"start":{"line":1101,"column":117},"end":{"line":1104,"column":33}},"line":1101},"80":{"name":"(anonymous_80)","decl":{"start":{"line":1124,"column":17},"end":{"line":1124,"column":18}},"loc":{"start":{"line":1125,"column":4},"end":{"line":1180,"column":5}},"line":1125},"81":{"name":"(anonymous_81)","decl":{"start":{"line":1140,"column":101},"end":{"line":1140,"column":102}},"loc":{"start":{"line":1140,"column":120},"end":{"line":1156,"column":13}},"line":1140},"82":{"name":"(anonymous_82)","decl":{"start":{"line":1145,"column":111},"end":{"line":1145,"column":112}},"loc":{"start":{"line":1145,"column":129},"end":{"line":1150,"column":21}},"line":1145},"83":{"name":"(anonymous_83)","decl":{"start":{"line":1159,"column":68},"end":{"line":1159,"column":69}},"loc":{"start":{"line":1160,"column":12},"end":{"line":1175,"column":13}},"line":1160},"84":{"name":"(anonymous_84)","decl":{"start":{"line":1163,"column":82},"end":{"line":1163,"column":83}},"loc":{"start":{"line":1164,"column":20},"end":{"line":1169,"column":21}},"line":1164},"85":{"name":"(anonymous_85)","decl":{"start":{"line":1185,"column":33},"end":{"line":1185,"column":34}},"loc":{"start":{"line":1185,"column":52},"end":{"line":1224,"column":5}},"line":1185},"86":{"name":"(anonymous_86)","decl":{"start":{"line":1193,"column":69},"end":{"line":1193,"column":70}},"loc":{"start":{"line":1193,"column":90},"end":{"line":1218,"column":13}},"line":1193},"87":{"name":"(anonymous_87)","decl":{"start":{"line":1203,"column":83},"end":{"line":1203,"column":84}},"loc":{"start":{"line":1203,"column":103},"end":{"line":1216,"column":21}},"line":1203},"88":{"name":"(anonymous_88)","decl":{"start":{"line":1229,"column":15},"end":{"line":1229,"column":16}},"loc":{"start":{"line":1230,"column":4},"end":{"line":1246,"column":5}},"line":1230},"89":{"name":"(anonymous_89)","decl":{"start":{"line":1234,"column":33},"end":{"line":1234,"column":34}},"loc":{"start":{"line":1235,"column":8},"end":{"line":1244,"column":9}},"line":1235},"90":{"name":"(anonymous_90)","decl":{"start":{"line":1251,"column":22},"end":{"line":1251,"column":23}},"loc":{"start":{"line":1252,"column":4},"end":{"line":1275,"column":5}},"line":1252},"91":{"name":"(anonymous_91)","decl":{"start":{"line":1253,"column":62},"end":{"line":1253,"column":63}},"loc":{"start":{"line":1254,"column":18},"end":{"line":1274,"column":19}},"line":1254},"92":{"name":"(anonymous_92)","decl":{"start":{"line":1264,"column":40},"end":{"line":1264,"column":41}},"loc":{"start":{"line":1265,"column":22},"end":{"line":1273,"column":23}},"line":1265},"93":{"name":"sendsignupConfirmationEmail","decl":{"start":{"line":1282,"column":9},"end":{"line":1282,"column":36}},"loc":{"start":{"line":1282,"column":53},"end":{"line":1326,"column":1}},"line":1282},"94":{"name":"(anonymous_94)","decl":{"start":{"line":1317,"column":39},"end":{"line":1317,"column":40}},"loc":{"start":{"line":1317,"column":60},"end":{"line":1325,"column":5}},"line":1317},"95":{"name":"updateLogFile","decl":{"start":{"line":1328,"column":9},"end":{"line":1328,"column":22}},"loc":{"start":{"line":1329,"column":0},"end":{"line":1349,"column":1}},"line":1329},"96":{"name":"(anonymous_96)","decl":{"start":{"line":1338,"column":29},"end":{"line":1338,"column":30}},"loc":{"start":{"line":1339,"column":4},"end":{"line":1348,"column":5}},"line":1339}},"branchMap":{"0":{"loc":{"start":{"line":54,"column":12},"end":{"line":58,"column":13}},"type":"if","locations":[{"start":{"line":54,"column":12},"end":{"line":58,"column":13}},{"start":{"line":54,"column":12},"end":{"line":58,"column":13}}],"line":54},"1":{"loc":{"start":{"line":59,"column":12},"end":{"line":74,"column":13}},"type":"if","locations":[{"start":{"line":59,"column":12},"end":{"line":74,"column":13}},{"start":{"line":59,"column":12},"end":{"line":74,"column":13}}],"line":59},"2":{"loc":{"start":{"line":63,"column":20},"end":{"line":72,"column":21}},"type":"if","locations":[{"start":{"line":63,"column":20},"end":{"line":72,"column":21}},{"start":{"line":63,"column":20},"end":{"line":72,"column":21}}],"line":63},"3":{"loc":{"start":{"line":79,"column":12},"end":{"line":83,"column":13}},"type":"if","locations":[{"start":{"line":79,"column":12},"end":{"line":83,"column":13}},{"start":{"line":79,"column":12},"end":{"line":83,"column":13}}],"line":79},"4":{"loc":{"start":{"line":85,"column":12},"end":{"line":101,"column":13}},"type":"if","locations":[{"start":{"line":85,"column":12},"end":{"line":101,"column":13}},{"start":{"line":85,"column":12},"end":{"line":101,"column":13}}],"line":85},"5":{"loc":{"start":{"line":88,"column":19},"end":{"line":97,"column":20}},"type":"if","locations":[{"start":{"line":88,"column":19},"end":{"line":97,"column":20}},{"start":{"line":88,"column":19},"end":{"line":97,"column":20}}],"line":88},"6":{"loc":{"start":{"line":115,"column":12},"end":{"line":118,"column":13}},"type":"if","locations":[{"start":{"line":115,"column":12},"end":{"line":118,"column":13}},{"start":{"line":115,"column":12},"end":{"line":118,"column":13}}],"line":115},"7":{"loc":{"start":{"line":119,"column":12},"end":{"line":122,"column":13}},"type":"if","locations":[{"start":{"line":119,"column":12},"end":{"line":122,"column":13}},{"start":{"line":119,"column":12},"end":{"line":122,"column":13}}],"line":119},"8":{"loc":{"start":{"line":126,"column":12},"end":{"line":129,"column":13}},"type":"if","locations":[{"start":{"line":126,"column":12},"end":{"line":129,"column":13}},{"start":{"line":126,"column":12},"end":{"line":129,"column":13}}],"line":126},"9":{"loc":{"start":{"line":130,"column":12},"end":{"line":133,"column":13}},"type":"if","locations":[{"start":{"line":130,"column":12},"end":{"line":133,"column":13}},{"start":{"line":130,"column":12},"end":{"line":133,"column":13}}],"line":130},"10":{"loc":{"start":{"line":150,"column":12},"end":{"line":155,"column":13}},"type":"if","locations":[{"start":{"line":150,"column":12},"end":{"line":155,"column":13}},{"start":{"line":150,"column":12},"end":{"line":155,"column":13}}],"line":150},"11":{"loc":{"start":{"line":160,"column":16},"end":{"line":188,"column":17}},"type":"if","locations":[{"start":{"line":160,"column":16},"end":{"line":188,"column":17}},{"start":{"line":160,"column":16},"end":{"line":188,"column":17}}],"line":160},"12":{"loc":{"start":{"line":177,"column":24},"end":{"line":184,"column":25}},"type":"if","locations":[{"start":{"line":177,"column":24},"end":{"line":184,"column":25}},{"start":{"line":177,"column":24},"end":{"line":184,"column":25}}],"line":177},"13":{"loc":{"start":{"line":204,"column":12},"end":{"line":208,"column":13}},"type":"if","locations":[{"start":{"line":204,"column":12},"end":{"line":208,"column":13}},{"start":{"line":204,"column":12},"end":{"line":208,"column":13}}],"line":204},"14":{"loc":{"start":{"line":209,"column":12},"end":{"line":268,"column":13}},"type":"if","locations":[{"start":{"line":209,"column":12},"end":{"line":268,"column":13}},{"start":{"line":209,"column":12},"end":{"line":268,"column":13}}],"line":209},"15":{"loc":{"start":{"line":210,"column":16},"end":{"line":261,"column":17}},"type":"if","locations":[{"start":{"line":210,"column":16},"end":{"line":261,"column":17}},{"start":{"line":210,"column":16},"end":{"line":261,"column":17}}],"line":210},"16":{"loc":{"start":{"line":216,"column":24},"end":{"line":253,"column":25}},"type":"if","locations":[{"start":{"line":216,"column":24},"end":{"line":253,"column":25}},{"start":{"line":216,"column":24},"end":{"line":253,"column":25}}],"line":216},"17":{"loc":{"start":{"line":221,"column":32},"end":{"line":233,"column":33}},"type":"if","locations":[{"start":{"line":221,"column":32},"end":{"line":233,"column":33}},{"start":{"line":221,"column":32},"end":{"line":233,"column":33}}],"line":221},"18":{"loc":{"start":{"line":236,"column":29},"end":{"line":253,"column":25}},"type":"if","locations":[{"start":{"line":236,"column":29},"end":{"line":253,"column":25}},{"start":{"line":236,"column":29},"end":{"line":253,"column":25}}],"line":236},"19":{"loc":{"start":{"line":241,"column":32},"end":{"line":251,"column":33}},"type":"if","locations":[{"start":{"line":241,"column":32},"end":{"line":251,"column":33}},{"start":{"line":241,"column":32},"end":{"line":251,"column":33}}],"line":241},"20":{"loc":{"start":{"line":281,"column":12},"end":{"line":286,"column":13}},"type":"if","locations":[{"start":{"line":281,"column":12},"end":{"line":286,"column":13}},{"start":{"line":281,"column":12},"end":{"line":286,"column":13}}],"line":281},"21":{"loc":{"start":{"line":290,"column":12},"end":{"line":294,"column":13}},"type":"if","locations":[{"start":{"line":290,"column":12},"end":{"line":294,"column":13}},{"start":{"line":290,"column":12},"end":{"line":294,"column":13}}],"line":290},"22":{"loc":{"start":{"line":307,"column":12},"end":{"line":312,"column":13}},"type":"if","locations":[{"start":{"line":307,"column":12},"end":{"line":312,"column":13}},{"start":{"line":307,"column":12},"end":{"line":312,"column":13}}],"line":307},"23":{"loc":{"start":{"line":316,"column":12},"end":{"line":320,"column":13}},"type":"if","locations":[{"start":{"line":316,"column":12},"end":{"line":320,"column":13}},{"start":{"line":316,"column":12},"end":{"line":320,"column":13}}],"line":316},"24":{"loc":{"start":{"line":330,"column":8},"end":{"line":333,"column":9}},"type":"if","locations":[{"start":{"line":330,"column":8},"end":{"line":333,"column":9}},{"start":{"line":330,"column":8},"end":{"line":333,"column":9}}],"line":330},"25":{"loc":{"start":{"line":344,"column":8},"end":{"line":383,"column":9}},"type":"if","locations":[{"start":{"line":344,"column":8},"end":{"line":383,"column":9}},{"start":{"line":344,"column":8},"end":{"line":383,"column":9}}],"line":344},"26":{"loc":{"start":{"line":359,"column":16},"end":{"line":368,"column":17}},"type":"if","locations":[{"start":{"line":359,"column":16},"end":{"line":368,"column":17}},{"start":{"line":359,"column":16},"end":{"line":368,"column":17}}],"line":359},"27":{"loc":{"start":{"line":373,"column":16},"end":{"line":376,"column":17}},"type":"if","locations":[{"start":{"line":373,"column":16},"end":{"line":376,"column":17}},{"start":{"line":373,"column":16},"end":{"line":376,"column":17}}],"line":373},"28":{"loc":{"start":{"line":377,"column":16},"end":{"line":380,"column":17}},"type":"if","locations":[{"start":{"line":377,"column":16},"end":{"line":380,"column":17}},{"start":{"line":377,"column":16},"end":{"line":380,"column":17}}],"line":377},"29":{"loc":{"start":{"line":393,"column":12},"end":{"line":397,"column":13}},"type":"if","locations":[{"start":{"line":393,"column":12},"end":{"line":397,"column":13}},{"start":{"line":393,"column":12},"end":{"line":397,"column":13}}],"line":393},"30":{"loc":{"start":{"line":408,"column":8},"end":{"line":412,"column":9}},"type":"if","locations":[{"start":{"line":408,"column":8},"end":{"line":412,"column":9}},{"start":{"line":408,"column":8},"end":{"line":412,"column":9}}],"line":408},"31":{"loc":{"start":{"line":415,"column":12},"end":{"line":424,"column":13}},"type":"if","locations":[{"start":{"line":415,"column":12},"end":{"line":424,"column":13}},{"start":{"line":415,"column":12},"end":{"line":424,"column":13}}],"line":415},"32":{"loc":{"start":{"line":433,"column":8},"end":{"line":437,"column":9}},"type":"if","locations":[{"start":{"line":433,"column":8},"end":{"line":437,"column":9}},{"start":{"line":433,"column":8},"end":{"line":437,"column":9}}],"line":433},"33":{"loc":{"start":{"line":442,"column":12},"end":{"line":445,"column":13}},"type":"if","locations":[{"start":{"line":442,"column":12},"end":{"line":445,"column":13}},{"start":{"line":442,"column":12},"end":{"line":445,"column":13}}],"line":442},"34":{"loc":{"start":{"line":453,"column":18},"end":{"line":469,"column":19}},"type":"if","locations":[{"start":{"line":453,"column":18},"end":{"line":469,"column":19}},{"start":{"line":453,"column":18},"end":{"line":469,"column":19}}],"line":453},"35":{"loc":{"start":{"line":460,"column":22},"end":{"line":468,"column":23}},"type":"if","locations":[{"start":{"line":460,"column":22},"end":{"line":468,"column":23}},{"start":{"line":460,"column":22},"end":{"line":468,"column":23}}],"line":460},"36":{"loc":{"start":{"line":481,"column":8},"end":{"line":485,"column":9}},"type":"if","locations":[{"start":{"line":481,"column":8},"end":{"line":485,"column":9}},{"start":{"line":481,"column":8},"end":{"line":485,"column":9}}],"line":481},"37":{"loc":{"start":{"line":481,"column":12},"end":{"line":481,"column":54}},"type":"binary-expr","locations":[{"start":{"line":481,"column":12},"end":{"line":481,"column":21}},{"start":{"line":481,"column":25},"end":{"line":481,"column":54}}],"line":481},"38":{"loc":{"start":{"line":489,"column":12},"end":{"line":500,"column":13}},"type":"if","locations":[{"start":{"line":489,"column":12},"end":{"line":500,"column":13}},{"start":{"line":489,"column":12},"end":{"line":500,"column":13}}],"line":489},"39":{"loc":{"start":{"line":511,"column":8},"end":{"line":515,"column":9}},"type":"if","locations":[{"start":{"line":511,"column":8},"end":{"line":515,"column":9}},{"start":{"line":511,"column":8},"end":{"line":515,"column":9}}],"line":511},"40":{"loc":{"start":{"line":528,"column":8},"end":{"line":532,"column":9}},"type":"if","locations":[{"start":{"line":528,"column":8},"end":{"line":532,"column":9}},{"start":{"line":528,"column":8},"end":{"line":532,"column":9}}],"line":528},"41":{"loc":{"start":{"line":528,"column":12},"end":{"line":528,"column":53}},"type":"binary-expr","locations":[{"start":{"line":528,"column":12},"end":{"line":528,"column":21}},{"start":{"line":528,"column":25},"end":{"line":528,"column":53}}],"line":528},"42":{"loc":{"start":{"line":536,"column":12},"end":{"line":541,"column":13}},"type":"if","locations":[{"start":{"line":536,"column":12},"end":{"line":541,"column":13}},{"start":{"line":536,"column":12},"end":{"line":541,"column":13}}],"line":536},"43":{"loc":{"start":{"line":544,"column":12},"end":{"line":549,"column":13}},"type":"if","locations":[{"start":{"line":544,"column":12},"end":{"line":549,"column":13}},{"start":{"line":544,"column":12},"end":{"line":549,"column":13}}],"line":544},"44":{"loc":{"start":{"line":565,"column":8},"end":{"line":570,"column":9}},"type":"if","locations":[{"start":{"line":565,"column":8},"end":{"line":570,"column":9}},{"start":{"line":565,"column":8},"end":{"line":570,"column":9}}],"line":565},"45":{"loc":{"start":{"line":574,"column":12},"end":{"line":582,"column":13}},"type":"if","locations":[{"start":{"line":574,"column":12},"end":{"line":582,"column":13}},{"start":{"line":574,"column":12},"end":{"line":582,"column":13}}],"line":574},"46":{"loc":{"start":{"line":597,"column":12},"end":{"line":600,"column":13}},"type":"if","locations":[{"start":{"line":597,"column":12},"end":{"line":600,"column":13}},{"start":{"line":597,"column":12},"end":{"line":600,"column":13}}],"line":597},"47":{"loc":{"start":{"line":612,"column":14},"end":{"line":642,"column":15}},"type":"if","locations":[{"start":{"line":612,"column":14},"end":{"line":642,"column":15}},{"start":{"line":612,"column":14},"end":{"line":642,"column":15}}],"line":612},"48":{"loc":{"start":{"line":633,"column":26},"end":{"line":636,"column":27}},"type":"if","locations":[{"start":{"line":633,"column":26},"end":{"line":636,"column":27}},{"start":{"line":633,"column":26},"end":{"line":636,"column":27}}],"line":633},"49":{"loc":{"start":{"line":656,"column":12},"end":{"line":659,"column":13}},"type":"if","locations":[{"start":{"line":656,"column":12},"end":{"line":659,"column":13}},{"start":{"line":656,"column":12},"end":{"line":659,"column":13}}],"line":656},"50":{"loc":{"start":{"line":672,"column":16},"end":{"line":676,"column":17}},"type":"if","locations":[{"start":{"line":672,"column":16},"end":{"line":676,"column":17}},{"start":{"line":672,"column":16},"end":{"line":676,"column":17}}],"line":672},"51":{"loc":{"start":{"line":680,"column":20},"end":{"line":684,"column":21}},"type":"if","locations":[{"start":{"line":680,"column":20},"end":{"line":684,"column":21}},{"start":{"line":680,"column":20},"end":{"line":684,"column":21}}],"line":680},"52":{"loc":{"start":{"line":705,"column":8},"end":{"line":730,"column":9}},"type":"if","locations":[{"start":{"line":705,"column":8},"end":{"line":730,"column":9}},{"start":{"line":705,"column":8},"end":{"line":730,"column":9}}],"line":705},"53":{"loc":{"start":{"line":713,"column":16},"end":{"line":726,"column":17}},"type":"if","locations":[{"start":{"line":713,"column":16},"end":{"line":726,"column":17}},{"start":{"line":713,"column":16},"end":{"line":726,"column":17}}],"line":713},"54":{"loc":{"start":{"line":716,"column":21},"end":{"line":726,"column":17}},"type":"if","locations":[{"start":{"line":716,"column":21},"end":{"line":726,"column":17}},{"start":{"line":716,"column":21},"end":{"line":726,"column":17}}],"line":716},"55":{"loc":{"start":{"line":738,"column":6},"end":{"line":743,"column":7}},"type":"if","locations":[{"start":{"line":738,"column":6},"end":{"line":743,"column":7}},{"start":{"line":738,"column":6},"end":{"line":743,"column":7}}],"line":738},"56":{"loc":{"start":{"line":746,"column":10},"end":{"line":757,"column":11}},"type":"if","locations":[{"start":{"line":746,"column":10},"end":{"line":757,"column":11}},{"start":{"line":746,"column":10},"end":{"line":757,"column":11}}],"line":746},"57":{"loc":{"start":{"line":766,"column":8},"end":{"line":771,"column":9}},"type":"if","locations":[{"start":{"line":766,"column":8},"end":{"line":771,"column":9}},{"start":{"line":766,"column":8},"end":{"line":771,"column":9}}],"line":766},"58":{"loc":{"start":{"line":775,"column":12},"end":{"line":786,"column":13}},"type":"if","locations":[{"start":{"line":775,"column":12},"end":{"line":786,"column":13}},{"start":{"line":775,"column":12},"end":{"line":786,"column":13}}],"line":775},"59":{"loc":{"start":{"line":795,"column":8},"end":{"line":799,"column":9}},"type":"if","locations":[{"start":{"line":795,"column":8},"end":{"line":799,"column":9}},{"start":{"line":795,"column":8},"end":{"line":799,"column":9}}],"line":795},"60":{"loc":{"start":{"line":803,"column":8},"end":{"line":893,"column":9}},"type":"if","locations":[{"start":{"line":803,"column":8},"end":{"line":893,"column":9}},{"start":{"line":803,"column":8},"end":{"line":893,"column":9}}],"line":803},"61":{"loc":{"start":{"line":807,"column":16},"end":{"line":810,"column":17}},"type":"if","locations":[{"start":{"line":807,"column":16},"end":{"line":810,"column":17}},{"start":{"line":807,"column":16},"end":{"line":810,"column":17}}],"line":807},"62":{"loc":{"start":{"line":811,"column":16},"end":{"line":820,"column":17}},"type":"if","locations":[{"start":{"line":811,"column":16},"end":{"line":820,"column":17}},{"start":{"line":811,"column":16},"end":{"line":820,"column":17}}],"line":811},"63":{"loc":{"start":{"line":823,"column":13},"end":{"line":893,"column":9}},"type":"if","locations":[{"start":{"line":823,"column":13},"end":{"line":893,"column":9}},{"start":{"line":823,"column":13},"end":{"line":893,"column":9}}],"line":823},"64":{"loc":{"start":{"line":823,"column":16},"end":{"line":823,"column":46}},"type":"binary-expr","locations":[{"start":{"line":823,"column":16},"end":{"line":823,"column":28}},{"start":{"line":823,"column":32},"end":{"line":823,"column":46}}],"line":823},"65":{"loc":{"start":{"line":827,"column":16},"end":{"line":831,"column":17}},"type":"if","locations":[{"start":{"line":827,"column":16},"end":{"line":831,"column":17}},{"start":{"line":827,"column":16},"end":{"line":831,"column":17}}],"line":827},"66":{"loc":{"start":{"line":832,"column":16},"end":{"line":842,"column":17}},"type":"if","locations":[{"start":{"line":832,"column":16},"end":{"line":842,"column":17}},{"start":{"line":832,"column":16},"end":{"line":842,"column":17}}],"line":832},"67":{"loc":{"start":{"line":846,"column":13},"end":{"line":893,"column":9}},"type":"if","locations":[{"start":{"line":846,"column":13},"end":{"line":893,"column":9}},{"start":{"line":846,"column":13},"end":{"line":893,"column":9}}],"line":846},"68":{"loc":{"start":{"line":850,"column":16},"end":{"line":854,"column":17}},"type":"if","locations":[{"start":{"line":850,"column":16},"end":{"line":854,"column":17}},{"start":{"line":850,"column":16},"end":{"line":854,"column":17}}],"line":850},"69":{"loc":{"start":{"line":855,"column":16},"end":{"line":865,"column":17}},"type":"if","locations":[{"start":{"line":855,"column":16},"end":{"line":865,"column":17}},{"start":{"line":855,"column":16},"end":{"line":865,"column":17}}],"line":855},"70":{"loc":{"start":{"line":868,"column":13},"end":{"line":893,"column":9}},"type":"if","locations":[{"start":{"line":868,"column":13},"end":{"line":893,"column":9}},{"start":{"line":868,"column":13},"end":{"line":893,"column":9}}],"line":868},"71":{"loc":{"start":{"line":872,"column":16},"end":{"line":876,"column":17}},"type":"if","locations":[{"start":{"line":872,"column":16},"end":{"line":876,"column":17}},{"start":{"line":872,"column":16},"end":{"line":876,"column":17}}],"line":872
[...]
n":5}},"line":181},"13":{"name":"(anonymous_13)","decl":{"start":{"line":188,"column":83},"end":{"line":188,"column":84}},"loc":{"start":{"line":189,"column":8},"end":{"line":198,"column":9}},"line":189},"14":{"name":"(anonymous_14)","decl":{"start":{"line":204,"column":29},"end":{"line":204,"column":30}},"loc":{"start":{"line":205,"column":4},"end":{"line":225,"column":5}},"line":205},"15":{"name":"(anonymous_15)","decl":{"start":{"line":214,"column":82},"end":{"line":214,"column":83}},"loc":{"start":{"line":215,"column":8},"end":{"line":224,"column":9}},"line":215},"16":{"name":"(anonymous_16)","decl":{"start":{"line":230,"column":23},"end":{"line":230,"column":24}},"loc":{"start":{"line":230,"column":48},"end":{"line":403,"column":5}},"line":230},"17":{"name":"getDayCap","decl":{"start":{"line":410,"column":9},"end":{"line":410,"column":18}},"loc":{"start":{"line":410,"column":25},"end":{"line":421,"column":1}},"line":410},"18":{"name":"orderBookings","decl":{"start":{"line":426,"column":9},"end":{"line":426,"column":22}},"loc":{"start":{"line":426,"column":32},"end":{"line":465,"column":1}},"line":426},"19":{"name":"(anonymous_19)","decl":{"start":{"line":440,"column":40},"end":{"line":440,"column":41}},"loc":{"start":{"line":440,"column":50},"end":{"line":440,"column":52}},"line":440},"20":{"name":"isOverlapping","decl":{"start":{"line":470,"column":9},"end":{"line":470,"column":22}},"loc":{"start":{"line":470,"column":70},"end":{"line":495,"column":1}},"line":470},"21":{"name":"incrementDate","decl":{"start":{"line":500,"column":9},"end":{"line":500,"column":22}},"loc":{"start":{"line":500,"column":36},"end":{"line":508,"column":1}},"line":500},"22":{"name":"updateLogFile","decl":{"start":{"line":513,"column":9},"end":{"line":513,"column":22}},"loc":{"start":{"line":514,"column":0},"end":{"line":534,"column":1}},"line":514},"23":{"name":"(anonymous_23)","decl":{"start":{"line":523,"column":29},"end":{"line":523,"column":30}},"loc":{"start":{"line":524,"column":4},"end":{"line":533,"column":5}},"line":524}},"branchMap":{"0":{"loc":{"start":{"line":22,"column":8},"end":{"line":26,"column":9}},"type":"if","locations":[{"start":{"line":22,"column":8},"end":{"line":26,"column":9}},{"start":{"line":22,"column":8},"end":{"line":26,"column":9}}],"line":22},"1":{"loc":{"start":{"line":30,"column":12},"end":{"line":35,"column":13}},"type":"if","locations":[{"start":{"line":30,"column":12},"end":{"line":35,"column":13}},{"start":{"line":30,"column":12},"end":{"line":35,"column":13}}],"line":30},"2":{"loc":{"start":{"line":46,"column":8},"end":{"line":50,"column":9}},"type":"if","locations":[{"start":{"line":46,"column":8},"end":{"line":50,"column":9}},{"start":{"line":46,"column":8},"end":{"line":50,"column":9}}],"line":46},"3":{"loc":{"start":{"line":54,"column":12},"end":{"line":65,"column":13}},"type":"if","locations":[{"start":{"line":54,"column":12},"end":{"line":65,"column":13}},{"start":{"line":54,"column":12},"end":{"line":65,"column":13}}],"line":54},"4":{"loc":{"start":{"line":74,"column":8},"end":{"line":78,"column":9}},"type":"if","locations":[{"start":{"line":74,"column":8},"end":{"line":78,"column":9}},{"start":{"line":74,"column":8},"end":{"line":78,"column":9}}],"line":74},"5":{"loc":{"start":{"line":85,"column":12},"end":{"line":89,"column":13}},"type":"if","locations":[{"start":{"line":85,"column":12},"end":{"line":89,"column":13}},{"start":{"line":85,"column":12},"end":{"line":89,"column":13}}],"line":85},"6":{"loc":{"start":{"line":100,"column":8},"end":{"line":104,"column":9}},"type":"if","locations":[{"start":{"line":100,"column":8},"end":{"line":104,"column":9}},{"start":{"line":100,"column":8},"end":{"line":104,"column":9}}],"line":100},"7":{"loc":{"start":{"line":112,"column":12},"end":{"line":117,"column":13}},"type":"if","locations":[{"start":{"line":112,"column":12},"end":{"line":117,"column":13}},{"start":{"line":112,"column":12},"end":{"line":117,"column":13}}],"line":112},"8":{"loc":{"start":{"line":124,"column":12},"end":{"line":127,"column":13}},"type":"if","locations":[{"start":{"line":124,"column":12},"end":{"line":127,"column":13}},{"start":{"line":124,"column":12},"end":{"line":127,"column":13}}],"line":124},"9":{"loc":{"start":{"line":128,"column":12},"end":{"line":131,"column":13}},"type":"if","locations":[{"start":{"line":128,"column":12},"end":{"line":131,"column":13}},{"start":{"line":128,"column":12},"end":{"line":131,"column":13}}],"line":128},"10":{"loc":{"start":{"line":141,"column":8},"end":{"line":146,"column":9}},"type":"if","locations":[{"start":{"line":141,"column":8},"end":{"line":146,"column":9}},{"start":{"line":141,"column":8},"end":{"line":146,"column":9}}],"line":141},"11":{"loc":{"start":{"line":150,"column":12},"end":{"line":155,"column":13}},"type":"if","locations":[{"start":{"line":150,"column":12},"end":{"line":155,"column":13}},{"start":{"line":150,"column":12},"end":{"line":155,"column":13}}],"line":150},"12":{"loc":{"start":{"line":161,"column":16},"end":{"line":166,"column":17}},"type":"if","locations":[{"start":{"line":161,"column":16},"end":{"line":166,"column":17}},{"start":{"line":161,"column":16},"end":{"line":166,"column":17}}],"line":161},"13":{"loc":{"start":{"line":182,"column":8},"end":{"line":186,"column":9}},"type":"if","locations":[{"start":{"line":182,"column":8},"end":{"line":186,"column":9}},{"start":{"line":182,"column":8},"end":{"line":186,"column":9}}],"line":182},"14":{"loc":{"start":{"line":190,"column":12},"end":{"line":195,"column":13}},"type":"if","locations":[{"start":{"line":190,"column":12},"end":{"line":195,"column":13}},{"start":{"line":190,"column":12},"end":{"line":195,"column":13}}],"line":190},"15":{"loc":{"start":{"line":206,"column":8},"end":{"line":210,"column":9}},"type":"if","locations":[{"start":{"line":206,"column":8},"end":{"line":210,"column":9}},{"start":{"line":206,"column":8},"end":{"line":210,"column":9}}],"line":206},"16":{"loc":{"start":{"line":216,"column":12},"end":{"line":221,"column":13}},"type":"if","locations":[{"start":{"line":216,"column":12},"end":{"line":221,"column":13}},{"start":{"line":216,"column":12},"end":{"line":221,"column":13}}],"line":216},"17":{"loc":{"start":{"line":232,"column":8},"end":{"line":234,"column":9}},"type":"if","locations":[{"start":{"line":232,"column":8},"end":{"line":234,"column":9}},{"start":{"line":232,"column":8},"end":{"line":234,"column":9}}],"line":232},"18":{"loc":{"start":{"line":258,"column":16},"end":{"line":370,"column":17}},"type":"if","locations":[{"start":{"line":258,"column":16},"end":{"line":370,"column":17}},{"start":{"line":258,"column":16},"end":{"line":370,"column":17}}],"line":258},"19":{"loc":{"start":{"line":272,"column":32},"end":{"line":279,"column":33}},"type":"if","locations":[{"start":{"line":272,"column":32},"end":{"line":279,"column":33}},{"start":{"line":272,"column":32},"end":{"line":279,"column":33}}],"line":272},"20":{"loc":{"start":{"line":276,"column":37},"end":{"line":279,"column":33}},"type":"if","locations":[{"start":{"line":276,"column":37},"end":{"line":279,"column":33}},{"start":{"line":276,"column":37},"end":{"line":279,"column":33}}],"line":276},"21":{"loc":{"start":{"line":291,"column":32},"end":{"line":308,"column":37}},"type":"if","locations":[{"start":{"line":291,"column":32},"end":{"line":308,"column":37}},{"start":{"line":291,"column":32},"end":{"line":308,"column":37}}],"line":291},"22":{"loc":{"start":{"line":294,"column":40},"end":{"line":304,"column":45}},"type":"if","locations":[{"start":{"line":294,"column":40},"end":{"line":304,"column":45}},{"start":{"line":294,"column":40},"end":{"line":304,"column":45}}],"line":294},"23":{"loc":{"start":{"line":325,"column":32},"end":{"line":335,"column":33}},"type":"if","locations":[{"start":{"line":325,"column":32},"end":{"line":335,"column":33}},{"start":{"line":325,"column":32},"end":{"line":335,"column":33}}],"line":325},"24":{"loc":{"start":{"line":344,"column":24},"end":{"line":354,"column":25}},"type":"if","locations":[{"start":{"line":344,"column":24},"end":{"line":354,"column":25}},{"start":{"line":344,"column":24},"end":{"line":354,"column":25}}],"line":344},"25":{"loc":{"start":{"line":347,"column":32},"end":{"line":351,"column":33}},"type":"if","locations":[{"start":{"line":347,"column":32},"end":{"line":351,"column":33}},{"start":{"line":347,"column":32},"end":{"line":351,"column":33}}],"line":347},"26":{"loc":{"start":{"line":362,"column":20},"end":{"line":369,"column":21}},"type":"if","locations":[{"start":{"line":362,"column":20},"end":{"line":369,"column":21}},{"start":{"line":362,"column":20},"end":{"line":369,"column":21}}],"line":362},"27":{"loc":{"start":{"line":375,"column":12},"end":{"line":385,"column":13}},"type":"if","locations":[{"start":{"line":375,"column":12},"end":{"line":385,"column":13}},{"start":{"line":375,"column":12},"end":{"line":385,"column":13}}],"line":375},"28":{"loc":{"start":{"line":378,"column":16},"end":{"line":384,"column":17}},"type":"if","locations":[{"start":{"line":378,"column":16},"end":{"line":384,"column":17}},{"start":{"line":378,"column":16},"end":{"line":384,"column":17}}],"line":378},"29":{"loc":{"start":{"line":413,"column":4},"end":{"line":418,"column":5}},"type":"switch","locations":[{"start":{"line":414,"column":8},"end":{"line":414,"column":34}},{"start":{"line":415,"column":8},"end":{"line":415,"column":34}},{"start":{"line":416,"column":8},"end":{"line":416,"column":46}},{"start":{"line":417,"column":8},"end":{"line":417,"column":36}}],"line":413},"30":{"loc":{"start":{"line":427,"column":4},"end":{"line":427,"column":37}},"type":"if","locations":[{"start":{"line":427,"column":4},"end":{"line":427,"column":37}},{"start":{"line":427,"column":4},"end":{"line":427,"column":37}}],"line":427},"31":{"loc":{"start":{"line":433,"column":8},"end":{"line":434,"column":21}},"type":"if","locations":[{"start":{"line":433,"column":8},"end":{"line":434,"column":21}},{"start":{"line":433,"column":8},"end":{"line":434,"column":21}}],"line":433},"32":{"loc":{"start":{"line":452,"column":12},"end":{"line":460,"column":13}},"type":"if","locations":[{"start":{"line":452,"column":12},"end":{"line":460,"column":13}},{"start":{"line":452,"column":12},"end":{"line":460,"column":13}}],"line":452},"33":{"loc":{"start":{"line":456,"column":17},"end":{"line":460,"column":13}},"type":"if","locations":[{"start":{"line":456,"column":17},"end":{"line":460,"column":13}},{"start":{"line":456,"column":17},"end":{"line":460,"column":13}}],"line":456},"34":{"loc":{"start":{"line":477,"column":8},"end":{"line":477,"column":58}},"type":"if","locations":[{"start":{"line":477,"column":8},"end":{"line":477,"column":58}},{"start":{"line":477,"column":8},"end":{"line":477,"column":58}}],"line":477},"35":{"loc":{"start":{"line":478,"column":8},"end":{"line":478,"column":58}},"type":"if","locations":[{"start":{"line":478,"column":8},"end":{"line":478,"column":58}},{"start":{"line":478,"column":8},"end":{"line":478,"column":58}}],"line":478},"36":{"loc":{"start":{"line":479,"column":8},"end":{"line":479,"column":53}},"type":"if","locations":[{"start":{"line":479,"column":8},"end":{"line":479,"column":53}},{"start":{"line":479,"column":8},"end":{"line":479,"column":53}}],"line":479},"37":{"loc":{"start":{"line":482,"column":4},"end":{"line":485,"column":5}},"type":"if","locations":[{"start":{"line":482,"column":4},"end":{"line":485,"column":5}},{"start":{"line":482,"column":4},"end":{"line":485,"column":5}}],"line":482},"38":{"loc":{"start":{"line":488,"column":4},"end":{"line":491,"column":5}},"type":"if","locations":[{"start":{"line":488,"column":4},"end":{"line":491,"column":5}},{"start":{"line":488,"column":4},"end":{"line":491,"column":5}}],"line":488},"39":{"loc":{"start":{"line":488,"column":9},"end":{"line":488,"column":85}},"type":"binary-expr","locations":[{"start":{"line":488,"column":10},"end":{"line":488,"column":27}},{"start":{"line":488,"column":31},"end":{"line":488,"column":46}},{"start":{"line":488,"column":52},"end":{"line":488,"column":65}},{"start":{"line":488,"column":69},"end":{"line":488,"column":84}}],"line":488},"40":{"loc":{"start":{"line":502,"column":4},"end":{"line":505,"column":5}},"type":"if","locations":[{"start":{"line":502,"column":4},"end":{"line":505,"column":5}},{"start":{"line":502,"column":4},"end":{"line":505,"column":5}}],"line":502},"41":{"loc":{"start":{"line":525,"column":8},"end":{"line":532,"column":9}},"type":"if","locations":[{"start":{"line":525,"column":8},"end":{"line":532,"column":9}},{"start":{"line":525,"column":8},"end":{"line":532,"column":9}}],"line":525}},"s":{"0":1,"1":1,"2":1,"3":1,"4":1,"5":1,"6":1,"7":1,"8":1,"9":0,"10":0,"11":0,"12":0,"13":0,"14":0,"15":0,"16":0,"17":0,"18":0,"19":0,"20":0,"21":0,"22":0,"23":0,"24":0,"25":0,"26":0,"27":0,"28":0,"29":0,"30":0,"31":0,"32":0,"33":0,"34":0,"35":0,"36":0,"37":0,"38":0,"39":0,"40":0,"41":0,"42":0,"43":0,"44":0,"45":0,"46":0,"47":0,"48":0,"49":0,"50":0,"51":0,"52":0,"53":0,"54":0,"55":0,"56":0,"57":0,"58":0,"59":0,"60":0,"61":0,"62":0,"63":0,"64":0,"65":0,"66":0,"67":0,"68":0,"69":0,"70":0,"71":0,"72":0,"73":0,"74":0,"75":0,"76":0,"77":0,"78":0,"79":0,"80":0,"81":0,"82":0,"83":0,"84":0,"85":0,"86":0,"87":0,"88":0,"89":0,"90":0,"91":0,"92":0,"93":0,"94":0,"95":0,"96":0,"97":0,"98":0,"99":0,"100":0,"101":0,"102":0,"103":0,"104":0,"105":0,"106":0,"107":0,"108":0,"109":0,"110":0,"111":0,"112":0,"113":0,"114":0,"115":0,"116":0,"117":0,"118":0,"119":0,"120":0,"121":0,"122":0,"123":0,"124":0,"125":0,"126":0,"127":0,"128":0,"129":0,"130":0,"131":0,"132":0,"133":0,"134":0,"135":0,"136":0,"137":0,"138":0,"139":0,"140":0,"141":0,"142":0,"143":0,"144":0,"145":0,"146":0,"147":0,"148":0,"149":0,"150":0,"151":0,"152":0,"153":0,"154":0,"155":0,"156":0,"157":0,"158":0,"159":0,"160":0,"161":0,"162":0,"163":0,"164":0,"165":0,"166":0,"167":0,"168":0,"169":0,"170":0,"171":0,"172":0,"173":0,"174":0,"175":0,"176":0,"177":0,"178":0,"179":0,"180":0,"181":0,"182":0,"183":0,"184":0,"185":0,"186":0,"187":0,"188":0,"189":0,"190":0,"191":0,"192":0,"193":0,"194":0,"195":0,"196":0,"197":0,"198":0,"199":0,"200":0,"201":0,"202":0,"203":0,"204":0,"205":0,"206":0,"207":0,"208":0,"209":0,"210":0,"211":0,"212":0,"213":0,"214":0,"215":0,"216":0,"217":0,"218":0,"219":0,"220":0,"221":0,"222":0,"223":0,"224":0,"225":0,"226":0,"227":0,"228":0,"229":0,"230":0,"231":0},"f":{"0":0,"1":0,"2":0,"3":0,"4":0,"5":0,"6":0,"7":0,"8":0,"9":0,"10":0,"11":0,"12":0,"13":0,"14":0,"15":0,"16":0,"17":0,"18":0,"19":0,"20":0,"21":0,"22":0,"23":0},"b":{"0":[0,0],"1":[0,0],"2":[0,0],"3":[0,0],"4":[0,0],"5":[0,0],"6":[0,0],"7":[0,0],"8":[0,0],"9":[0,0],"10":[0,0],"11":[0,0],"12":[0,0],"13":[0,0],"14":[0,0],"15":[0,0],"16":[0,0],"17":[0,0],"18":[0,0],"19":[0,0],"20":[0,0],"21":[0,0],"22":[0,0],"23":[0,0],"24":[0,0],"25":[0,0],"26":[0,0],"27":[0,0],"28":[0,0],"29":[0,0,0,0],"30":[0,0],"31":[0,0],"32":[0,0],"33":[0,0],"34":[0,0],"35":[0,0],"36":[0,0],"37":[0,0],"38":[0,0],"39":[0,0,0,0],"40":[0,0],"41":[0,0]},"_coverageSchema":"1a1c01bbd47fc00a2c39e90264f33305004495a9","hash":"b2bbbea5d7de9cd00d5d233aabd69fea0d78445c","contentHash":"538559692f03b62507915cc73bf1ab991cbc2d5d3d4d3120fd8187fecca71362"},"/home/marcus/UNI/Year 3/COS 301/Capstone/Feature-Improvments/3D-model-Binary-Vision/Application/api/controller/UploadController.js":{"path":"/home/marcus/UNI/Year 3/COS 301/Capstone/Feature-Improvments/3D-model-Binary-Vision/Application/api/controller/UploadController.js","statementMap":{"0":{"start":{"line":4,"column":19},"end":{"line":4,"column":40}},"1":{"start":{"line":5,"column":24},"end":{"line":5,"column":50}},"2":{"start":{"line":6,"column":17},"end":{"line":6,"column":36}},"3":{"start":{"line":7,"column":15},"end":{"line":7,"column":32}},"4":{"start":{"line":8,"column":11},"end":{"line":8,"column":24}},"5":{"start":{"line":9,"column":13},"end":{"line":9,"column":28}},"6":{"start":{"line":10,"column":18},"end":{"line":10,"column":42}},"7":{"start":{"line":13,"column":0},"end":{"line":89,"column":1}},"8":{"start":{"line":20,"column":21},"end":{"line":20,"column":52}},"9":{"start":{"line":22,"column":8},"end":{"line":87,"column":10}},"10":{"start":{"line":24,"column":12},"end":{"line":28,"column":13}},"11":{"start":{"line":26,"column":16},"end":{"line":26,"column":33}},"12":{"start":{"line":27,"column":16},"end":{"line":27,"column":23}},"13":{"start":{"line":29,"column":27},"end":{"line":29,"column":32}},"14":{"start":{"line":31,"column":12},"end":{"line":85,"column":13}},"15":{"start":{"line":34,"column":16},"end":{"line":34,"column":50}},"16":{"start":{"line":35,"column":16},"end":{"line":35,"column":23}},"17":{"start":{"line":42,"column":24},"end":{"line":42,"column":50}},"18":{"start":{"line":43,"column":16},"end":{"line":43,"column":34}},"19":{"start":{"line":44,"column":16},"end":{"line":46,"column":17}},"20":{"start":{"line":45,"column":20},"end":{"line":45,"column":76}},"21":{"start":{"line":50,"column":27},"end":{"line":50,"column":67}},"22":{"start":{"line":53,"column":16},"end":{"line":81,"column":18}},"23":{"start":{"line":54,"column":20},"end":{"line":80,"column":21}},"24":{"start":{"line":62,"column":38},"end":{"line":62,"column":77}},"25":{"start":{"line":63,"column":41},"end":{"line":63,"column":97}},"26":{"start":{"line":65,"column":41},"end":{"line":65,"column":54}},"27":{"start":{"line":66,"column":24},"end":{"line":75,"column":27}},"28":{"start":{"line":68,"column":28},"end":{"line":74,"column":29}},"29":{"start":{"line":70,"column":32},"end":{"line":70,"column":85}},"30":{"start":{"line":73,"column":32},"end":{"line":73,"column":48}},"31":{"start":{"line":79,"column":24},"end":{"line":79,"column":44}},"32":{"start":{"line":83,"column":16},"end":{"line":83,"column":32}},"33":{"start":{"line":84,"column":16},"end":{"line":84,"column":23}}},"fnMap":{"0":{"name":"(anonymous_0)","decl":{"start":{"line":18,"column":18},"end":{"line":18,"column":19}},"loc":{"start":{"line":18,"column":36},"end":{"line":88,"column":5}},"line":18},"1":{"name":"(anonymous_1)","decl":{"start":{"line":22,"column":24},"end":{"line":22,"column":25}},"loc":{"start":{"line":23,"column":8},"end":{"line":86,"column":9}},"line":23},"2":{"name":"(anonymous_2)","decl":{"start":{"line":53,"column":31},"end":{"line":53,"column":32}},"loc":{"start":{"line":53,"column":37},"end":{"line":81,"column":17}},"line":53},"3":{"name":"(anonymous_3)","decl":{"start":{"line":66,"column":61},"end":{"line":66,"column":62}},"loc":{"start":{"line":66,"column":81},"end":{"line":75,"column":25}},"line":66}},"branchMap":{"0":{"loc":{"start":{"line":24,"column":12},"end":{"line":28,"column":13}},"type":"if","locations":[{"start":{"line":24,"column":12},"end":{"line":28,"column":13}},{"start":{"line":24,"column":12},"end":{"line":28,"column":13}}],"line":24},"1":{"loc":{"start":{"line":31,"column":12},"end":{"line":85,"column":13}},"type":"if","locations":[{"start":{"line":31,"column":12},"end":{"line":85,"column":13}},{"start":{"line":31,"column":12},"end":{"line":85,"column":13}}],"line":31},"2":{"loc":{"start":{"line":54,"column":20},"end":{"line":80,"column":21}},"type":"if","locations":[{"start":{"line":54,"column":20},"end":{"line":80,"column":21}},{"start":{"line":54,"column":20},"end":{"line":80,"column":21}}],"line":54},"3":{"loc":{"start":{"line":68,"column":28},"end":{"line":74,"column":29}},"type":"if","locations":[{"start":{"line":68,"column":28},"end":{"line":74,"column":29}},{"start":{"line":68,"column":28},"end":{"line":74,"column":29}}],"line":68}},"s":{"0":1,"1":1,"2":1,"3":1,"4":1,"5":1,"6":1,"7":1,"8":0,"9":0,"10":0,"11":0,"12":0,"13":0,"14":0,"15":0,"16":0,"17":0,"18":0,"19":0,"20":0,"21":0,"22":0,"23":0,"24":0,"25":0,"26":0,"27":0,"28":0,"29":0,"30":0,"31":0,"32":0,"33":0},"f":{"0":0,"1":0,"2":0,"3":0},"b":{"0":[0,0],"1":[0,0],"2":[0,0],"3":[0,0]},"_coverageSchema":"1a1c01bbd47fc00a2c39e90264f33305004495a9","hash":"a7fab2ba5760dad870f86e3b52fe355f47fbb21d","contentHash":"c20a7c13aef25134e8194f2af80d9d175aafb5ba0f44f54027a584eebe2817b2"}}